1	2	1	2	-3.300000     
1	2	2	6	3.200000     
1	2	1	6	3.600000     
1	2	6	7	-3.300000     
1	2	2	7	3.600000     
1	2	1	7	4.000000     
1	2	7	8	-3.300000     
1	2	6	8	0.500000     
1	2	2	8	4.000000     
1	2	1	8	4.400000     
1	2	8	11	2.800000     
1	2	7	11	3.200000     
1	2	6	11	3.600000     
1	2	2	11	4.700000     
1	2	1	11	4.800000     
2	3	2	3	-2.100000     
2	3	1	3	1.700000     
1	3	2	3	1.700000     
1	3	1	3	-5.400000     
2	3	2	4	1.700000     
2	3	1	4	3.300000     
1	3	2	4	1.100000     
1	3	1	4	-1.600000     
2	3	2	5	3.300000     
2	3	1	5	3.700000     
1	3	2	5	3.000000     
1	3	1	5	-0.000000     
2	3	11	12	-2.100000     
2	3	8	12	3.700000     
2	3	7	12	4.100000     
2	3	6	12	4.500000     
2	3	2	12	5.300000     
2	3	1	12	5.400000     
1	3	11	12	1.700000     
1	3	8	12	0.700000     
1	3	7	12	0.400000     
1	3	6	12	0.800000     
1	3	2	12	2.600000     
1	3	1	12	2.000000     
2	4	2	3	1.700000     
2	4	1	3	1.100000     
1	4	2	3	3.300000     
1	4	1	3	-1.600000     
3	4	3	4	-0.900000     
2	4	2	4	-3.000000     
2	4	1	4	0.800000     
1	4	2	4	0.800000     
1	4	1	4	-6.300000     
3	4	4	5	-0.900000     
3	4	3	5	2.900000     
2	4	2	5	0.800000     
2	4	1	5	2.300000     
1	4	2	5	0.200000     
1	4	1	5	-2.500000     
3	4	5	12	5.400000     
3	4	4	12	5.590000     
3	4	3	12	5.700000     
2	4	11	12	1.700000     
2	4	8	12	2.300000     
2	4	7	12	1.800000     
2	4	6	12	2.500000     
2	4	2	12	3.600000     
2	4	1	12	4.100000     
1	4	11	12	3.300000     
1	4	8	12	1.900000     
1	4	7	12	-1.000000     
1	4	6	12	-1.500000     
1	4	2	12	5.200000     
1	4	1	12	0.300000     
2	5	2	3	3.300000     
2	5	1	3	2.500000     
1	5	2	3	3.700000     
1	5	1	3	-0.000000     
4	5	3	4	-0.900000     
3	5	3	4	2.900000     
2	5	2	4	0.800000     
2	5	1	4	0.200000     
1	5	2	4	2.400000     
1	5	1	4	-2.500000     
4	5	4	5	-0.900000     
4	5	3	5	2.900000     
3	5	4	5	2.900000     
3	5	3	5	-1.800000     
2	5	2	5	-3.900000     
2	5	1	5	-0.100000     
1	5	2	5	-0.100000     
1	5	1	5	-7.200000     
4	5	5	12	5.400000     
4	5	4	12	5.590000     
4	5	3	12	5.700000     
3	5	5	12	3.900000     
3	5	4	12	4.500000     
3	5	3	12	4.690000     
2	5	11	12	3.300000     
2	5	8	12	1.900000     
2	5	7	12	1.500000     
2	5	6	12	2.200000     
2	5	2	12	2.590000     
2	5	1	12	4.200000     
1	5	11	12	3.700000     
1	5	8	12	1.600000     
1	5	7	12	-1.400000     
1	5	6	12	-1.800000     
1	5	2	12	5.100000     
1	5	1	12	-0.710000     
2	6	1	2	3.200000     
1	6	1	2	3.600000     
5	6	5	6	-2.200000     
5	6	4	6	1.600000     
5	6	3	6	3.300000     
4	6	5	6	1.600000     
4	6	4	6	-3.100000     
4	6	3	6	0.700000     
3	6	5	6	3.300000     
3	6	4	6	0.700000     
3	6	3	6	-4.000000     
2	6	2	6	-6.100000     
2	6	1	6	-2.300000     
1	6	2	6	-2.300000     
1	6	1	6	-9.400000     
5	6	5	7	1.600000     
5	6	4	7	3.300000     
5	6	3	7	3.700000     
4	6	5	7	1.100000     
4	6	4	7	0.700000     
4	6	3	7	2.300000     
3	6	5	7	2.500000     
3	6	4	7	0.200000     
3	6	3	7	-0.200000     
2	6	6	7	3.200000     
2	6	2	7	-2.300000     
2	6	1	7	1.100000     
1	6	6	7	3.600000     
1	6	2	7	1.200000     
1	6	1	7	-5.600000     
5	6	5	8	3.300000     
5	6	4	8	3.700000     
5	6	3	8	4.100000     
4	6	5	8	1.200000     
4	6	4	8	2.300000     
4	6	3	8	2.800000     
3	6	5	8	-1.100000     
3	6	4	8	0.300000     
3	6	3	8	1.400000     
2	6	7	8	3.200000     
2	6	6	8	0.500000     
2	6	2	8	-0.700000     
2	6	1	8	1.700000     
1	6	7	8	3.600000     
1	6	6	8	-0.100000     
1	6	2	8	1.400000     
1	6	1	8	-4.000000     
5	6	5	11	4.500000     
5	6	4	11	4.900000     
5	6	3	11	5.090000     
4	6	5	11	3.600000     
4	6	4	11	3.600000     
4	6	3	11	4.000000     
3	6	5	11	3.300000     
3	6	4	11	2.700000     
3	6	3	11	2.700000     
2	6	8	11	2.300000     
2	6	7	11	0.900000     
2	6	6	11	1.600000     
2	6	2	11	0.600000     
2	6	1	11	4.400000     
1	6	8	11	3.000000     
1	6	7	11	-1.000000     
1	6	6	11	-2.400000     
1	6	2	11	3.800000     
1	6	1	11	-2.700000     
6	7	1	2	-3.300000     
2	7	1	2	3.600000     
1	7	1	2	4.000000     
6	7	2	6	3.200000     
6	7	1	6	3.600000     
5	7	5	6	1.600000     
5	7	4	6	1.100000     
5	7	3	6	3.000000     
4	7	5	6	3.300000     
4	7	4	6	0.700000     
4	7	3	6	0.200000     
3	7	5	6	3.700000     
3	7	4	6	2.400000     
3	7	3	6	-0.200000     
2	7	2	6	-2.300000     
2	7	1	6	1.200000     
1	7	2	6	1.500000     
1	7	1	6	-5.600000     
6	7	6	7	-3.300000     
6	7	2	7	3.600000     
6	7	1	7	4.000000     
5	7	5	7	-5.500000     
5	7	4	7	-1.700000     
5	7	3	7	-0.000000     
4	7	5	7	-1.700000     
4	7	4	7	-6.400000     
4	7	3	7	-2.600000     
3	7	5	7	-0.000000     
3	7	4	7	-2.600000     
3	7	3	7	-7.300000     
2	7	6	7	3.600000     
2	7	2	7	-9.400000     
2	7	1	7	-5.600000     
1	7	6	7	4.000000     
1	7	2	7	-5.600000     
1	7	1	7	-12.700000     
6	7	7	8	-3.300000     
6	7	6	8	0.500000     
6	7	2	8	4.000000     
6	7	1	8	4.400000     
5	7	5	8	-1.700000     
5	7	4	8	-0.000000     
5	7	3	8	0.400000     
4	7	5	8	-2.200000     
4	7	4	8	-2.600000     
4	7	3	8	-1.000000     
3	7	5	8	-0.800000     
3	7	4	8	-3.100000     
3	7	3	8	-3.500000     
2	7	7	8	3.600000     
2	7	6	8	-0.100000     
2	7	2	8	-5.600000     
2	7	1	8	-2.200000     
1	7	7	8	4.000000     
1	7	6	8	0.300000     
1	7	2	8	-2.100000     
1	7	1	8	-8.900000     
6	7	8	11	2.800000     
6	7	7	11	3.200000     
6	7	6	11	3.600000     
6	7	2	11	4.700000     
6	7	1	11	4.800000     
5	7	5	11	1.400000     
5	7	4	11	5.200000     
5	7	3	11	6.000000     
4	7	5	11	3.300000     
4	7	4	11	0.500000     
4	7	3	11	4.300000     
3	7	5	11	1.700000     
3	7	4	11	2.400000     
3	7	3	11	-0.400000     
2	7	8	11	3.000000     
2	7	7	11	1.600000     
2	7	6	11	1.200000     
2	7	2	11	-2.500000     
2	7	1	11	1.300000     
1	7	8	11	3.700000     
1	7	7	11	-0.300000     
1	7	6	11	-1.700000     
1	7	2	11	1.300000     
1	7	1	11	-5.800000     
7	8	1	2	-3.300000     
6	8	1	2	0.500000     
2	8	1	2	4.000000     
1	8	1	2	4.400000     
7	8	2	6	3.200000     
7	8	1	6	3.600000     
6	8	2	6	2.700000     
6	8	1	6	-0.100000     
5	8	5	6	3.300000     
5	8	4	6	3.000000     
5	8	3	6	0.600000     
4	8	5	6	3.700000     
4	8	4	6	2.400000     
4	8	3	6	2.100000     
3	8	5	6	4.100000     
3	8	4	6	2.800000     
3	8	3	6	1.500000     
2	8	2	6	-0.600000     
2	8	1	6	1.800000     
1	8	2	6	3.200000     
1	8	1	6	-3.900000     
7	8	6	7	-3.300000     
7	8	2	7	3.600000     
7	8	1	7	4.000000     
6	8	6	7	0.500000     
6	8	2	7	-0.100000     
6	8	1	7	0.300000     
5	8	5	7	-1.700000     
5	8	4	7	-2.200000     
5	8	3	7	-0.300000     
4	8	5	7	-0.000000     
4	8	4	7	-2.600000     
4	8	3	7	-3.100000     
3	8	5	7	0.400000     
3	8	4	7	-0.900000     
3	8	3	7	-3.500000     
2	8	6	7	4.000000     
2	8	2	7	-5.600000     
2	8	1	7	-2.100000     
1	8	6	7	4.400000     
1	8	2	7	-1.800000     
1	8	1	7	-8.900000     
7	8	7	8	-3.300000     
7	8	6	8	0.500000     
7	8	2	8	4.000000     
7	8	1	8	4.400000     
6	8	7	8	0.500000     
6	8	6	8	-6.600000     
6	8	2	8	0.300000     
6	8	1	8	0.700000     
5	8	5	8	-8.800000     
5	8	4	8	-5.000000     
5	8	3	8	-3.300000     
4	8	5	8	-5.000000     
4	8	4	8	-9.700000     
4	8	3	8	-5.900000     
3	8	5	8	-3.300000     
3	8	4	8	-5.900000     
3	8	3	8	-10.600000     
2	8	7	8	4.000000     
2	8	6	8	0.300000     
2	8	2	8	-12.700000     
2	8	1	8	-8.900000     
1	8	7	8	4.400000     
1	8	6	8	0.700000     
1	8	2	8	-8.900000     
1	8	1	8	-16.000000     
7	8	8	11	2.800000     
7	8	7	11	3.200000     
7	8	6	11	3.600000     
7	8	2	11	4.700000     
7	8	1	11	4.800000     
6	8	8	11	2.200000     
6	8	7	11	-0.500000     
6	8	6	11	-0.100000     
6	8	2	11	5.400000     
6	8	1	11	1.400000     
5	8	5	11	-2.300000     
5	8	4	11	1.500000     
5	8	3	11	3.200000     
4	8	5	11	0.600000     
4	8	4	11	-3.200000     
4	8	3	11	0.600000     
3	8	5	11	1.100000     
3	8	4	11	-0.300000     
3	8	3	11	-4.100000     
2	8	8	11	3.700000     
2	8	7	11	2.200000     
2	8	6	11	1.800000     
2	8	2	11	-6.200000     
2	8	1	11	-2.400000     
1	8	8	11	4.300000     
1	8	7	11	0.400000     
1	8	6	11	-1.100000     
1	8	2	11	-2.400000     
1	8	1	11	-9.500000     
8	9	8	9	-2.400000     
8	9	7	9	1.400000     
8	9	6	9	2.800000     
8	9	2	9	4.400000     
8	9	1	9	4.590000     
7	9	8	9	1.400000     
7	9	7	9	-5.700000     
7	9	6	9	-1.900000     
7	9	2	9	1.600000     
7	9	1	9	1.100000     
6	9	8	9	2.800000     
6	9	7	9	-1.900000     
6	9	6	9	-9.000000     
6	9	2	9	-2.100000     
6	9	1	9	-1.700000     
5	9	5	9	-11.200000     
5	9	4	9	-7.400000     
5	9	3	9	-5.700000     
4	9	5	9	-7.400000     
4	9	4	9	-12.100000     
4	9	3	9	-8.300000     
3	9	5	9	-5.700000     
3	9	4	9	-8.300000     
3	9	3	9	-13.000000     
2	9	8	9	4.400000     
2	9	7	9	1.600000     
2	9	6	9	-2.100000     
2	9	2	9	-15.100000     
2	9	1	9	-11.300000     
1	9	8	9	4.590000     
1	9	7	9	1.100000     
1	9	6	9	-1.700000     
1	9	2	9	-11.300000     
1	9	1	9	-18.400000     
9	10	9	10	-2.200000     
8	10	8	10	-4.600000     
8	10	7	10	-0.800000     
8	10	6	10	0.600000     
8	10	2	10	2.200000     
8	10	1	10	2.390000     
7	10	8	10	-0.800000     
7	10	7	10	-7.900000     
7	10	6	10	-4.100000     
7	10	2	10	-0.600000     
7	10	1	10	-1.100000     
6	10	8	10	0.600000     
6	10	7	10	-4.100000     
6	10	6	10	-11.200000     
6	10	2	10	-4.300000     
6	10	1	10	-3.900000     
5	10	5	10	-13.400000     
5	10	4	10	-9.600000     
5	10	3	10	-7.900000     
4	10	5	10	-9.600000     
4	10	4	10	-14.300000     
4	10	3	10	-10.500000     
3	10	5	10	-7.900000     
3	10	4	10	-10.500000     
3	10	3	10	-15.200000     
2	10	8	10	2.200000     
2	10	7	10	-0.600000     
2	10	6	10	-4.300000     
2	10	2	10	-17.300000     
2	10	1	10	-13.500000     
1	10	8	10	2.390000     
1	10	7	10	-1.100000     
1	10	6	10	-3.900000     
1	10	2	10	-13.500000     
1	10	1	10	-20.600000     
8	11	1	2	2.800000     
7	11	1	2	3.200000     
6	11	1	2	3.600000     
2	11	1	2	4.700000     
1	11	1	2	4.800000     
8	11	2	6	1.600000     
8	11	1	6	2.300000     
7	11	2	6	1.300000     
7	11	1	6	-1.700000     
6	11	2	6	2.000000     
6	11	1	6	-2.000000     
5	11	5	6	4.500000     
5	11	4	6	4.000000     
5	11	3	6	3.700000     
4	11	5	6	4.900000     
4	11	4	6	3.600000     
4	11	3	6	3.100000     
3	11	5	6	5.090000     
3	11	4	6	4.000000     
3	11	3	6	2.700000     
2	11	2	6	0.600000     
2	11	1	6	2.900000     
1	11	2	6	4.400000     
1	11	1	6	-2.700000     
8	11	6	7	2.800000     
8	11	2	7	3.000000     
8	11	1	7	3.700000     
7	11	6	7	3.200000     
7	11	2	7	2.700000     
7	11	1	7	-0.300000     
6	11	6	7	3.600000     
6	11	2	7	2.300000     
6	11	1	7	-0.600000     
5	11	5	7	1.400000     
5	11	4	7	4.300000     
5	11	3	7	3.400000     
4	11	5	7	4.300000     
4	11	4	7	0.500000     
4	11	3	7	3.400000     
3	11	5	7	4.900000     
3	11	4	7	3.400000     
3	11	3	7	-0.400000     
2	11	6	7	4.700000     
2	11	2	7	-2.500000     
2	11	1	7	1.300000     
1	11	6	7	4.800000     
1	11	2	7	1.300000     
1	11	1	7	-5.800000     
8	11	7	8	2.800000     
8	11	6	8	4.000000     
8	11	2	8	3.700000     
8	11	1	8	4.300000     
7	11	7	8	3.200000     
7	11	6	8	-0.500000     
7	11	2	8	3.300000     
7	11	1	8	0.400000     
6	11	7	8	3.600000     
6	11	6	8	-0.100000     
6	11	2	8	2.700000     
6	11	1	8	0.000000     
5	11	5	8	-2.300000     
5	11	4	8	0.600000     
5	11	3	8	2.500000     
4	11	5	8	1.500000     
4	11	4	8	-3.200000     
4	11	3	8	-0.300000     
3	11	5	8	3.200000     
3	11	4	8	0.600000     
3	11	3	8	-4.100000     
2	11	7	8	4.700000     
2	11	6	8	4.300000     
2	11	2	8	-6.200000     
2	11	1	8	-2.400000     
1	11	7	8	4.800000     
1	11	6	8	1.400000     
1	11	2	8	-2.400000     
1	11	1	8	-9.500000     
10	11	10	11	-2.400000     
9	11	9	11	-4.600000     
8	11	8	11	-7.000000     
8	11	7	11	-3.200000     
8	11	6	11	-1.800000     
8	11	2	11	-0.200000     
8	11	1	11	-0.010000     
7	11	8	11	-3.200000     
7	11	7	11	-10.300000     
7	11	6	11	-6.500000     
7	11	2	11	-3.000000     
7	11	1	11	-3.500000     
6	11	8	11	-1.800000     
6	11	7	11	-6.500000     
6	11	6	11	-13.600000     
6	11	2	11	-6.700000     
6	11	1	11	-6.300000     
5	11	5	11	-15.800000     
5	11	4	11	-12.000000     
5	11	3	11	-10.300000     
4	11	5	11	-12.000000     
4	11	4	11	-16.700000     
4	11	3	11	-12.900000     
3	11	5	11	-10.300000     
3	11	4	11	-12.900000     
3	11	3	11	-17.600000     
2	11	8	11	-0.200000     
2	11	7	11	-3.000000     
2	11	6	11	-6.700000     
2	11	2	11	-19.700000     
2	11	1	11	-15.900000     
1	11	8	11	-0.010000     
1	11	7	11	-3.500000     
1	11	6	11	-6.300000     
1	11	2	11	-15.900000     
1	11	1	11	-23.000000     
11	12	2	3	-2.100000     
11	12	1	3	1.700000     
8	12	2	3	3.700000     
8	12	1	3	0.700000     
7	12	2	3	4.100000     
7	12	1	3	0.400000     
6	12	2	3	4.500000     
6	12	1	3	0.800000     
2	12	2	3	5.300000     
2	12	1	3	2.600000     
1	12	2	3	5.400000     
1	12	1	3	2.000000     
11	12	2	4	1.700000     
11	12	1	4	3.300000     
8	12	2	4	3.400000     
8	12	1	4	3.000000     
7	12	2	4	4.000000     
7	12	1	4	0.100000     
6	12	2	4	4.700000     
6	12	1	4	0.700000     
5	12	3	4	5.400000     
4	12	3	4	5.590000     
3	12	3	4	5.700000     
2	12	2	4	3.600000     
2	12	1	4	5.200000     
1	12	2	4	6.300000     
1	12	1	4	0.300000     
11	12	2	5	3.300000     
11	12	1	5	3.700000     
8	12	2	5	3.000000     
8	12	1	5	2.700000     
7	12	2	5	3.700000     
7	12	1	5	-0.300000     
6	12	2	5	4.400000     
6	12	1	5	0.400000     
5	12	4	5	5.400000     
5	12	3	5	6.100000     
4	12	4	5	5.590000     
4	12	3	5	4.500000     
3	12	4	5	5.700000     
3	12	3	5	4.690000     
2	12	2	5	2.590000     
2	12	1	5	5.300000     
1	12	2	5	6.390000     
1	12	1	5	-0.710000     
11	12	11	12	-2.100000     
11	12	8	12	3.700000     
11	12	7	12	4.100000     
11	12	6	12	4.500000     
11	12	2	12	5.300000     
11	12	1	12	5.400000     
10	12	10	12	-4.500000     
9	12	9	12	-6.700000     
8	12	11	12	3.700000     
8	12	8	12	-9.100000     
8	12	7	12	-5.300000     
8	12	6	12	-3.900000     
8	12	2	12	-2.300000     
8	12	1	12	-2.110000     
7	12	11	12	4.100000     
7	12	8	12	-5.300000     
7	12	7	12	-12.400000     
7	12	6	12	-8.600000     
7	12	2	12	-5.100000     
7	12	1	12	-5.600000     
6	12	11	12	4.500000     
6	12	8	12	-3.900000     
6	12	7	12	-8.600000     
6	12	6	12	-15.700000     
6	12	2	12	-8.800000     
6	12	1	12	-8.400000     
5	12	5	12	-17.900000     
5	12	4	12	-14.100000     
5	12	3	12	-12.400000     
4	12	5	12	-14.100000     
4	12	4	12	-18.800000     
4	12	3	12	-15.000000     
3	12	5	12	-12.400000     
3	12	4	12	-15.000000     
3	12	3	12	-19.700000     
2	12	11	12	5.300000     
2	12	8	12	-2.300000     
2	12	7	12	-5.100000     
2	12	6	12	-8.800000     
2	12	2	12	-21.800000     
2	12	1	12	-18.000000     
1	12	11	12	5.400000     
1	12	8	12	-2.110000     
1	12	7	12	-5.600000     
1	12	6	12	-8.400000     
1	12	2	12	-18.000000     
1	12	1	12	-25.100000     
11	13	2	3	1.700000     
11	13	1	3	1.100000     
8	13	2	3	4.100000     
8	13	1	3	2.900000     
7	13	2	3	4.500000     
7	13	1	3	0.800000     
6	13	2	3	4.900000     
6	13	1	3	1.200000     
2	13	2	3	5.400000     
2	13	1	3	4.100000     
1	13	2	3	5.500000     
1	13	1	3	2.100000     
12	13	3	4	-0.900000     
11	13	2	4	-3.000000     
11	13	1	4	0.800000     
8	13	2	4	2.800000     
8	13	1	4	-0.200000     
7	13	2	4	3.200000     
7	13	1	4	-0.500000     
6	13	2	4	3.600000     
6	13	1	4	-0.100000     
5	13	3	4	5.590000     
4	13	3	4	5.700000     
3	13	3	4	5.800000     
2	13	2	4	3.700000     
2	13	1	4	1.700000     
1	13	2	4	4.500000     
1	13	1	4	0.400000     
12	13	4	5	-0.900000     
12	13	3	5	2.900000     
11	13	2	5	0.800000     
11	13	1	5	2.300000     
8	13	2	5	2.500000     
8	13	1	5	2.100000     
7	13	2	5	3.100000     
7	13	1	5	-0.800000     
6	13	2	5	3.800000     
6	13	1	5	-0.200000     
5	13	4	5	5.590000     
5	13	3	5	4.500000     
4	13	4	5	5.700000     
4	13	3	5	4.690000     
3	13	4	5	5.800000     
3	13	3	5	4.800000     
2	13	2	5	2.700000     
2	13	1	5	4.300000     
1	13	2	5	5.400000     
1	13	1	5	-0.600000     
12	13	5	12	5.400000     
12	13	4	12	5.590000     
12	13	3	12	5.700000     
11	13	11	12	1.700000     
11	13	8	12	2.300000     
11	13	7	12	1.800000     
11	13	6	12	2.500000     
11	13	2	12	3.600000     
11	13	1	12	4.100000     
10	13	10	12	-0.700000     
9	13	9	12	-2.900000     
8	13	11	12	4.100000     
8	13	8	12	-5.300000     
8	13	7	12	-1.500000     
8	13	6	12	-0.100000     
8	13	2	12	1.500000     
8	13	1	12	1.690000     
7	13	11	12	4.500000     
7	13	8	12	-1.500000     
7	13	7	12	-8.600000     
7	13	6	12	-4.800000     
7	13	2	12	-1.300000     
7	13	1	12	-1.800000     
6	13	11	12	4.900000     
6	13	8	12	-0.100000     
6	13	7	12	-4.800000     
6	13	6	12	-11.900000     
6	13	2	12	-5.000000     
6	13	1	12	-4.600000     
5	13	5	12	-14.100000     
5	13	4	12	-10.300000     
5	13	3	12	-8.600000     
4	13	5	12	-10.300000     
4	13	4	12	-15.000000     
4	13	3	12	-11.200000     
3	13	5	12	-8.600000     
3	13	4	12	-11.200000     
3	13	3	12	-15.900000     
2	13	11	12	5.400000     
2	13	8	12	1.500000     
2	13	7	12	-1.300000     
2	13	6	12	-5.000000     
2	13	2	12	-18.000000     
2	13	1	12	-14.200000     
1	13	11	12	5.500000     
1	13	8	12	1.690000     
1	13	7	12	-1.800000     
1	13	6	12	-4.600000     
1	13	2	12	-14.200000     
1	13	1	12	-21.300000     
13	14	5	10	4.600000     
13	14	4	10	5.000000     
13	14	3	10	5.400000     
12	14	5	10	3.600000     
12	14	4	10	3.700000     
12	14	3	10	4.100000     
11	14	8	10	3.100000     
11	14	7	10	0.800000     
11	14	6	10	1.900000     
11	14	2	10	2.000000     
11	14	1	10	5.100000     
9	14	9	10	4.100000     
8	14	8	10	1.700000     
8	14	7	10	4.400000     
8	14	6	10	3.600000     
8	14	2	10	3.500000     
8	14	1	10	4.200000     
7	14	8	10	5.400000     
7	14	7	10	-1.600000     
7	14	6	10	1.100000     
7	14	2	10	3.200000     
7	14	1	10	0.200000     
6	14	8	10	6.000000     
6	14	7	10	2.100000     
6	14	6	10	-4.900000     
6	14	2	10	2.000000     
6	14	1	10	-0.100000     
5	14	5	10	-7.100000     
5	14	4	10	-3.300000     
5	14	3	10	-1.600000     
4	14	5	10	-3.300000     
4	14	4	10	-8.000000     
4	14	3	10	-4.200000     
3	14	5	10	-1.600000     
3	14	4	10	-4.200000     
3	14	3	10	-8.900000     
2	14	8	10	6.400000     
2	14	7	10	5.380000     
2	14	6	10	2.000000     
2	14	2	10	-11.000000     
2	14	1	10	-7.200000     
1	14	8	10	6.480000     
1	14	7	10	3.100000     
1	14	6	10	2.080000     
1	14	2	10	-7.200000     
1	14	1	10	-14.300000     
11	15	1	2	3.200000     
8	15	1	2	4.400000     
7	15	1	2	4.590000     
6	15	1	2	4.700000     
2	15	1	2	5.100000     
1	15	1	2	5.190000     
13	15	5	6	1.600000     
13	15	4	6	1.000000     
13	15	3	6	2.000000     
12	15	5	6	3.300000     
12	15	4	6	0.700000     
12	15	3	6	0.100000     
11	15	2	6	-2.000000     
11	15	1	6	0.900000     
8	15	2	6	3.200000     
8	15	1	6	0.800000     
7	15	2	6	3.800000     
7	15	1	6	-0.100000     
6	15	2	6	4.400000     
6	15	1	6	0.500000     
5	15	5	6	5.300000     
5	15	4	6	5.500000     
5	15	3	6	5.600000     
4	15	5	6	5.400000     
4	15	4	6	4.400000     
4	15	3	6	4.600000     
3	15	5	6	5.500000     
3	15	4	6	4.500000     
3	15	3	6	3.500000     
2	15	2	6	1.400000     
2	15	1	6	2.700000     
1	15	2	6	5.200000     
1	15	1	6	-1.900000     
13	15	5	7	1.100000     
13	15	4	7	4.800000     
13	15	3	7	2.700000     
12	15	5	7	4.800000     
12	15	4	7	0.200000     
12	15	3	7	3.000000     
11	15	6	7	3.200000     
11	15	2	7	0.900000     
11	15	1	7	2.200000     
8	15	6	7	4.400000     
8	15	2	7	3.500000     
8	15	1	7	3.100000     
7	15	6	7	4.590000     
7	15	2	7	4.100000     
7	15	1	7	0.200000     
6	15	6	7	4.700000     
6	15	2	7	4.700000     
6	15	1	7	0.800000     
5	15	5	7	2.500000     
5	15	4	7	5.690000     
5	15	3	7	5.000000     
4	15	5	7	5.200000     
4	15	4	7	1.600000     
4	15	3	7	4.790000     
3	15	5	7	5.300000     
3	15	4	7	4.300000     
3	15	3	7	0.700000     
2	15	6	7	5.100000     
2	15	2	7	-1.400000     
2	15	1	7	2.400000     
1	15	6	7	5.190000     
1	15	2	7	2.400000     
1	15	1	7	-4.700000     
13	15	5	8	4.800000     
13	15	4	8	2.700000     
13	15	3	8	3.300000     
12	15	5	8	-0.100000     
12	15	4	8	3.000000     
12	15	3	8	1.800000     
11	15	7	8	3.200000     
11	15	6	8	1.600000     
11	15	2	8	-0.300000     
11	15	1	8	2.800000     
8	15	7	8	4.400000     
8	15	6	8	4.700000     
8	15	2	8	2.900000     
8	15	1	8	2.500000     
7	15	7	8	4.590000     
7	15	6	8	1.100000     
7	15	2	8	2.900000     
7	15	1	8	-0.400000     
6	15	7	8	4.700000     
6	15	6	8	1.290000     
6	15	2	8	3.600000     
6	15	1	8	-0.400000     
5	15	5	8	-0.910000     
5	15	4	8	2.200000     
5	15	3	8	4.100000     
4	15	5	8	2.890000     
4	15	4	8	-1.810000     
4	15	3	8	1.300000     
3	15	5	8	4.590000     
3	15	4	8	1.990000     
3	15	3	8	-2.710000     
2	15	7	8	5.100000     
2	15	6	8	4.680000     
2	15	2	8	-4.810000     
2	15	1	8	-1.010000     
1	15	7	8	5.190000     
1	15	6	8	1.800000     
1	15	2	8	-1.010000     
1	15	1	8	-8.110000     
14	15	10	11	-2.400000     
13	15	5	11	2.200000     
13	15	4	11	2.600000     
13	15	3	11	3.000000     
12	15	5	11	1.200000     
12	15	4	11	1.300000     
12	15	3	11	1.700000     
11	15	8	11	0.700000     
11	15	7	11	-1.600000     
11	15	6	11	-0.500000     
11	15	2	11	-0.400000     
11	15	1	11	2.700000     
10	15	10	11	4.100000     
9	15	9	11	1.700000     
8	15	8	11	-0.700000     
8	15	7	11	2.000000     
8	15	6	11	1.200000     
8	15	2	11	1.100000     
8	15	1	11	1.800000     
7	15	8	11	3.000000     
7	15	7	11	-4.000000     
7	15	6	11	-1.300000     
7	15	2	11	0.800000     
7	15	1	11	-2.200000     
6	15	8	11	3.600000     
6	15	7	11	-0.300000     
6	15	6	11	-7.300000     
6	15	2	11	-0.400000     
6	15	1	11	-2.500000     
5	15	5	11	-9.500000     
5	15	4	11	-5.700000     
5	15	3	11	-4.000000     
4	15	5	11	-5.700000     
4	15	4	11	-10.400000     
4	15	3	11	-6.600000     
3	15	5	11	-4.000000     
3	15	4	11	-6.600000     
3	15	3	11	-11.300000     
2	15	8	11	4.000000     
2	15	7	11	2.980000     
2	15	6	11	-0.400000     
2	15	2	11	-13.400000     
2	15	1	11	-9.600000     
1	15	8	11	4.080000     
1	15	7	11	0.700000     
1	15	6	11	-0.320000     
1	15	2	11	-9.600000     
1	15	1	11	-16.700000     
15	16	2	3	-2.100000     
15	16	1	3	1.700000     
11	16	2	3	4.100000     
11	16	1	3	1.100000     
8	16	2	3	5.090000     
8	16	1	3	2.300000     
7	16	2	3	5.200000     
7	16	1	3	1.790000     
6	16	2	3	5.300000     
6	16	1	3	1.900000     
2	16	2	3	5.690000     
2	16	1	3	3.000000     
1	16	2	3	5.770000     
1	16	1	3	2.390000     
15	16	2	4	1.700000     
15	16	1	4	3.300000     
13	16	3	4	3.800000     
12	16	3	4	4.200000     
11	16	2	4	2.100000     
11	16	1	4	2.600000     
8	16	2	4	6.000000     
8	16	1	4	4.900000     
7	16	2	4	6.100000     
7	16	1	4	2.700000     
6	16	2	4	6.200000     
6	16	1	4	2.800000     
5	16	3	4	5.900000     
4	16	3	4	6.000000     
3	16	3	4	6.100000     
2	16	2	4	4.000000     
2	16	1	4	5.540000     
1	16	2	4	6.640000     
1	16	1	4	0.700000     
15	16	2	5	3.300000     
15	16	1	5	3.700000     
13	16	4	5	3.800000     
13	16	3	5	3.200000     
12	16	4	5	4.200000     
12	16	3	5	2.900000     
11	16	2	5	0.800000     
11	16	1	5	2.300000     
8	16	2	5	5.600000     
8	16	1	5	3.600000     
7	16	2	5	6.200000     
7	16	1	5	2.300000     
6	16	2	5	6.300000     
6	16	1	5	2.900000     
5	16	4	5	5.900000     
5	16	3	5	7.000000     
4	16	4	5	6.000000     
4	16	3	5	5.000000     
3	16	4	5	6.100000     
3	16	3	5	5.100000     
2	16	2	5	3.000000     
2	16	1	5	5.500000     
1	16	2	5	6.710000     
1	16	1	5	-0.300000     
15	16	11	12	-2.100000     
15	16	8	12	3.700000     
15	16	7	12	4.100000     
15	16	6	12	4.500000     
15	16	2	12	5.300000     
15	16	1	12	5.400000     
14	16	10	12	-4.500000     
13	16	5	12	0.100000     
13	16	4	12	0.500000     
13	16	3	12	0.900000     
12	16	5	12	-0.900000     
12	16	4	12	-0.800000     
12	16	3	12	-0.400000     
11	16	11	12	4.100000     
11	16	8	12	-1.400000     
11	16	7	12	-3.700000     
11	16	6	12	-2.600000     
11	16	2	12	-2.500000     
11	16	1	12	0.600000     
10	16	10	12	1.700000     
9	16	9	12	-0.500000     
8	16	11	12	5.090000     
8	16	8	12	-2.900000     
8	16	7	12	-0.100000     
8	16	6	12	-0.900000     
8	16	2	12	-1.000000     
8	16	1	12	-0.300000     
7	16	11	12	5.200000     
7	16	8	12	0.900000     
7	16	7	12	-6.200000     
7	16	6	12	-3.400000     
7	16	2	12	-1.300000     
7	16	1	12	-4.300000     
6	16	11	12	5.300000     
6	16	8	12	1.500000     
6	16	7	12	-2.400000     
6	16	6	12	-9.500000     
6	16	2	12	-2.600000     
6	16	1	12	-4.600000     
5	16	5	12	-11.700000     
5	16	4	12	-7.900000     
5	16	3	12	-6.200000     
4	16	5	12	-7.900000     
4	16	4	12	-12.600000     
4	16	3	12	-8.800000     
3	16	5	12	-6.200000     
3	16	4	12	-8.800000     
3	16	3	12	-13.500000     
2	16	11	12	5.690000     
2	16	8	12	1.900000     
2	16	7	12	0.880000     
2	16	6	12	-2.600000     
2	16	2	12	-15.600000     
2	16	1	12	-11.800000     
1	16	11	12	5.770000     
1	16	8	12	1.980000     
1	16	7	12	-1.400000     
1	16	6	12	-2.420000     
1	16	2	12	-11.800000     
1	16	1	12	-18.900000     
15	17	2	3	1.700000     
15	17	1	3	1.100000     
11	17	2	3	4.500000     
11	17	1	3	2.500000     
8	17	2	3	5.200000     
8	17	1	3	5.000000     
7	17	2	3	5.300000     
7	17	1	3	1.900000     
6	17	2	3	5.400000     
6	17	1	3	2.000000     
2	17	2	3	5.770000     
2	17	1	3	4.440000     
1	17	2	3	5.840000     
1	17	1	3	2.470000     
16	17	3	4	-0.900000     
15	17	2	4	-3.000000     
15	17	1	4	0.800000     
13	17	3	4	4.200000     
12	17	3	4	4.600000     
11	17	2	4	2.500000     
11	17	1	4	0.200000     
8	17	2	4	4.190000     
8	17	1	4	1.400000     
7	17	2	4	4.300000     
7	17	1	4	0.890000     
6	17	2	4	4.400000     
6	17	1	4	1.000000     
5	17	3	4	6.000000     
4	17	3	4	6.100000     
3	17	3	4	6.190000     
2	17	2	4	4.090000     
2	17	1	4	2.100000     
1	17	2	4	4.870000     
1	17	1	4	0.790000     
16	17	4	5	-0.900000     
16	17	3	5	2.900000     
15	17	2	5	0.800000     
15	17	1	5	2.300000     
13	17	4	5	4.200000     
13	17	3	5	2.900000     
12	17	4	5	4.600000     
12	17	3	5	3.300000     
11	17	2	5	1.200000     
11	17	1	5	1.700000     
8	17	2	5	5.100000     
8	17	1	5	4.000000     
7	17	2	5	5.200000     
7	17	1	5	1.800000     
6	17	2	5	5.300000     
6	17	1	5	1.900000     
5	17	4	5	6.000000     
5	17	3	5	5.000000     
4	17	4	5	6.100000     
4	17	3	5	5.100000     
3	17	4	5	6.190000     
3	17	3	5	5.200000     
2	17	2	5	3.100000     
2	17	1	5	4.640000     
1	17	2	5	5.740000     
1	17	1	5	-0.200000     
16	17	5	12	5.400000     
16	17	4	12	5.590000     
16	17	3	12	5.700000     
15	17	11	12	1.700000     
15	17	8	12	2.300000     
15	17	7	12	1.800000     
15	17	6	12	2.500000     
15	17	2	12	3.600000     
15	17	1	12	4.100000     
14	17	10	12	-0.700000     
13	17	5	12	2.900000     
13	17	4	12	3.500000     
13	17	3	12	4.500000     
12	17	5	12	2.200000     
12	17	4	12	2.000000     
12	17	3	12	2.600000     
11	17	11	12	4.500000     
11	17	8	12	2.400000     
11	17	7	12	0.100000     
11	17	6	12	1.000000     
11	17	2	12	0.500000     
11	17	1	12	3.400000     
10	17	10	12	2.100000     
9	17	9	12	-0.100000     
8	17	11	12	5.200000     
8	17	8	12	-2.500000     
8	17	7	12	1.300000     
8	17	6	12	2.700000     
8	17	2	12	2.600000     
8	17	1	12	3.300000     
7	17	11	12	5.300000     
7	17	8	12	1.300000     
7	17	7	12	-5.800000     
7	17	6	12	-2.000000     
7	17	2	12	1.500000     
7	17	1	12	-0.700000     
6	17	11	12	5.400000     
6	17	8	12	2.700000     
6	17	7	12	-2.000000     
6	17	6	12	-9.100000     
6	17	2	12	-2.200000     
6	17	1	12	-1.800000     
5	17	5	12	-11.300000     
5	17	4	12	-7.500000     
5	17	3	12	-5.800000     
4	17	5	12	-7.500000     
4	17	4	12	-12.200000     
4	17	3	12	-8.400000     
3	17	5	12	-5.800000     
3	17	4	12	-8.400000     
3	17	3	12	-13.100000     
2	17	11	12	5.770000     
2	17	8	12	4.300000     
2	17	7	12	1.500000     
2	17	6	12	-2.200000     
2	17	2	12	-15.200000     
2	17	1	12	-11.400000     
1	17	11	12	5.840000     
1	17	8	12	4.490000     
1	17	7	12	1.000000     
1	17	6	12	-1.800000     
1	17	2	12	-11.400000     
1	17	1	12	-18.500000     
17	18	5	9	3.700000     
17	18	4	9	4.100000     
17	18	3	9	4.500000     
16	18	5	9	1.200000     
16	18	4	9	2.800000     
16	18	3	9	3.200000     
15	18	8	9	2.800000     
15	18	7	9	1.700000     
15	18	6	9	-0.700000     
15	18	2	9	1.100000     
15	18	1	9	2.700000     
13	18	5	9	0.900000     
13	18	4	9	0.300000     
13	18	3	9	1.300000     
12	18	5	9	1.800000     
12	18	4	9	0.000000     
12	18	3	9	-0.600000     
11	18	8	9	4.400000     
11	18	7	9	2.500000     
11	18	6	9	2.100000     
11	18	2	9	-2.700000     
11	18	1	9	0.200000     
8	18	8	9	4.800000     
8	18	7	9	4.400000     
8	18	6	9	4.500000     
8	18	2	9	2.500000     
8	18	1	9	0.100000     
7	18	8	9	4.900000     
7	18	7	9	1.500000     
7	18	6	9	1.100000     
7	18	2	9	3.100000     
7	18	1	9	-0.800000     
6	18	8	9	5.000000     
6	18	7	9	1.600000     
6	18	6	9	-1.800000     
6	18	2	9	3.700000     
6	18	1	9	-0.200000     
5	18	5	9	-4.000000     
5	18	4	9	-0.200000     
5	18	3	9	1.500000     
4	18	5	9	-0.200000     
4	18	4	9	-4.900000     
4	18	3	9	-1.100000     
3	18	5	9	1.500000     
3	18	4	9	-1.100000     
3	18	3	9	-5.800000     
2	18	8	9	5.340000     
2	18	7	9	3.810000     
2	18	6	9	3.870000     
2	18	2	9	-7.900000     
2	18	1	9	-4.100000     
1	18	8	9	5.410000     
1	18	7	9	2.040000     
1	18	6	9	0.510000     
1	18	2	9	-4.100000     
1	18	1	9	-11.200000     
18	19	9	10	-2.200000     
17	19	5	10	1.500000     
17	19	4	10	1.900000     
17	19	3	10	2.300000     
16	19	5	10	-1.000000     
16	19	4	10	0.600000     
16	19	3	10	1.000000     
15	19	8	10	0.600000     
15	19	7	10	-0.500000     
15	19	6	10	-2.900000     
15	19	2	10	-1.100000     
15	19	1	10	0.500000     
13	19	5	10	-1.300000     
13	19	4	10	-1.900000     
13	19	3	10	-0.900000     
12	19	5	10	-0.400000     
12	19	4	10	-2.200000     
12	19	3	10	-2.800000     
11	19	8	10	2.200000     
11	19	7	10	0.300000     
11	19	6	10	-0.100000     
11	19	2	10	-4.900000     
11	19	1	10	-2.000000     
9	19	9	10	5.300000     
8	19	8	10	2.600000     
8	19	7	10	2.200000     
8	19	6	10	2.300000     
8	19	2	10	0.300000     
8	19	1	10	-2.100000     
7	19	8	10	2.700000     
7	19	7	10	-0.700000     
7	19	6	10	-1.100000     
7	19	2	10	0.900000     
7	19	1	10	-3.000000     
6	19	8	10	2.800000     
6	19	7	10	-0.600000     
6	19	6	10	-4.000000     
6	19	2	10	1.500000     
6	19	1	10	-2.400000     
5	19	5	10	-6.200000     
5	19	4	10	-2.400000     
5	19	3	10	-0.700000     
4	19	5	10	-2.400000     
4	19	4	10	-7.100000     
4	19	3	10	-3.300000     
3	19	5	10	-0.700000     
3	19	4	10	-3.300000     
3	19	3	10	-8.000000     
2	19	8	10	3.140000     
2	19	7	10	1.610000     
2	19	6	10	1.670000     
2	19	2	10	-10.100000     
2	19	1	10	-6.300000     
1	19	8	10	3.210000     
1	19	7	10	-0.160000     
1	19	6	10	-1.690000     
1	19	2	10	-6.300000     
1	19	1	10	-13.400000     
15	20	1	2	3.600000     
11	20	1	2	4.700000     
8	20	1	2	5.000000     
7	20	1	2	5.100000     
6	20	1	2	5.190000     
2	20	1	2	5.480000     
1	20	1	2	5.540000     
17	20	5	6	3.300000     
17	20	4	6	4.800000     
17	20	3	6	1.500000     
16	20	5	6	3.700000     
16	20	4	6	2.400000     
16	20	3	6	2.300000     
15	20	2	6	0.200000     
15	20	1	6	0.500000     
13	20	5	6	4.900000     
13	20	4	6	4.000000     
13	20	3	6	3.600000     
12	20	5	6	5.090000     
12	20	4	6	4.000000     
12	20	3	6	3.100000     
11	20	2	6	1.000000     
11	20	1	6	2.900000     
8	20	2	6	5.160000     
8	20	1	6	3.800000     
7	20	2	6	5.240000     
7	20	1	6	1.860000     
6	20	2	6	5.310000     
6	20	1	6	1.940000     
5	20	5	6	5.770000     
5	20	4	6	5.940000     
5	20	3	6	6.010000     
4	20	5	6	5.840000     
4	20	4	6	4.870000     
4	20	3	6	5.040000     
3	20	5	6	5.910000     
3	20	4	6	4.940000     
3	20	3	6	3.970000     
2	20	2	6	1.870000     
2	20	1	6	4.500000     
1	20	2	6	5.600000     
1	20	1	6	-1.430000     
17	20	5	7	4.800000     
17	20	4	7	-2.100000     
17	20	3	7	3.000000     
16	20	5	7	2.300000     
16	20	4	7	3.000000     
16	20	3	7	-3.000000     
15	20	6	7	3.600000     
15	20	2	7	-5.100000     
15	20	1	7	-1.300000     
13	20	5	7	5.200000     
13	20	4	7	4.300000     
13	20	3	7	2.100000     
12	20	5	7	4.900000     
12	20	4	7	4.300000     
12	20	3	7	2.500000     
11	20	6	7	4.700000     
11	20	2	7	0.400000     
11	20	1	7	-1.900000     
8	20	6	7	5.000000     
8	20	2	7	2.090000     
8	20	1	7	-0.700000     
7	20	6	7	5.100000     
7	20	2	7	2.200000     
7	20	1	7	-1.210000     
6	20	6	7	5.190000     
6	20	2	7	2.300000     
6	20	1	7	-1.100000     
5	20	5	7	2.990000     
5	20	4	7	6.200000     
5	20	3	7	3.900000     
4	20	5	7	5.610000     
4	20	4	7	2.090000     
4	20	3	7	4.000000     
3	20	5	7	5.670000     
3	20	4	7	4.710000     
3	20	3	7	1.190000     
2	20	6	7	5.480000     
2	20	2	7	-0.910000     
2	20	1	7	-0.000000     
1	20	6	7	5.540000     
1	20	2	7	2.770000     
1	20	1	7	-4.210000     
17	20	5	8	-0.300000     
17	20	4	8	3.000000     
17	20	3	8	3.700000     
16	20	5	8	1.900000     
16	20	4	8	-1.200000     
16	20	3	8	2.100000     
15	20	7	8	3.600000     
15	20	6	8	2.200000     
15	20	2	8	-0.000000     
15	20	1	8	2.000000     
13	20	5	8	3.800000     
13	20	4	8	3.200000     
13	20	3	8	2.600000     
12	20	5	8	4.500000     
12	20	4	8	2.900000     
12	20	3	8	2.300000     
11	20	7	8	4.700000     
11	20	6	8	4.300000     
11	20	2	8	0.200000     
11	20	1	8	1.400000     
8	20	7	8	5.000000     
8	20	6	8	5.700000     
8	20	2	8	4.800000     
8	20	1	8	3.000000     
7	20	7	8	5.100000     
7	20	6	8	1.700000     
7	20	2	8	4.900000     
7	20	1	8	1.500000     
6	20	7	8	5.190000     
6	20	6	8	1.800000     
6	20	2	8	4.900000     
6	20	1	8	1.600000     
5	20	5	8	-0.400000     
5	20	4	8	2.800000     
5	20	3	8	4.700000     
4	20	5	8	3.400000     
4	20	4	8	-1.300000     
4	20	3	8	1.900000     
3	20	5	8	5.100000     
3	20	4	8	2.500000     
3	20	3	8	-2.200000     
2	20	7	8	5.480000     
2	20	6	8	5.030000     
2	20	2	8	-4.300000     
2	20	1	8	-0.500000     
1	20	7	8	5.540000     
1	20	6	8	2.180000     
1	20	2	8	-0.500000     
1	20	1	8	-7.600000     
19	20	10	11	-2.400000     
18	20	9	11	-4.600000     
17	20	5	11	-0.900000     
17	20	4	11	-0.500000     
17	20	3	11	-0.100000     
16	20	5	11	-3.400000     
16	20	4	11	-1.800000     
16	20	3	11	-1.400000     
15	20	8	11	-1.800000     
15	20	7	11	-2.900000     
15	20	6	11	-5.300000     
15	20	2	11	-3.500000     
15	20	1	11	-1.900000     
14	20	10	11	4.500000     
13	20	5	11	-3.700000     
13	20	4	11	-4.300000     
13	20	3	11	-3.300000     
12	20	5	11	-2.800000     
12	20	4	11	-4.600000     
12	20	3	11	-5.200000     
11	20	8	11	-0.200000     
11	20	7	11	-2.100000     
11	20	6	11	-2.500000     
11	20	2	11	-7.300000     
11	20	1	11	-4.400000     
10	20	10	11	5.300000     
9	20	9	11	2.900000     
8	20	8	11	0.200000     
8	20	7	11	-0.200000     
8	20	6	11	-0.100000     
8	20	2	11	-2.100000     
8	20	1	11	-4.500000     
7	20	8	11	0.300000     
7	20	7	11	-3.100000     
7	20	6	11	-3.500000     
7	20	2	11	-1.500000     
7	20	1	11	-5.400000     
6	20	8	11	0.400000     
6	20	7	11	-3.000000     
6	20	6	11	-6.400000     
6	20	2	11	-0.900000     
6	20	1	11	-4.800000     
5	20	5	11	-8.600000     
5	20	4	11	-4.800000     
5	20	3	11	-3.100000     
4	20	5	11	-4.800000     
4	20	4	11	-9.500000     
4	20	3	11	-5.700000     
3	20	5	11	-3.100000     
3	20	4	11	-5.700000     
3	20	3	11	-10.400000     
2	20	8	11	0.740000     
2	20	7	11	-0.790000     
2	20	6	11	-0.730000     
2	20	2	11	-12.500000     
2	20	1	11	-8.700000     
1	20	8	11	0.810000     
1	20	7	11	-2.560000     
1	20	6	11	-4.090000     
1	20	2	11	-8.700000     
1	20	1	11	-15.800000     
20	21	8	10	1.700000     
20	21	7	10	3.300000     
20	21	6	10	3.700000     
20	21	2	10	5.090000     
20	21	1	10	5.200000     
18	21	9	10	3.300000     
17	21	5	10	1.400000     
17	21	4	10	1.200000     
17	21	3	10	5.200000     
16	21	5	10	2.600000     
16	21	4	10	0.500000     
16	21	3	10	0.300000     
15	21	8	10	4.700000     
15	21	7	10	3.300000     
15	21	6	10	2.600000     
15	21	2	10	-1.800000     
15	21	1	10	2.000000     
13	21	5	10	4.200000     
13	21	4	10	3.600000     
13	21	3	10	3.980000     
12	21	5	10	4.600000     
12	21	4	10	3.300000     
12	21	3	10	2.700000     
11	21	8	10	6.200000     
11	21	7	10	5.200000     
11	21	6	10	5.300000     
11	21	2	10	0.600000     
11	21	1	10	1.400000     
9	21	9	10	5.500000     
8	21	8	10	3.100000     
8	21	7	10	6.560000     
8	21	6	10	6.640000     
8	21	2	10	5.390000     
8	21	1	10	2.600000     
7	21	8	10	6.560000     
7	21	7	10	-0.200000     
7	21	6	10	3.260000     
7	21	2	10	5.500000     
7	21	1	10	2.090000     
6	21	8	10	6.640000     
6	21	7	10	3.260000     
6	21	6	10	-3.500000     
6	21	2	10	3.400000     
6	21	1	10	2.200000     
5	21	5	10	-5.700000     
5	21	4	10	-1.900000     
5	21	3	10	-0.200000     
4	21	5	10	-1.900000     
4	21	4	10	-6.600000     
4	21	3	10	-2.800000     
3	21	5	10	-0.200000     
3	21	4	10	-2.800000     
3	21	3	10	-7.500000     
2	21	8	10	6.890000     
2	21	7	10	5.850000     
2	21	6	10	3.400000     
2	21	2	10	-9.600000     
2	21	1	10	-5.800000     
1	21	8	10	6.950000     
1	21	7	10	3.590000     
1	21	6	10	2.550000     
1	21	2	10	-5.800000     
1	21	1	10	-12.900000     
20	22	2	3	1.700000     
20	22	1	3	1.100000     
15	22	2	3	4.900000     
15	22	1	3	4.300000     
11	22	2	3	5.400000     
11	22	1	3	5.200000     
8	22	2	3	5.690000     
8	22	1	3	6.560000     
7	22	2	3	5.770000     
7	22	1	3	2.390000     
6	22	2	3	5.840000     
6	22	1	3	2.470000     
2	22	2	3	6.100000     
2	22	1	3	5.850000     
1	22	2	3	6.150000     
1	22	1	3	2.800000     
20	22	2	4	1.100000     
20	22	1	4	4.800000     
17	22	3	4	4.600000     
16	22	3	4	5.000000     
15	22	2	4	2.900000     
15	22	1	4	3.200000     
13	22	3	4	5.700000     
12	22	3	4	5.800000     
11	22	2	4	3.700000     
11	22	1	4	4.600000     
8	22	2	4	5.860000     
8	22	1	4	5.940000     
7	22	2	4	5.940000     
7	22	1	4	2.560000     
6	22	2	4	6.010000     
6	22	1	4	2.640000     
5	22	3	4	6.410000     
4	22	3	4	6.480000     
3	22	3	4	6.540000     
2	22	2	4	4.440000     
2	22	1	4	5.200000     
1	22	2	4	6.300000     
1	22	1	4	1.140000     
20	22	2	5	2.000000     
20	22	1	5	2.700000     
17	22	4	5	4.600000     
17	22	3	5	4.000000     
16	22	4	5	5.000000     
16	22	3	5	3.700000     
15	22	2	5	1.600000     
15	22	1	5	2.800000     
13	22	4	5	5.700000     
13	22	3	5	5.400000     
12	22	4	5	5.800000     
12	22	3	5	4.800000     
11	22	2	5	2.700000     
11	22	1	5	4.680000     
8	22	2	5	5.940000     
8	22	1	5	5.500000     
7	22	2	5	6.010000     
7	22	1	5	2.640000     
6	22	2	5	6.070000     
6	22	1	5	2.710000     
5	22	4	5	6.410000     
5	22	3	5	6.770000     
4	22	4	5	6.480000     
4	22	3	5	5.510000     
3	22	4	5	6.540000     
3	22	3	5	5.580000     
2	22	2	5	3.480000     
2	22	1	5	5.250000     
1	22	2	5	6.350000     
1	22	1	5	0.180000     
21	22	10	12	2.500000     
20	22	11	12	1.700000     
20	22	8	12	3.400000     
20	22	7	12	4.000000     
20	22	6	12	4.700000     
20	22	2	12	5.500000     
20	22	1	12	6.300000     
19	22	10	12	-0.700000     
18	22	9	12	-2.900000     
17	22	5	12	0.800000     
17	22	4	12	1.200000     
17	22	3	12	1.600000     
16	22	5	12	-1.700000     
16	22	4	12	-0.100000     
16	22	3	12	0.300000     
15	22	11	12	4.900000     
15	22	8	12	-0.100000     
15	22	7	12	-1.200000     
15	22	6	12	-3.600000     
15	22	2	12	-1.800000     
15	22	1	12	-0.200000     
14	22	10	12	2.500000     
13	22	5	12	-2.000000     
13	22	4	12	-2.600000     
13	22	3	12	-1.600000     
12	22	5	12	-1.100000     
12	22	4	12	-2.900000     
12	22	3	12	-3.500000     
11	22	11	12	5.400000     
11	22	8	12	1.500000     
11	22	7	12	-0.400000     
11	22	6	12	-0.800000     
11	22	2	12	-5.600000     
11	22	1	12	-2.700000     
10	22	10	12	3.000000     
9	22	9	12	0.800000     
8	22	11	12	5.690000     
8	22	8	12	-1.600000     
8	22	7	12	1.500000     
8	22	6	12	1.600000     
8	22	2	12	-0.400000     
8	22	1	12	-2.800000     
7	22	11	12	5.770000     
7	22	8	12	2.000000     
7	22	7	12	-4.900000     
7	22	6	12	-1.800000     
7	22	2	12	0.200000     
7	22	1	12	-3.700000     
6	22	11	12	5.840000     
6	22	8	12	2.100000     
6	22	7	12	-1.300000     
6	22	6	12	-8.200000     
6	22	2	12	-1.300000     
6	22	1	12	-3.100000     
5	22	5	12	-10.400000     
5	22	4	12	-6.600000     
5	22	3	12	-4.900000     
4	22	5	12	-6.600000     
4	22	4	12	-11.300000     
4	22	3	12	-7.500000     
3	22	5	12	-4.900000     
3	22	4	12	-7.500000     
3	22	3	12	-12.200000     
2	22	11	12	6.100000     
2	22	8	12	2.440000     
2	22	7	12	0.910000     
2	22	6	12	-1.300000     
2	22	2	12	-14.300000     
2	22	1	12	-10.500000     
1	22	11	12	6.150000     
1	22	8	12	2.510000     
1	22	7	12	-0.860000     
1	22	6	12	-2.390000     
1	22	2	12	-10.500000     
1	22	1	12	-17.600000     
20	23	1	2	2.800000     
15	23	1	2	4.590000     
11	23	1	2	5.000000     
8	23	1	2	5.270000     
7	23	1	2	5.340000     
6	23	1	2	5.410000     
2	23	1	2	5.650000     
1	23	1	2	5.710000     
22	23	5	6	-2.200000     
22	23	4	6	1.600000     
22	23	3	6	3.300000     
20	23	2	6	-0.200000     
20	23	1	6	0.500000     
17	23	5	6	4.500000     
17	23	4	6	2.400000     
17	23	3	6	1.800000     
16	23	5	6	4.900000     
16	23	4	6	2.800000     
16	23	3	6	1.500000     
15	23	2	6	-0.600000     
15	23	1	6	0.600000     
13	23	5	6	5.300000     
13	23	4	6	3.500000     
13	23	3	6	3.200000     
12	23	5	6	5.400000     
12	23	4	6	3.600000     
12	23	3	6	2.600000     
11	23	2	6	0.500000     
11	23	1	6	2.480000     
8	23	2	6	3.740000     
8	23	1	6	3.300000     
7	23	2	6	3.810000     
7	23	1	6	0.440000     
6	23	2	6	3.870000     
6	23	1	6	0.510000     
5	23	5	6	5.980000     
5	23	4	6	4.210000     
5	23	3	6	4.570000     
4	23	5	6	6.040000     
4	23	4	6	4.280000     
4	23	3	6	3.310000     
3	23	5	6	6.100000     
3	23	4	6	4.340000     
3	23	3	6	3.380000     
2	23	2	6	1.280000     
2	23	1	6	3.050000     
1	23	2	6	4.150000     
1	23	1	6	-2.020000     
22	23	5	7	1.600000     
22	23	4	7	3.300000     
22	23	3	7	3.700000     
20	23	6	7	2.800000     
20	23	2	7	1.200000     
20	23	1	7	2.600000     
17	23	5	7	3.600000     
17	23	4	7	3.300000     
17	23	3	7	2.900000     
16	23	5	7	3.200000     
16	23	4	7	2.700000     
16	23	3	7	2.400000     
15	23	6	7	4.590000     
15	23	2	7	0.300000     
15	23	1	7	1.500000     
13	23	5	7	5.100000     
13	23	4	7	4.500000     
13	23	3	7	4.600000     
12	23	5	7	4.100000     
12	23	4	7	4.200000     
12	23	3	7	3.600000     
11	23	6	7	5.000000     
11	23	2	7	1.500000     
11	23	1	7	3.500000     
8	23	6	7	5.270000     
8	23	2	7	5.030000     
8	23	1	7	4.300000     
7	23	6	7	5.340000     
7	23	2	7	5.090000     
7	23	1	7	1.730000     
6	23	6	7	5.410000     
6	23	2	7	5.150000     
6	23	1	7	1.790000     
5	23	5	7	3.210000     
5	23	4	7	5.790000     
5	23	3	7	5.850000     
4	23	5	7	4.690000     
4	23	4	7	2.310000     
4	23	3	7	4.890000     
3	23	5	7	4.750000     
3	23	4	7	3.790000     
3	23	3	7	1.410000     
2	23	6	7	5.650000     
2	23	2	7	-0.690000     
2	23	1	7	3.110000     
1	23	6	7	5.710000     
1	23	2	7	3.110000     
1	23	1	7	-3.990000     
22	23	5	8	3.300000     
22	23	4	8	3.700000     
22	23	3	8	4.100000     
20	23	7	8	2.800000     
20	23	6	8	4.000000     
20	23	2	8	1.900000     
20	23	1	8	3.200000     
17	23	5	8	3.300000     
17	23	4	8	0.700000     
17	23	3	8	2.500000     
16	23	5	8	2.800000     
16	23	4	8	2.400000     
16	23	3	8	-0.200000     
15	23	7	8	4.590000     
15	23	6	8	3.100000     
15	23	2	8	-2.300000     
15	23	1	8	1.080000     
13	23	5	8	4.700000     
13	23	4	8	4.100000     
13	23	3	8	4.180000     
12	23	5	8	4.200000     
12	23	4	8	3.800000     
12	23	3	8	3.200000     
11	23	7	8	5.000000     
11	23	6	8	3.500000     
11	23	2	8	1.100000     
11	23	1	8	0.900000     
8	23	7	8	5.270000     
8	23	6	8	4.840000     
8	23	2	8	4.890000     
8	23	1	8	2.100000     
7	23	7	8	5.340000     
7	23	6	8	1.970000     
7	23	2	8	4.800000     
7	23	1	8	1.590000     
6	23	7	8	5.410000     
6	23	6	8	2.040000     
6	23	2	8	5.100000     
6	23	1	8	1.500000     
5	23	5	8	-0.160000     
5	23	4	8	3.070000     
5	23	3	8	4.970000     
4	23	5	8	3.640000     
4	23	4	8	-1.060000     
4	23	3	8	2.170000     
3	23	5	8	4.800000     
3	23	4	8	2.740000     
3	23	3	8	-1.960000     
2	23	7	8	5.650000     
2	23	6	8	4.100000     
2	23	2	8	-4.060000     
2	23	1	8	-0.260000     
1	23	7	8	5.710000     
1	23	6	8	2.350000     
1	23	2	8	-0.260000     
1	23	1	8	-7.360000     
22	23	5	11	4.500000     
22	23	4	11	4.900000     
22	23	3	11	5.090000     
21	23	10	11	1.400000     
20	23	8	11	2.000000     
20	23	7	11	2.300000     
20	23	6	11	3.000000     
20	23	2	11	4.800000     
20	23	1	11	5.600000     
19	23	10	11	3.700000     
18	23	9	11	1.500000     
17	23	5	11	1.700000     
17	23	4	11	0.200000     
17	23	3	11	4.400000     
16	23	5	11	2.700000     
16	23	4	11	0.800000     
16	23	3	11	-0.700000     
15	23	8	11	4.300000     
15	23	7	11	3.200000     
15	23	6	11	0.800000     
15	23	2	11	-2.800000     
15	23	1	11	1.000000     
14	23	10	11	5.200000     
13	23	5	11	2.400000     
13	23	4	11	1.800000     
13	23	3	11	2.800000     
12	23	5	11	3.300000     
12	23	4	11	1.500000     
12	23	3	11	0.900000     
11	23	8	11	5.780000     
11	23	7	11	4.000000     
11	23	6	11	3.600000     
11	23	2	11	-1.200000     
11	23	1	11	0.400000     
10	23	10	11	5.600000     
9	23	9	11	3.400000     
8	23	8	11	1.000000     
8	23	7	11	4.800000     
8	23	6	11	6.000000     
8	23	2	11	4.000000     
8	23	1	11	1.600000     
7	23	8	11	4.800000     
7	23	7	11	-2.300000     
7	23	6	11	1.500000     
7	23	2	11	4.500000     
7	23	1	11	0.700000     
6	23	8	11	6.130000     
6	23	7	11	1.500000     
6	23	6	11	-5.600000     
6	23	2	11	1.300000     
6	23	1	11	1.200000     
5	23	5	11	-7.800000     
5	23	4	11	-4.000000     
5	23	3	11	-2.300000     
4	23	5	11	-4.000000     
4	23	4	11	-8.700000     
4	23	3	11	-4.900000     
3	23	5	11	-2.300000     
3	23	4	11	-4.900000     
3	23	3	11	-9.600000     
2	23	8	11	6.350000     
2	23	7	11	5.000000     
2	23	6	11	1.300000     
2	23	2	11	-11.700000     
2	23	1	11	-7.900000     
1	23	8	11	6.400000     
1	23	7	11	3.050000     
1	23	6	11	1.700000     
1	23	2	11	-7.900000     
1	23	1	11	-15.000000     
23	24	2	3	-2.100000     
23	24	1	3	1.700000     
20	24	2	3	3.700000     
20	24	1	3	0.700000     
15	24	2	3	5.200000     
15	24	1	3	2.490000     
11	24	2	3	5.600000     
11	24	1	3	2.900000     
8	24	2	3	5.840000     
8	24	1	3	3.170000     
7	24	2	3	5.910000     
7	24	1	3	2.540000     
6	24	2	3	5.980000     
6	24	1	3	2.610000     
2	24	2	3	6.210000     
2	24	1	3	3.550000     
1	24	2	3	6.260000     
1	24	1	3	2.910000     
23	24	2	4	1.700000     
23	24	1	4	3.300000     
22	24	3	4	2.900000     
20	24	2	4	2.700000     
20	24	1	4	3.000000     
17	24	3	4	5.400000     
16	24	3	4	5.590000     
15	24	2	4	3.490000     
15	24	1	4	5.100000     
13	24	3	4	5.900000     
12	24	3	4	6.000000     
11	24	2	4	3.900000     
11	24	1	4	5.460000     
8	24	2	4	6.710000     
8	24	1	4	6.700000     
7	24	2	4	6.770000     
7	24	1	4	3.410000     
6	24	2	4	6.830000     
6	24	1	4	3.470000     
5	24	3	4	6.540000     
4	24	3	4	6.600000     
3	24	3	4	6.650000     
2	24	2	4	4.550000     
2	24	1	4	6.000000     
1	24	2	4	7.100000     
1	24	1	4	1.250000     
23	24	2	5	3.300000     
23	24	1	5	3.700000     
22	24	4	5	2.900000     
22	24	3	5	1.700000     
20	24	2	5	2.300000     
20	24	1	5	2.700000     
17	24	4	5	5.400000     
17	24	3	5	6.100000     
16	24	4	5	5.590000     
16	24	3	5	4.500000     
15	24	2	5	2.400000     
15	24	1	5	4.700000     
13	24	4	5	5.900000     
13	24	3	5	6.300000     
12	24	4	5	6.000000     
12	24	3	5	5.000000     
11	24	2	5	2.900000     
11	24	1	5	5.540000     
8	24	2	5	6.770000     
8	24	1	5	5.700000     
7	24	2	5	6.830000     
7	24	1	5	3.470000     
6	24	2	5	6.890000     
6	24	1	5	3.530000     
5	24	4	5	6.540000     
5	24	3	5	7.590000     
4	24	4	5	6.600000     
4	24	3	5	5.640000     
3	24	4	5	6.650000     
3	24	3	5	5.700000     
2	24	2	5	3.600000     
2	24	1	5	6.050000     
1	24	2	5	7.150000     
1	24	1	5	0.300000     
23	24	11	12	-2.100000     
23	24	8	12	3.700000     
23	24	7	12	4.100000     
23	24	6	12	4.500000     
23	24	2	12	5.300000     
23	24	1	12	5.400000     
22	24	5	12	2.300000     
22	24	4	12	2.800000     
22	24	3	12	2.990000     
21	24	10	12	-0.700000     
20	24	11	12	3.700000     
20	24	8	12	-0.100000     
20	24	7	12	0.200000     
20	24	6	12	0.900000     
20	24	2	12	2.700000     
20	24	1	12	3.500000     
19	24	10	12	1.300000     
18	24	9	12	-0.900000     
17	24	5	12	-0.400000     
17	24	4	12	-1.900000     
17	24	3	12	2.300000     
16	24	5	12	0.300000     
16	24	4	12	-1.300000     
16	24	3	12	-2.800000     
15	24	11	12	5.200000     
15	24	8	12	1.900000     
15	24	7	12	0.800000     
15	24	6	12	-1.600000     
15	24	2	12	-4.900000     
15	24	1	12	-1.100000     
14	24	10	12	2.800000     
13	24	5	12	0.000000     
13	24	4	12	-0.600000     
13	24	3	12	0.400000     
12	24	5	12	0.900000     
12	24	4	12	-0.900000     
12	24	3	12	-1.500000     
11	24	11	12	5.600000     
11	24	8	12	3.500000     
11	24	7	12	1.600000     
11	24	6	12	1.200000     
11	24	2	12	-3.600000     
11	24	1	12	-1.700000     
10	24	10	12	3.200000     
9	24	9	12	1.000000     
8	24	11	12	5.840000     
8	24	8	12	-1.400000     
8	24	7	12	2.400000     
8	24	6	12	3.600000     
8	24	2	12	1.600000     
8	24	1	12	-0.800000     
7	24	11	12	5.910000     
7	24	8	12	2.400000     
7	24	7	12	-4.700000     
7	24	6	12	-0.900000     
7	24	2	12	2.200000     
7	24	1	12	-1.700000     
6	24	11	12	5.980000     
6	24	8	12	3.800000     
6	24	7	12	-0.900000     
6	24	6	12	-8.000000     
6	24	2	12	-1.100000     
6	24	1	12	-1.100000     
5	24	5	12	-10.200000     
5	24	4	12	-6.400000     
5	24	3	12	-4.700000     
4	24	5	12	-6.400000     
4	24	4	12	-11.100000     
4	24	3	12	-7.300000     
3	24	5	12	-4.700000     
3	24	4	12	-7.300000     
3	24	3	12	-12.000000     
2	24	11	12	6.210000     
2	24	8	12	4.250000     
2	24	7	12	2.600000     
2	24	6	12	-1.100000     
2	24	2	12	-14.100000     
2	24	1	12	-10.300000     
1	24	11	12	6.260000     
1	24	8	12	4.300000     
1	24	7	12	0.950000     
1	24	6	12	-0.700000     
1	24	2	12	-10.300000     
1	24	1	12	-17.400000     
23	25	1	2	0.500000     
20	25	1	2	3.600000     
15	25	1	2	4.800000     
11	25	1	2	5.190000     
8	25	1	2	5.410000     
7	25	1	2	5.480000     
6	25	1	2	5.540000     
2	25	1	2	5.760000     
1	25	1	2	5.800000     
24	25	5	6	-2.200000     
24	25	4	6	1.600000     
24	25	3	6	3.300000     
23	25	2	6	1.100000     
23	25	1	6	1.500000     
22	25	5	6	3.300000     
22	25	4	6	0.700000     
22	25	3	6	-0.500000     
20	25	2	6	0.100000     
20	25	1	6	0.500000     
17	25	5	6	5.090000     
17	25	4	6	3.200000     
17	25	3	6	3.900000     
16	25	5	6	5.200000     
16	25	4	6	3.390000     
16	25	3	6	2.300000     
15	25	2	6	0.200000     
15	25	1	6	2.500000     
13	25	5	6	5.500000     
13	25	4	6	3.700000     
13	25	3	6	4.100000     
12	25	5	6	5.600000     
12	25	4	6	3.800000     
12	25	3	6	2.800000     
11	25	2	6	0.700000     
11	25	1	6	3.340000     
8	25	2	6	4.570000     
8	25	1	6	3.500000     
7	25	2	6	4.630000     
7	25	1	6	1.270000     
6	25	2	6	4.690000     
6	25	1	6	1.330000     
5	25	5	6	6.100000     
5	25	4	6	4.340000     
5	25	3	6	5.390000     
4	25	5	6	6.150000     
4	25	4	6	4.400000     
4	25	3	6	3.440000     
3	25	5	6	6.210000     
3	25	4	6	4.450000     
3	25	3	6	3.500000     
2	25	2	6	1.400000     
2	25	1	6	3.850000     
1	25	2	6	4.950000     
1	25	1	6	-1.900000     
24	25	5	7	1.600000     
24	25	4	7	3.300000     
24	25	3	7	3.700000     
23	25	6	7	0.500000     
23	25	2	7	1.600000     
23	25	1	7	1.800000     
22	25	5	7	-1.700000     
22	25	4	7	0.800000     
22	25	3	7	1.900000     
20	25	6	7	3.600000     
20	25	2	7	0.300000     
20	25	1	7	1.000000     
17	25	5	7	4.900000     
17	25	4	7	2.900000     
17	25	3	7	2.300000     
16	25	5	7	3.900000     
16	25	4	7	3.300000     
16	25	3	7	2.000000     
15	25	6	7	4.800000     
15	25	2	7	-0.100000     
15	25	1	7	1.100000     
13	25	5	7	5.300000     
13	25	4	7	4.000000     
13	25	3	7	3.700000     
12	25	5	7	4.280000     
12	25	4	7	4.100000     
12	25	3	7	3.100000     
11	25	6	7	5.190000     
11	25	2	7	1.000000     
11	25	1	7	2.980000     
8	25	6	7	5.410000     
8	25	2	7	4.240000     
8	25	1	7	3.800000     
7	25	6	7	5.480000     
7	25	2	7	4.310000     
7	25	1	7	0.940000     
6	25	6	7	5.540000     
6	25	2	7	4.370000     
6	25	1	7	1.010000     
5	25	5	7	3.340000     
5	25	4	7	4.710000     
5	25	3	7	5.070000     
4	25	5	7	4.800000     
4	25	4	7	2.440000     
4	25	3	7	3.810000     
3	25	5	7	4.850000     
3	25	4	7	3.900000     
3	25	3	7	1.540000     
2	25	6	7	5.760000     
2	25	2	7	-0.560000     
2	25	1	7	3.240000     
1	25	6	7	5.800000     
1	25	2	7	3.240000     
1	25	1	7	-3.860000     
24	25	5	8	3.300000     
24	25	4	8	3.700000     
24	25	3	8	4.100000     
23	25	7	8	0.500000     
23	25	6	8	0.400000     
23	25	2	8	2.000000     
23	25	1	8	2.500000     
22	25	5	8	-1.800000     
22	25	4	8	1.900000     
22	25	3	8	2.600000     
20	25	7	8	3.600000     
20	25	6	8	2.200000     
20	25	2	8	0.200000     
20	25	1	8	0.900000     
17	25	5	8	4.100000     
17	25	4	8	1.500000     
17	25	3	8	2.200000     
16	25	5	8	3.700000     
16	25	4	8	3.200000     
16	25	3	8	0.600000     
15	25	7	8	4.800000     
15	25	6	8	3.300000     
15	25	2	8	-1.500000     
15	25	1	8	1.000000     
13	25	5	8	4.900000     
13	25	4	8	3.900000     
13	25	3	8	3.600000     
12	25	5	8	4.360000     
12	25	4	8	4.000000     
12	25	3	8	3.000000     
11	25	7	8	5.190000     
11	25	6	8	3.660000     
11	25	2	8	0.900000     
11	25	1	8	1.700000     
8	25	7	8	5.410000     
8	25	6	8	4.970000     
8	25	2	8	4.140000     
8	25	1	8	2.900000     
7	25	7	8	5.480000     
7	25	6	8	2.110000     
7	25	2	8	4.210000     
7	25	1	8	0.840000     
6	25	7	8	5.540000     
6	25	6	8	2.180000     
6	25	2	8	4.270000     
6	25	1	8	0.910000     
5	25	5	8	-0.020000     
5	25	4	8	3.210000     
5	25	3	8	4.970000     
4	25	5	8	3.780000     
4	25	4	8	-0.920000     
4	25	3	8	2.310000     
3	25	5	8	4.900000     
3	25	4	8	2.880000     
3	25	3	8	-1.820000     
2	25	7	8	5.760000     
2	25	6	8	4.200000     
2	25	2	8	-3.920000     
2	25	1	8	-0.120000     
1	25	7	8	5.800000     
1	25	6	8	2.460000     
1	25	2	8	-0.120000     
1	25	1	8	-7.220000     
24	25	5	11	4.500000     
24	25	4	11	4.900000     
24	25	3	11	5.090000     
23	25	8	11	2.200000     
23	25	7	11	1.600000     
23	25	6	11	2.200000     
23	25	2	11	2.990000     
23	25	1	11	4.400000     
22	25	5	11	0.000000     
22	25	4	11	3.800000     
22	25	3	11	5.300000     
21	25	10	11	3.700000     
20	25	8	11	3.000000     
20	25	7	11	2.700000     
20	25	6	11	2.300000     
20	25	2	11	2.000000     
20	25	1	11	2.700000     
19	25	10	11	4.500000     
18	25	9	11	2.300000     
17	25	5	11	2.700000     
17	25	4	11	0.600000     
17	25	3	11	3.560000     
16	25	5	11	3.500000     
16	25	4	11	1.800000     
16	25	3	11	-0.300000     
15	25	8	11	5.100000     
15	25	7	11	4.000000     
15	25	6	11	1.600000     
15	25	2	11	-2.400000     
15	25	1	11	1.400000     
14	25	10	11	5.400000     
13	25	5	11	3.200000     
13	25	4	11	2.600000     
13	25	3	11	3.600000     
12	25	5	11	4.100000     
12	25	4	11	2.300000     
12	25	3	11	1.700000     
11	25	8	11	5.940000     
11	25	7	11	4.800000     
11	25	6	11	4.400000     
11	25	2	11	-0.400000     
11	25	1	11	0.800000     
10	25	10	11	5.770000     
9	25	9	11	3.570000     
8	25	8	11	1.170000     
8	25	7	11	4.970000     
8	25	6	11	6.250000     
8	25	2	11	4.790000     
8	25	1	11	2.000000     
7	25	8	11	4.970000     
7	25	7	11	-2.130000     
7	25	6	11	1.670000     
7	25	2	11	4.900000     
7	25	1	11	1.490000     
6	25	8	11	6.250000     
6	25	7	11	1.670000     
6	25	6	11	-5.430000     
6	25	2	11	1.470000     
6	25	1	11	1.600000     
5	25	5	11	-7.630000     
5	25	4	11	-3.830000     
5	25	3	11	-2.130000     
4	25	5	11	-3.830000     
4	25	4	11	-8.530000     
4	25	3	11	-4.730000     
3	25	5	11	-2.130000     
3	25	4	11	-4.730000     
3	25	3	11	-9.430000     
2	25	8	11	6.450000     
2	25	7	11	5.170000     
2	25	6	11	1.470000     
2	25	2	11	-11.530000     
2	25	1	11	-7.730000     
1	25	8	11	6.490000     
1	25	7	11	3.150000     
1	25	6	11	1.870000     
1	25	2	11	-7.730000     
1	25	1	11	-14.830000     
25	26	8	10	1.700000     
25	26	7	10	3.300000     
25	26	6	10	3.700000     
25	26	2	10	5.090000     
25	26	1	10	5.200000     
24	26	5	10	1.500000     
24	26	4	10	5.300000     
24	26	3	10	5.800000     
23	26	8	10	3.000000     
23	26	7	10	1.700000     
23	26	6	10	1.900000     
23	26	2	10	3.700000     
23	26	1	10	4.200000     
22	26	5	10	-0.300000     
22	26	4	10	3.500000     
22	26	3	10	3.200000     
20	26	8	10	4.700000     
20	26	7	10	4.400000     
20	26	6	10	3.900000     
20	26	2	10	1.700000     
20	26	1	10	2.400000     
18	26	9	10	5.090000     
17	26	5	10	4.400000     
17	26	4	10	2.300000     
17	26	3	10	3.700000     
16	26	5	10	4.900000     
16	26	4	10	3.500000     
16	26	3	10	1.400000     
15	26	8	10	6.300000     
15	26	7	10	5.300000     
15	26	6	10	4.390000     
15	26	2	10	-0.700000     
15	26	1	10	2.500000     
13	26	5	10	5.990000     
13	26	4	10	5.390000     
13	26	3	10	5.100000     
12	26	5	10	5.800000     
12	26	4	10	5.090000     
12	26	3	10	4.490000     
11	26	8	10	6.640000     
11	26	7	10	5.610000     
11	26	6	10	5.360000     
11	26	2	10	2.390000     
11	26	1	10	2.500000     
9	26	9	10	5.910000     
8	26	8	10	3.510000     
8	26	7	10	6.890000     
8	26	6	10	6.670000     
8	26	2	10	5.640000     
8	26	1	10	3.700000     
7	26	8	10	6.890000     
7	26	7	10	0.210000     
7	26	6	10	3.590000     
7	26	2	10	5.710000     
7	26	1	10	2.340000     
6	26	8	10	6.950000     
6	26	7	10	3.590000     
6	26	6	10	-3.090000     
6	26	2	10	3.810000     
6	26	1	10	2.410000     
5	26	5	10	-5.290000     
5	26	4	10	-1.490000     
5	26	3	10	0.210000     
4	26	5	10	-1.490000     
4	26	4	10	-6.190000     
4	26	3	10	-2.390000     
3	26	5	10	0.210000     
3	26	4	10	-2.390000     
3	26	3	10	-7.090000     
2	26	8	10	7.150000     
2	26	7	10	6.090000     
2	26	6	10	3.810000     
2	26	2	10	-9.190000     
2	26	1	10	-5.390000     
25	27	8	9	1.400000     
25	27	7	9	0.400000     
25	27	6	9	4.000000     
25	27	2	9	4.000000     
25	27	1	9	5.300000     
24	27	5	9	1.800000     
24	27	4	9	3.700000     
24	27	3	9	4.100000     
23	27	8	9	3.200000     
23	27	7	9	1.600000     
23	27	6	9	0.900000     
23	27	2	9	2.000000     
23	27	1	9	2.200000     
22	27	5	9	-1.300000     
22	27	4	9	1.200000     
22	27	3	9	2.300000     
20	27	8	9	4.400000     
20	27	7	9	4.700000     
20	27	6	9	3.600000     
20	27	2	9	0.700000     
20	27	1	9	1.400000     
17	27	5	9	4.100000     
17	27	4	9	2.600000     
17	27	3	9	2.700000     
16	27	5	9	4.300000     
16	27	4	9	3.200000     
16	27	3	9	1.700000     
15	27	8	9	5.000000     
15	27	7	9	4.600000     
15	27	6	9	4.680000     
15	27	2	9	-0.400000     
15	27	1	9	1.500000     
13	27	5	9	5.700000     
13	27	4	9	4.400000     
13	27	3	9	4.100000     
12	27	5	9	4.680000     
12	27	4	9	4.500000     
12	27	3	9	3.500000     
11	27	8	9	5.340000     
11	27	7	9	4.910000     
11	27	6	9	4.970000     
11	27	2	9	1.400000     
11	27	1	9	2.800000     
8	27	8	9	5.540000     
8	27	7	9	6.190000     
8	27	6	9	5.810000     
8	27	2	9	4.640000     
8	27	1	9	4.000000     
7	27	8	9	5.600000     
7	27	7	9	2.240000     
7	27	6	9	2.890000     
7	27	2	9	4.710000     
7	27	1	9	1.340000     
6	27	8	9	5.650000     
6	27	7	9	2.300000     
6	27	6	9	-1.060000     
6	27	2	9	4.770000     
6	27	1	9	1.410000     
5	27	5	9	-3.260000     
5	27	4	9	0.540000     
5	27	3	9	2.240000     
4	27	5	9	0.540000     
4	27	4	9	-4.160000     
4	27	3	9	-0.360000     
3	27	5	9	2.240000     
3	27	4	9	-0.360000     
3	27	3	9	-5.060000     
27	28	9	10	-2.200000     
25	28	8	10	-0.800000     
25	28	7	10	-1.800000     
25	28	6	10	1.800000     
25	28	2	10	1.800000     
25	28	1	10	3.100000     
24	28	5	10	-0.400000     
24	28	4	10	1.500000     
24	28	3	10	1.900000     
23	28	8	10	1.000000     
23	28	7	10	-0.600000     
23	28	6	10	-1.300000     
23	28	2	10	-0.200000     
23	28	1	10	0.000000     
22	28	5	10	-3.500000     
22	28	4	10	-1.000000     
22	28	3	10	0.100000     
20	28	8	10	2.200000     
20	28	7	10	2.500000     
20	28	6	10	1.400000     
20	28	2	10	-1.500000     
20	28	1	10	-0.800000     
18	28	9	10	5.300000     
17	28	5	10	1.900000     
17	28	4	10	0.400000     
17	28	3	10	0.500000     
16	28	5	10	2.100000     
16	28	4	10	1.000000     
16	28	3	10	-0.500000     
15	28	8	10	2.800000     
15	28	7	10	2.400000     
15	28	6	10	2.480000     
15	28	2	10	-2.600000     
15	28	1	10	-0.700000     
13	28	5	10	3.500000     
13	28	4	10	2.200000     
13	28	3	10	1.900000     
12	28	5	10	2.480000     
12	28	4	10	2.300000     
12	28	3	10	1.300000     
11	28	8	10	3.140000     
11	28	7	10	2.710000     
11	28	6	10	2.770000     
11	28	2	10	-0.800000     
11	28	1	10	0.600000     
9	28	9	10	6.040000     
8	28	8	10	3.340000     
8	28	7	10	3.990000     
8	28	6	10	3.610000     
8	28	2	10	2.440000     
8	28	1	10	1.800000     
7	28	8	10	3.400000     
7	28	7	10	0.040000     
7	28	6	10	0.690000     
7	28	2	10	2.510000     
7	28	1	10	-0.860000     
6	28	8	10	3.450000     
6	28	7	10	0.100000     
6	28	6	10	-3.260000     
6	28	2	10	2.570000     
6	28	1	10	-0.790000     
5	28	5	10	-5.460000     
5	28	4	10	-1.660000     
5	28	3	10	0.040000     
4	28	5	10	-1.660000     
4	28	4	10	-6.360000     
4	28	3	10	-2.560000     
27	29	9	10	1.600000     
25	29	8	10	3.000000     
25	29	7	10	2.000000     
25	29	6	10	2.700000     
25	29	2	10	4.500000     
25	29	1	10	5.800000     
24	29	5	10	0.500000     
24	29	4	10	4.300000     
24	29	3	10	4.900000     
23	29	8	10	4.700000     
23	29	7	10	3.200000     
23	29	6	10	2.500000     
23	29	2	10	2.800000     
23	29	1	10	3.800000     
22	29	5	10	0.300000     
22	29	4	10	2.800000     
22	29	3	10	2.200000     
20	29	8	10	6.000000     
20	29	7	10	6.200000     
20	29	6	10	5.200000     
20	29	2	10	2.300000     
20	29	1	10	3.000000     
18	29	9	10	5.400000     
17	29	5	10	5.700000     
17	29	4	10	4.100000     
17	29	3	10	4.300000     
16	29	5	10	5.900000     
16	29	4	10	4.800000     
16	29	3	10	3.200000     
15	29	8	10	6.560000     
15	29	7	10	5.540000     
15	29	6	10	4.700000     
15	29	2	10	1.100000     
15	29	1	10	3.100000     
13	29	5	10	6.300000     
13	29	4	10	5.700000     
13	29	3	10	5.700000     
12	29	5	10	6.280000     
12	29	4	10	5.400000     
12	29	3	10	4.800000     
11	29	8	10	6.830000     
11	29	7	10	5.790000     
11	29	6	10	5.850000     
11	29	2	10	2.700000     
11	29	1	10	4.300000     
9	29	9	10	6.100000     
8	29	8	10	3.700000     
8	29	7	10	7.050000     
8	29	6	10	7.100000     
8	29	2	10	6.240000     
8	29	1	10	5.500000     
7	29	8	10	7.050000     
7	29	7	10	0.400000     
7	29	6	10	3.750000     
7	29	2	10	6.310000     
7	29	1	10	2.940000     
6	29	8	10	7.100000     
6	29	7	10	3.750000     
6	29	6	10	-2.900000     
6	29	2	10	4.000000     
6	29	1	10	3.010000     
5	29	5	10	-5.100000     
5	29	4	10	-1.300000     
5	29	3	10	0.400000     
25	30	1	2	3.600000     
23	30	1	2	4.400000     
20	30	1	2	4.800000     
15	30	1	2	5.270000     
11	30	1	2	5.540000     
8	30	1	2	5.710000     
7	30	1	2	5.760000     
6	30	1	2	5.800000     
25	30	2	6	1.300000     
25	30	1	6	1.600000     
24	30	5	6	4.500000     
24	30	4	6	4.000000     
24	30	3	6	3.700000     
23	30	2	6	1.600000     
23	30	1	6	1.700000     
22	30	5	6	5.090000     
22	30	4	6	5.300000     
22	30	3	6	4.900000     
20	30	2	6	4.300000     
20	30	1	6	4.400000     
17	30	5	6	5.600000     
17	30	4	6	5.780000     
17	30	3	6	5.860000     
16	30	5	6	5.690000     
16	30	4	6	4.700000     
16	30	3	6	4.880000     
15	30	2	6	2.780000     
15	30	1	6	4.330000     
13	30	5	6	5.910000     
13	30	4	6	5.370000     
13	30	3	6	5.430000     
12	30	5	6	5.980000     
12	30	4	6	5.010000     
12	30	3	6	4.470000     
11	30	2	6	2.370000     
11	30	1	6	4.550000     
8	30	2	6	5.750000     
8	30	1	6	5.170000     
7	30	2	6	5.790000     
7	30	1	6	2.450000     
6	30	2	6	5.830000     
6	30	1	6	2.490000     
25	30	6	7	3.600000     
25	30	2	7	1.600000     
25	30	1	7	2.900000     
24	30	5	7	1.400000     
24	30	4	7	4.400000     
24	30	3	7	4.000000     
23	30	6	7	4.400000     
23	30	2	7	1.900000     
23	30	1	7	2.000000     
22	30	5	7	2.200000     
22	30	4	7	4.300000     
22	30	3	7	3.100000     
20	30	6	7	4.800000     
20	30	2	7	3.700000     
20	30	1	7	4.100000     
17	30	5	7	6.480000     
17	30	4	7	6.560000     
17	30	3	7	6.200000     
16	30	5	7	5.460000     
16	30	4	7	5.580000     
16	30	3	7	5.660000     
15	30	6	7	5.270000     
15	30	2	7	3.560000     
15	30	1	7	5.000000     
13	30	5	7	6.770000     
13	30	4	7	6.130000     
13	30	3	7	6.190000     
12	30	5	7	5.730000     
12	30	4	7	5.870000     
12	30	3	7	5.230000     
11	30	6	7	5.540000     
11	30	2	7	3.130000     
11	30	1	7	5.300000     
8	30	6	7	5.710000     
8	30	2	7	6.490000     
8	30	1	7	5.930000     
7	30	6	7	5.760000     
7	30	2	7	6.530000     
7	30	1	7	3.190000     
6	30	6	7	5.800000     
6	30	2	7	6.570000     
6	30	1	7	3.230000     
25	30	7	8	3.600000     
25	30	6	8	3.300000     
25	30	2	8	2.200000     
25	30	1	8	3.500000     
24	30	5	8	1.100000     
24	30	4	8	4.000000     
24	30	3	8	3.600000     
23	30	7	8	4.400000     
23	30	6	8	3.600000     
23	30	2	8	1.500000     
23	30	1	8	1.600000     
22	30	5	8	1.400000     
22	30	4	8	4.000000     
22	30	3	8	2.800000     
20	30	7	8	4.800000     
20	30	6	8	5.500000     
20	30	2	8	3.400000     
20	30	1	8	3.800000     
17	30	5	8	6.560000     
17	30	4	8	2.700000     
17	30	3	8	5.400000     
16	30	5	8	5.540000     
16	30	4	8	5.660000     
16	30	3	8	1.800000     
15	30	7	8	5.270000     
15	30	6	8	4.840000     
15	30	2	8	-0.300000     
15	30	1	8	3.500000     
13	30	5	8	6.370000     
13	30	4	8	5.840000     
13	30	3	8	6.250000     
12	30	5	8	5.790000     
12	30	4	8	5.470000     
12	30	3	8	4.940000     
11	30	7	8	5.540000     
11	30	6	8	5.090000     
11	30	2	8	2.840000     
11	30	1	8	2.900000     
8	30	7	8	5.710000     
8	30	6	8	6.350000     
8	30	2	8	6.530000     
8	30	1	8	4.100000     
7	30	7	8	5.760000     
7	30	6	8	2.410000     
7	30	2	8	6.390000     
7	30	1	8	3.230000     
6	30	7	8	5.800000     
6	30	6	8	2.460000     
6	30	2	8	5.610000     
6	30	1	8	3.090000     
29	30	10	11	-2.400000     
28	30	10	11	1.400000     
27	30	9	11	-0.800000     
26	30	10	11	3.700000     
25	30	8	11	0.600000     
25	30	7	11	-0.400000     
25	30	6	11	0.300000     
25	30	2	11	2.100000     
25	30	1	11	3.400000     
24	30	5	11	-1.900000     
24	30	4	11	1.900000     
24	30	3	11	2.500000     
23	30	8	11	2.300000     
23	30	7	11	0.800000     
23	30	6	11	0.100000     
23	30	2	11	0.400000     
23	30	1	11	1.400000     
22	30	5	11	-2.100000     
22	30	4	11	0.400000     
22	30	3	11	-0.200000     
21	30	10	11	5.200000     
20	30	8	11	3.600000     
20	30	7	11	3.800000     
20	30	6	11	2.800000     
20	30	2	11	-0.100000     
20	30	1	11	0.600000     
19	30	10	11	5.400000     
18	30	9	11	3.000000     
17	30	5	11	3.300000     
17	30	4	11	1.700000     
17	30	3	11	1.900000     
16	30	5	11	3.500000     
16	30	4	11	2.400000     
16	30	3	11	0.800000     
15	30	8	11	4.160000     
15	30	7	11	3.140000     
15	30	6	11	2.300000     
15	30	2	11	-1.300000     
15	30	1	11	0.700000     
14	30	10	11	5.840000     
13	30	5	11	3.900000     
13	30	4	11	3.300000     
13	30	3	11	3.300000     
12	30	5	11	3.880000     
12	30	4	11	3.000000     
12	30	3	11	2.400000     
11	30	8	11	4.430000     
11	30	7	11	3.390000     
11	30	6	11	3.450000     
11	30	2	11	0.300000     
11	30	1	11	1.900000     
10	30	10	11	6.100000     
9	30	9	11	3.700000     
8	30	8	11	1.300000     
8	30	7	11	4.650000     
8	30	6	11	4.700000     
8	30	2	11	3.840000     
8	30	1	11	3.100000     
7	30	8	11	4.650000     
7	30	7	11	-2.000000     
7	30	6	11	1.350000     
7	30	2	11	3.910000     
7	30	1	11	0.540000     
6	30	8	11	4.700000     
6	30	7	11	1.350000     
6	30	6	11	-5.300000     
6	30	2	11	1.600000     
6	30	1	11	0.610000     
30	31	2	3	-2.100000     
30	31	1	3	1.700000     
25	31	2	3	4.500000     
25	31	1	3	1.500000     
23	31	2	3	5.090000     
23	31	1	3	2.300000     
20	31	2	3	5.400000     
20	31	1	3	2.700000     
15	31	2	3	5.840000     
15	31	1	3	3.170000     
11	31	2	3	6.100000     
11	31	1	3	3.440000     
8	31	2	3	6.260000     
8	31	1	3	3.610000     
7	31	2	3	6.300000     
7	31	1	3	2.960000     
30	31	2	4	1.700000     
30	31	1	4	3.300000     
25	31	2	4	4.000000     
25	31	1	4	4.400000     
24	31	3	4	5.400000     
23	31	2	4	3.300000     
23	31	1	4	4.500000     
22	31	3	4	5.700000     
20	31	2	4	5.600000     
20	31	1	4	6.100000     
17	31	3	4	6.190000     
16	31	3	4	6.270000     
15	31	2	4	4.170000     
15	31	1	4	5.670000     
13	31	3	4	6.480000     
12	31	3	4	6.540000     
11	31	2	4	4.440000     
11	31	1	4	5.900000     
8	31	2	4	7.100000     
8	31	1	4	7.150000     
7	31	2	4	7.150000     
7	31	1	4	3.800000     
30	31	2	5	3.300000     
30	31	1	5	3.700000     
25	31	2	5	3.700000     
25	31	1	5	4.000000     
24	31	4	5	5.400000     
24	31	3	5	6.100000     
23	31	2	5	4.000000     
23	31	1	5	4.100000     
22	31	4	5	5.700000     
22	31	3	5	6.800000     
20	31	2	5	5.700000     
20	31	1	5	6.480000     
17	31	4	5	6.190000     
17	31	3	5	7.260000     
16	31	4	5	6.270000     
16	31	3	5	5.290000     
15	31	2	5	3.190000     
15	31	1	5	5.730000     
13	31	4	5	6.480000     
13	31	3	5	6.830000     
12	31	4	5	6.540000     
12	31	3	5	5.580000     
11	31	2	5	3.480000     
11	31	1	5	5.950000     
8	31	2	5	7.150000     
8	31	1	5	6.280000     
7	31	2	5	7.190000     
7	31	1	5	3.850000     
30	31	11	12	-2.100000     
30	31	8	12	3.700000     
30	31	7	12	4.100000     
30	31	6	12	4.500000     
30	31	2	12	5.300000     
30	31	1	12	5.400000     
29	31	10	12	-4.500000     
28	31	10	12	-0.700000     
27	31	9	12	-2.900000     
26	31	10	12	1.600000     
25	31	11	12	4.500000     
25	31	8	12	-1.500000     
25	31	7	12	-2.500000     
25	31	6	12	-1.800000     
25	31	2	12	0.000000     
25	31	1	12	1.300000     
24	31	5	12	-4.000000     
24	31	4	12	-0.200000     
24	31	3	12	0.400000     
23	31	11	12	5.090000     
23	31	8	12	0.200000     
23	31	7	12	-1.300000     
23	31	6	12	-2.000000     
23	31	2	12	-1.700000     
23	31	1	12	-0.700000     
22	31	5	12	-4.200000     
22	31	4	12	-1.700000     
22	31	3	12	-2.300000     
21	31	10	12	3.100000     
20	31	11	12	5.400000     
20	31	8	12	1.500000     
20	31	7	12	1.700000     
20	31	6	12	0.700000     
20	31	2	12	-2.200000     
20	31	1	12	-1.500000     
19	31	10	12	3.000000     
18	31	9	12	0.800000     
17	31	5	12	1.200000     
17	31	4	12	-0.400000     
17	31	3	12	-0.200000     
16	31	5	12	1.400000     
16	31	4	12	0.300000     
16	31	3	12	-1.300000     
15	31	11	12	5.840000     
15	31	8	12	2.060000     
15	31	7	12	1.040000     
15	31	6	12	0.100000     
15	31	2	12	-3.400000     
15	31	1	12	-1.400000     
14	31	10	12	3.440000     
13	31	5	12	1.700000     
13	31	4	12	1.100000     
13	31	3	12	1.200000     
12	31	5	12	1.780000     
12	31	4	12	0.800000     
12	31	3	12	0.200000     
11	31	11	12	6.100000     
11	31	8	12	2.330000     
11	31	7	12	1.290000     
11	31	6	12	1.350000     
11	31	2	12	-1.900000     
11	31	1	12	-0.200000     
10	31	10	12	3.700000     
9	31	9	12	1.500000     
8	31	11	12	6.260000     
8	31	8	12	-0.900000     
8	31	7	12	2.550000     
8	31	6	12	2.600000     
8	31	2	12	1.740000     
8	31	1	12	0.900000     
7	31	11	12	6.300000     
7	31	8	12	2.550000     
7	31	7	12	-4.200000     
7	31	6	12	-0.750000     
7	31	2	12	1.810000     
7	31	1	12	-1.560000     
30	32	2	3	1.700000     
30	32	1	3	1.100000     
25	32	2	3	4.900000     
25	32	1	3	4.300000     
23	32	2	3	5.200000     
23	32	1	3	3.900000     
20	32	2	3	5.500000     
20	32	1	3	5.300000     
15	32	2	3	5.910000     
15	32	1	3	4.570000     
11	32	2	3	6.150000     
11	32	1	3	4.800000     
8	32	2	3	6.300000     
8	32	1	3	6.050000     
31	32	3	4	-0.900000     
30	32	2	4	-3.000000     
30	32	1	4	0.800000     
25	32	2	4	3.600000     
25	32	1	4	0.600000     
24	32	3	4	5.590000     
23	32	2	4	3.490000     
23	32	1	4	1.400000     
22	32	3	4	5.800000     
20	32	2	4	4.500000     
20	32	1	4	1.800000     
17	32	3	4	6.270000     
16	32	3	4	6.340000     
15	32	2	4	4.240000     
15	32	1	4	2.270000     
13	32	3	4	6.540000     
12	32	3	4	6.600000     
11	32	2	4	4.500000     
11	32	1	4	2.540000     
8	32	2	4	5.360000     
8	32	1	4	2.710000     
31	32	4	5	-0.900000     
31	32	3	5	2.900000     
30	32	2	5	0.800000     
30	32	1	5	2.300000     
25	32	2	5	3.100000     
25	32	1	5	3.500000     
24	32	4	5	5.590000     
24	32	3	5	4.500000     
23	32	2	5	2.400000     
23	32	1	5	3.600000     
22	32	4	5	5.800000     
22	32	3	5	4.800000     
20	32	2	5	4.700000     
20	32	1	5	5.200000     
17	32	4	5	6.270000     
17	32	3	5	5.290000     
16	32	4	5	6.340000     
16	32	3	5	5.370000     
15	32	2	5	3.270000     
15	32	1	5	4.770000     
13	32	4	5	6.540000     
13	32	3	5	5.580000     
12	32	4	5	6.600000     
12	32	3	5	5.640000     
11	32	2	5	3.540000     
11	32	1	5	5.000000     
8	32	2	5	6.200000     
8	32	1	5	6.250000     
31	32	5	12	5.400000     
31	32	4	12	5.590000     
31	32	3	12	5.700000     
30	32	11	12	1.700000     
30	32	8	12	2.300000     
30	32	7	12	1.800000     
30	32	6	12	2.500000     
30	32	2	12	3.600000     
30	32	1	12	4.100000     
29	32	10	12	-0.700000     
28	32	10	12	3.000000     
27	32	9	12	0.800000     
26	32	10	12	4.300000     
25	32	11	12	4.900000     
25	32	8	12	2.200000     
25	32	7	12	1.200000     
25	32	6	12	2.000000     
25	32	2	12	3.340000     
25	32	1	12	4.100000     
24	32	5	12	-0.200000     
24	32	4	12	3.160000     
24	32	3	12	3.740000     
23	32	11	12	5.200000     
23	32	8	12	4.000000     
23	32	7	12	2.400000     
23	32	6	12	1.700000     
23	32	2	12	1.640000     
23	32	1	12	2.630000     
22	32	5	12	-0.500000     
22	32	4	12	2.000000     
22	32	3	12	1.500000     
21	32	10	12	4.800000     
20	32	11	12	5.500000     
20	32	8	12	5.200000     
20	32	7	12	5.500000     
20	32	6	12	4.400000     
20	32	2	12	1.500000     
20	32	1	12	2.200000     
19	32	10	12	3.100000     
18	32	9	12	0.900000     
17	32	5	12	4.600000     
17	32	4	12	3.400000     
17	32	3	12	3.500000     
16	32	5	12	2.100000     
16	32	4	12	3.700000     
16	32	3	12	2.500000     
15	32	11	12	5.910000     
15	32	8	12	3.700000     
15	32	7	12	2.600000     
15	32	6	12	0.200000     
15	32	2	12	0.400000     
15	32	1	12	2.300000     
14	32	10	12	3.510000     
13	32	5	12	1.800000     
13	32	4	12	1.200000     
13	32	3	12	2.200000     
12	32	5	12	2.700000     
12	32	4	12	0.900000     
12	32	3	12	0.300000     
11	32	11	12	6.150000     
11	32	8	12	5.300000     
11	32	7	12	3.400000     
11	32	6	12	3.000000     
11	32	2	12	-1.800000     
11	32	1	12	1.100000     
10	32	10	12	3.750000     
9	32	9	12	1.550000     
8	32	11	12	6.300000     
8	32	8	12	-0.850000     
8	32	7	12	2.950000     
8	32	6	12	4.350000     
8	32	2	12	3.400000     
8	32	1	12	1.000000     
30	33	2	3	3.300000     
30	33	1	3	2.500000     
25	33	2	3	5.090000     
25	33	1	3	4.900000     
23	33	2	3	5.300000     
23	33	1	3	4.000000     
20	33	2	3	5.600000     
20	33	1	3	5.380000     
15	33	2	3	5.980000     
15	33	1	3	4.630000     
11	33	2	3	6.210000     
11	33	1	3	4.850000     
32	33	3	4	-0.900000     
31	33	3	4	2.900000     
30	33	2	4	0.800000     
30	33	1	4	0.200000     
25	33	2	4	4.000000     
25	33	1	4	3.400000     
24	33	3	4	5.700000     
23	33	2	4	3.600000     
23	33	1	4	3.000000     
22	33	3	4	5.900000     
20	33	2	4	4.600000     
20	33	1	4	4.400000     
17	33	3	4	6.340000     
16	33	3	4	6.410000     
15	33	2	4	4.310000     
15	33	1	4	3.670000     
13	33	3	4	6.600000     
12	33	3	4	6.650000     
11	33	2	4	4.550000     
11	33	1	4	3.900000     
32	33	4	5	-0.900000     
32	33	3	5	2.900000     
31	33	4	5	2.900000     
31	33	3	5	-1.800000     
30	33	2	5	-3.900000     
30	33	1	5	-0.100000     
25	33	2	5	2.700000     
25	33	1	5	-0.300000     
24	33	4	5	5.700000     
24	33	3	5	4.690000     
23	33	2	5	2.590000     
23	33	1	5	0.500000     
22	33	4	5	5.900000     
22	33	3	5	4.900000     
20	33	2	5	3.600000     
20	33	1	5	0.900000     
17	33	4	5	6.340000     
17	33	3	5	5.370000     
16	33	4	5	6.410000     
16	33	3	5	5.440000     
15	33	2	5	3.340000     
15	33	1	5	1.370000     
13	33	4	5	6.600000     
13	33	3	5	5.640000     
12	33	4	5	6.650000     
12	33	3	5	5.700000     
11	33	2	5	3.600000     
11	33	1	5	1.640000     
32	33	5	12	5.400000     
32	33	4	12	5.590000     
32	33	3	12	5.700000     
31	33	5	12	3.900000     
31	33	4	12	4.500000     
31	33	3	12	4.690000     
30	33	11	12	3.300000     
30	33	8	12	1.900000     
30	33	7	12	1.500000     
30	33	6	12	2.200000     
30	33	2	12	2.590000     
30	33	1	12	4.200000     
29	33	10	12	0.900000     
28	33	10	12	3.600000     
27	33	9	12	1.400000     
26	33	10	12	5.000000     
25	33	11	12	5.090000     
25	33	8	12	2.800000     
25	33	7	12	1.800000     
25	33	6	12	3.300000     
25	33	2	12	2.910000     
25	33	1	12	3.800000     
24	33	5	12	1.100000     
24	33	4	12	3.740000     
24	33	3	12	3.310000     
23	33	11	12	5.300000     
23	33	8	12	4.600000     
23	33	7	12	3.000000     
23	33	6	12	2.300000     
23	33	2	12	1.210000     
23	33	1	12	2.190000     
22	33	5	12	0.100000     
22	33	4	12	2.600000     
22	33	3	12	2.800000     
21	33	10	12	4.900000     
20	33	11	12	5.600000     
20	33	8	12	5.540000     
20	33	7	12	5.610000     
20	33	6	12	5.000000     
20	33	2	12	2.100000     
20	33	1	12	2.800000     
19	33	10	12	3.200000     
18	33	9	12	1.000000     
17	33	5	12	4.700000     
17	33	4	12	3.510000     
17	33	3	12	4.100000     
16	33	5	12	2.200000     
16	33	4	12	3.800000     
16	33	3	12	2.610000     
15	33	11	12	5.980000     
15	33	8	12	3.800000     
15	33	7	12	2.700000     
15	33	6	12	0.300000     
15	33	2	12	0.510000     
15	33	1	12	2.900000     
14	33	10	12	3.580000     
13	33	5	12	1.900000     
13	33	4	12	1.300000     
13	33	3	12	2.300000     
12	33	5	12	2.800000     
12	33	4	12	1.000000     
12	33	3	12	0.400000     
11	33	11	12	6.210000     
11	33	8	12	5.400000     
11	33	7	12	3.500000     
11	33	6	12	3.100000     
11	33	2	12	-1.700000     
11	33	1	12	1.200000     
10	33	10	12	3.810000     
9	33	9	12	1.610000     
33	34	5	10	4.600000     
33	34	4	10	5.000000     
33	34	3	10	5.400000     
32	34	5	10	3.600000     
32	34	4	10	3.700000     
32	34	3	10	4.100000     
31	34	5	10	3.300000     
31	34	4	10	2.700000     
31	34	3	10	2.800000     
30	34	8	10	3.400000     
30	34	7	10	1.900000     
30	34	6	10	1.600000     
30	34	2	10	0.700000     
30	34	1	10	4.500000     
27	34	9	10	4.900000     
25	34	8	10	6.100000     
25	34	7	10	5.300000     
25	34	6	10	5.500000     
25	34	2	10	2.900000     
25	34	1	10	3.200000     
24	34	5	10	3.300000     
24	34	4	10	5.600000     
24	34	3	10	5.300000     
23	34	8	10	6.300000     
23	34	7	10	5.300000     
23	34	6	10	5.380000     
23	34	2	10	3.200000     
23	34	1	10	3.300000     
22	34	5	10	3.180000     
22	34	4	10	6.100000     
22	34	3	10	5.000000     
20	34	8	10	6.560000     
20	34	7	10	6.640000     
20	34	6	10	6.700000     
20	34	2	10	5.180000     
20	34	1	10	5.500000     
18	34	9	10	5.840000     
17	34	5	10	6.260000     
17	34	4	10	4.540000     
17	34	3	10	7.180000     
16	34	5	10	6.600000     
16	34	4	10	5.360000     
16	34	3	10	3.640000     
15	34	8	10	6.890000     
15	34	7	10	5.850000     
15	34	6	10	5.140000     
15	34	2	10	1.540000     
15	34	1	10	5.340000     
13	34	5	10	6.740000     
13	34	4	10	6.140000     
13	34	3	10	7.030000     
12	34	5	10	6.790000     
12	34	4	10	5.840000     
12	34	3	10	5.240000     
11	34	8	10	7.100000     
11	34	7	10	6.050000     
11	34	6	10	6.090000     
11	34	2	10	3.140000     
11	34	1	10	4.740000     
30	35	2	3	4.100000     
30	35	1	3	2.900000     
25	35	2	3	5.300000     
25	35	1	3	6.200000     
23	35	2	3	5.500000     
23	35	1	3	5.300000     
20	35	2	3	5.770000     
20	35	1	3	6.640000     
15	35	2	3	6.100000     
15	35	1	3	5.850000     
11	35	2	3	6.300000     
11	35	1	3	6.050000     
33	35	3	4	2.900000     
32	35	3	4	3.800000     
31	35	3	4	4.200000     
30	35	2	4	2.100000     
30	35	1	4	1.900000     
25	35	2	4	4.800000     
25	35	1	4	5.600000     
24	35	3	4	5.900000     
23	35	2	4	3.800000     
23	35	1	4	4.680000     
22	35	3	4	6.100000     
20	35	2	4	5.240000     
20	35	1	4	6.010000     
17	35	3	4	6.480000     
16	35	3	4	6.540000     
15	35	2	4	4.440000     
15	35	1	4	5.200000     
13	35	3	4	6.710000     
12	35	3	4	6.760000     
11	35	2	4	4.660000     
11	35	1	4	5.390000     
33	35	4	5	2.900000     
33	35	3	5	1.500000     
32	35	4	5	3.800000     
32	35	3	5	2.000000     
31	35	4	5	4.200000     
31	35	3	5	2.900000     
30	35	2	5	0.800000     
30	35	1	5	1.600000     
25	35	2	5	4.900000     
25	35	1	5	4.400000     
24	35	4	5	5.900000     
24	35	3	5	6.300000     
23	35	2	5	4.200000     
23	35	1	5	4.760000     
22	35	4	5	6.100000     
22	35	3	5	6.480000     
20	35	2	5	5.310000     
20	35	1	5	5.600000     
17	35	4	5	6.480000     
17	35	3	5	6.830000     
16	35	4	5	6.540000     
16	35	3	5	5.580000     
15	35	2	5	3.480000     
15	35	1	5	5.250000     
13	35	4	5	6.710000     
13	35	3	5	6.350000     
12	35	4	5	6.760000     
12	35	3	5	5.810000     
11	35	2	5	3.710000     
11	35	1	5	5.430000     
34	35	10	12	2.500000     
33	35	5	12	6.100000     
33	35	4	12	6.000000     
33	35	3	12	6.100000     
32	35	5	12	4.600000     
32	35	4	12	5.200000     
32	35	3	12	5.100000     
31	35	5	12	4.200000     
31	35	4	12	3.700000     
31	35	3	12	4.300000     
30	35	11	12	4.100000     
30	35	8	12	3.400000     
30	35	7	12	1.900000     
30	35	6	12	2.500000     
30	35	2	12	2.200000     
30	35	1	12	5.460000     
29	35	10	12	1.700000     
28	35	10	12	5.500000     
27	35	9	12	3.300000     
26	35	10	12	6.800000     
25	35	11	12	5.300000     
25	35	8	12	4.700000     
25	35	7	12	3.700000     
25	35	6	12	4.400000     
25	35	2	12	3.130000     
25	35	1	12	4.100000     
24	35	5	12	2.200000     
24	35	4	12	5.970000     
24	35	3	12	5.530000     
23	35	11	12	5.500000     
23	35	8	12	6.400000     
23	35	7	12	4.900000     
23	35	6	12	4.200000     
23	35	2	12	3.430000     
23	35	1	12	3.400000     
22	35	5	12	2.000000     
22	35	4	12	4.500000     
22	35	3	12	3.900000     
21	35	10	12	6.160000     
20	35	11	12	5.770000     
20	35	8	12	6.770000     
20	35	7	12	6.830000     
20	35	6	12	6.700000     
20	35	2	12	4.000000     
20	35	1	12	4.700000     
19	35	10	12	3.370000     
18	35	9	12	1.170000     
17	35	5	12	4.870000     
17	35	4	12	4.730000     
17	35	3	12	5.670000     
16	35	5	12	2.370000     
16	35	4	12	3.970000     
16	35	3	12	3.830000     
15	35	11	12	6.100000     
15	35	8	12	3.970000     
15	35	7	12	2.870000     
15	35	6	12	0.470000     
15	35	2	12	1.730000     
15	35	1	12	3.870000     
14	35	10	12	3.700000     
13	35	5	12	2.070000     
13	35	4	12	1.470000     
13	35	3	12	2.470000     
12	35	5	12	2.970000     
12	35	4	12	1.170000     
12	35	3	12	0.570000     
11	35	11	12	6.300000     
11	35	8	12	5.570000     
11	35	7	12	3.670000     
11	35	6	12	3.270000     
11	35	2	12	-1.530000     
11	35	1	12	1.370000     
30	36	2	3	4.500000     
30	36	1	3	2.500000     
25	36	2	3	5.400000     
25	36	1	3	5.200000     
23	36	2	3	5.600000     
23	36	1	3	4.280000     
20	36	2	3	5.840000     
20	36	1	3	5.610000     
15	36	2	3	6.150000     
15	36	1	3	4.800000     
35	36	3	4	-0.900000     
33	36	3	4	3.800000     
32	36	3	4	4.200000     
31	36	3	4	4.600000     
30	36	2	4	2.500000     
30	36	1	4	2.000000     
25	36	2	4	4.400000     
25	36	1	4	5.300000     
24	36	3	4	6.000000     
23	36	2	4	3.900000     
23	36	1	4	4.400000     
22	36	3	4	6.190000     
20	36	2	4	4.870000     
20	36	1	4	5.740000     
17	36	3	4	6.540000     
16	36	3	4	6.600000     
15	36	2	4	4.500000     
15	36	1	4	4.950000     
13	36	3	4	6.760000     
12	36	3	4	6.800000     
35	36	4	5	-0.900000     
35	36	3	5	2.900000     
33	36	4	5	3.800000     
33	36	3	5	2.000000     
32	36	4	5	4.200000     
32	36	3	5	2.900000     
31	36	4	5	4.600000     
31	36	3	5	3.300000     
30	36	2	5	1.200000     
30	36	1	5	1.000000     
25	36	2	5	3.900000     
25	36	1	5	4.700000     
24	36	4	5	6.000000     
24	36	3	5	5.000000     
23	36	2	5	2.900000     
23	36	1	5	3.780000     
22	36	4	5	6.190000     
22	36	3	5	5.200000     
20	36	2	5	4.340000     
20	36	1	5	5.110000     
17	36	4	5	6.540000     
17	36	3	5	5.580000     
16	36	4	5	6.600000     
16	36	3	5	5.640000     
15	36	2	5	3.540000     
15	36	1	5	4.300000     
13	36	4	5	6.760000     
13	36	3	5	5.810000     
12	36	4	5	6.800000     
12	36	3	5	5.860000     
35	36	5	12	5.400000     
35	36	4	12	5.590000     
35	36	3	12	5.700000     
34	36	10	12	1.700000     
33	36	5	12	4.600000     
33	36	4	12	4.500000     
33	36	3	12	5.100000     
32	36	5	12	3.100000     
32	36	4	12	3.700000     
32	36	3	12	3.600000     
31	36	5	12	2.700000     
31	36	4	12	2.200000     
31	36	3	12	2.800000     
30	36	11	12	4.500000     
30	36	8	12	2.900000     
30	36	7	12	1.400000     
30	36	6	12	1.000000     
30	36	2	12	0.700000     
30	36	1	12	3.940000     
29	36	10	12	2.100000     
28	36	10	12	5.600000     
27	36	9	12	3.400000     
26	36	10	12	5.800000     
25	36	11	12	5.400000     
25	36	8	12	4.800000     
25	36	7	12	3.800000     
25	36	6	12	4.800000     
25	36	2	12	2.300000     
25	36	1	12	2.600000     
24	36	5	12	2.600000     
24	36	4	12	5.000000     
24	36	3	12	4.700000     
23	36	11	12	5.600000     
23	36	8	12	5.540000     
23	36	7	12	4.510000     
23	36	6	12	4.300000     
23	36	2	12	2.600000     
23	36	1	12	2.700000     
22	36	5	12	2.100000     
22	36	4	12	4.600000     
22	36	3	12	4.300000     
21	36	10	12	5.140000     
20	36	11	12	5.840000     
20	36	8	12	5.730000     
20	36	7	12	5.790000     
20	36	6	12	5.850000     
20	36	2	12	4.100000     
20	36	1	12	4.800000     
19	36	10	12	3.440000     
18	36	9	12	1.240000     
17	36	5	12	4.940000     
17	36	4	12	3.690000     
17	36	3	12	5.740000     
16	36	5	12	2.440000     
16	36	4	12	4.040000     
16	36	3	12	2.790000     
15	36	11	12	6.150000     
15	36	8	12	4.040000     
15	36	7	12	2.940000     
15	36	6	12	0.540000     
15	36	2	12	0.690000     
15	36	1	12	3.940000     
14	36	10	12	3.750000     
13	36	5	12	2.140000     
13	36	4	12	1.540000     
13	36	3	12	2.540000     
12	36	5	12	3.040000     
12	36	4	12	1.240000     
12	36	3	12	0.640000     
36	37	5	9	3.700000     
36	37	4	9	4.100000     
36	37	3	9	4.500000     
35	37	5	9	1.200000     
35	37	4	9	2.800000     
35	37	3	9	3.200000     
33	37	5	9	1.600000     
33	37	4	9	1.600000     
33	37	3	9	2.200000     
32	37	5	9	1.200000     
32	37	4	9	0.700000     
32	37	3	9	0.700000     
31	37	5	9	1.800000     
31	37	4	9	0.300000     
31	37	3	9	-0.200000     
30	37	8	9	4.400000     
30	37	7	9	2.500000     
30	37	6	9	2.100000     
30	37	2	9	-2.300000     
30	37	1	9	1.080000     
25	37	8	9	5.000000     
25	37	7	9	4.600000     
25	37	6	9	4.680000     
25	37	2	9	3.400000     
25	37	1	9	1.300000     
24	37	5	9	2.480000     
24	37	4	9	5.610000     
24	37	3	9	5.670000     
23	37	8	9	5.190000     
23	37	7	9	3.660000     
23	37	6	9	3.740000     
23	37	2	9	3.570000     
23	37	1	9	2.100000     
22	37	5	9	1.540000     
22	37	4	9	5.340000     
22	37	3	9	4.180000     
20	37	8	9	5.410000     
20	37	7	9	4.970000     
20	37	6	9	5.030000     
20	37	2	9	3.540000     
20	37	1	9	2.500000     
17	37	5	9	5.110000     
17	37	4	9	2.870000     
17	37	3	9	5.540000     
16	37	5	9	4.900000     
16	37	4	9	4.210000     
16	37	3	9	1.970000     
15	37	8	9	5.710000     
15	37	7	9	4.150000     
15	37	6	9	4.200000     
15	37	2	9	-0.130000     
15	37	1	9	2.970000     
13	37	5	9	5.250000     
13	37	4	9	5.200000     
13	37	3	9	5.510000     
36	38	5	9	3.400000     
36	38	4	9	4.000000     
36	38	3	9	4.700000     
35	38	5	9	1.900000     
35	38	4	9	2.500000     
35	38	3	9	3.100000     
33	38	5	9	3.400000     
33	38	4	9	2.300000     
33	38	3	9	2.900000     
32	38	5	9	2.900000     
32	38	4	9	2.500000     
32	38	3	9	1.400000     
31	38	5	9	3.500000     
31	38	4	9	2.000000     
31	38	3	9	1.600000     
30	38	8	9	4.590000     
30	38	7	9	4.200000     
30	38	6	9	3.800000     
30	38	2	9	-0.500000     
30	38	1	9	1.760000     
25	38	8	9	5.100000     
25	38	7	9	5.780000     
25	38	6	9	5.860000     
25	38	2	9	5.100000     
25	38	1	9	3.100000     
24	38	5	9	3.660000     
24	38	4	9	6.770000     
24	38	3	9	6.830000     
23	38	8	9	5.270000     
23	38	7	9	4.840000     
23	38	6	9	4.910000     
23	38	2	9	4.730000     
23	38	1	9	3.900000     
22	38	5	9	2.710000     
22	38	4	9	6.510000     
22	38	3	9	5.360000     
20	38	8	9	5.480000     
20	38	7	9	6.130000     
20	38	6	9	6.190000     
20	38	2	9	4.710000     
20	38	1	9	4.300000     
17	38	5	9	5.180000     
17	38	4	9	4.030000     
17	38	3	9	6.710000     
16	38	5	9	6.050000     
16	38	4	9	4.280000     
16	38	3	9	3.130000     
15	38	8	9	5.760000     
15	38	7	9	5.300000     
15	38	6	9	5.350000     
15	38	2	9	1.030000     
15	38	1	9	4.770000     
38	39	9	10	-2.200000     
37	39	9	10	1.600000     
36	39	5	10	1.200000     
36	39	4	10	1.800000     
36	39	3	10	2.500000     
35	39	5	10	-0.300000     
35	39	4	10	0.300000     
35	39	3	10	0.900000     
33	39	5	10	1.200000     
33	39	4	10	0.100000     
33	39	3	10	0.700000     
32	39	5	10	0.700000     
32	39	4	10	0.300000     
32	39	3	10	-0.800000     
31	39	5	10	1.300000     
31	39	4	10	-0.200000     
31	39	3	10	-0.600000     
30	39	8	10	2.390000     
30	39	7	10	2.000000     
30	39	6	10	1.600000     
30	39	2	10	-2.700000     
30	39	1	10	-0.440000     
27	39	9	10	5.500000     
25	39	8	10	2.900000     
25	39	7	10	3.580000     
25	39	6	10	3.660000     
25	39	2	10	2.900000     
25	39	1	10	0.900000     
24	39	5	10	1.460000     
24	39	4	10	4.570000     
24	39	3	10	4.630000     
23	39	8	10	3.070000     
23	39	7	10	2.640000     
23	39	6	10	2.710000     
23	39	2	10	2.530000     
23	39	1	10	1.700000     
22	39	5	10	0.510000     
22	39	4	10	4.310000     
22	39	3	10	3.160000     
20	39	8	10	3.280000     
20	39	7	10	3.930000     
20	39	6	10	3.990000     
20	39	2	10	2.510000     
20	39	1	10	2.100000     
18	39	9	10	6.150000     
17	39	5	10	2.980000     
17	39	4	10	1.830000     
17	39	3	10	4.510000     
16	39	5	10	3.850000     
16	39	4	10	2.080000     
16	39	3	10	0.930000     
15	39	8	10	3.560000     
15	39	7	10	3.100000     
15	39	6	10	3.150000     
15	39	2	10	-1.170000     
15	39	1	10	2.570000     
