2	3	3	4	-2.100000     
1	3	3	4	1.700000     
2	3	3	5	1.700000     
1	3	3	5	1.100000     
2	3	3	6	3.300000     
1	3	3	6	3.000000     
2	3	3	8	4.100000     
1	3	3	8	4.000000     
2	3	3	9	4.500000     
1	3	3	9	4.700000     
2	4	3	4	1.700000     
1	4	3	4	3.300000     
3	4	4	5	-0.900000     
2	4	3	5	-3.000000     
1	4	3	5	0.800000     
3	4	5	6	-0.900000     
3	4	4	6	2.900000     
2	4	3	6	0.800000     
1	4	3	6	0.200000     
3	4	6	8	2.900000     
3	4	5	8	3.800000     
3	4	4	8	4.200000     
2	4	3	8	2.100000     
1	4	3	8	3.700000     
3	4	8	9	-0.900000     
3	4	6	9	3.800000     
3	4	5	9	4.200000     
3	4	4	9	4.600000     
2	4	3	9	2.500000     
1	4	3	9	3.100000     
2	5	3	4	3.300000     
1	5	3	4	3.700000     
4	5	4	5	-0.900000     
3	5	4	5	2.900000     
2	5	3	5	0.800000     
1	5	3	5	2.400000     
4	5	5	6	-0.900000     
4	5	4	6	2.900000     
3	5	5	6	2.900000     
3	5	4	6	-1.800000     
2	5	3	6	-3.900000     
1	5	3	6	-0.100000     
4	5	6	8	2.900000     
4	5	5	8	3.800000     
4	5	4	8	4.200000     
3	5	6	8	1.700000     
3	5	5	8	2.000000     
3	5	4	8	2.900000     
2	5	3	8	0.800000     
1	5	3	8	3.100000     
4	5	8	9	-0.900000     
4	5	6	9	3.800000     
4	5	5	9	4.200000     
4	5	4	9	4.600000     
3	5	8	9	2.900000     
3	5	6	9	2.000000     
3	5	5	9	2.900000     
3	5	4	9	3.300000     
2	5	3	9	1.200000     
1	5	3	9	2.800000     
8	9	3	10	4.400000     
7	9	3	10	4.700000     
6	9	3	10	4.300000     
5	9	9	10	3.700000     
5	9	8	10	3.400000     
5	9	6	10	2.700000     
5	9	5	10	3.400000     
5	9	4	10	4.000000     
4	9	9	10	4.100000     
4	9	8	10	2.800000     
4	9	6	10	3.400000     
4	9	5	10	1.800000     
4	9	4	10	2.500000     
3	9	9	10	4.500000     
3	9	8	10	3.200000     
3	9	6	10	4.000000     
3	9	5	10	2.500000     
3	9	4	10	0.900000     
2	9	3	10	-1.200000     
1	9	3	10	2.600000     
8	9	3	11	4.590000     
7	9	3	11	5.300000     
6	9	3	11	4.900000     
5	9	9	11	3.400000     
5	9	8	11	3.000000     
5	9	6	11	3.400000     
5	9	5	11	4.000000     
5	9	4	11	4.600000     
4	9	9	11	4.000000     
4	9	8	11	2.500000     
4	9	6	11	3.000000     
4	9	5	11	2.500000     
4	9	4	11	3.100000     
3	9	9	11	4.700000     
3	9	8	11	3.100000     
3	9	6	11	3.600000     
3	9	5	11	2.100000     
3	9	4	11	1.600000     
2	9	3	11	-0.500000     
1	9	3	11	2.860000     
8	10	3	7	3.400000     
7	10	3	7	3.000000     
6	10	3	7	2.700000     
5	10	6	7	4.600000     
5	10	5	7	4.700000     
5	10	4	7	4.400000     
4	10	6	7	5.000000     
4	10	5	7	3.700000     
4	10	4	7	3.800000     
3	10	6	7	5.400000     
3	10	5	7	4.100000     
3	10	4	7	2.800000     
2	10	3	7	0.700000     
1	10	3	7	4.500000     
9	10	11	12	-2.200000     
9	10	10	12	1.600000     
8	10	3	12	2.390000     
7	10	3	12	3.100000     
6	10	3	12	2.700000     
5	10	9	12	1.200000     
5	10	8	12	0.800000     
5	10	6	12	1.200000     
5	10	5	12	1.800000     
5	10	4	12	2.400000     
4	10	9	12	1.800000     
4	10	8	12	0.300000     
4	10	6	12	0.800000     
4	10	5	12	0.300000     
4	10	4	12	0.900000     
3	10	9	12	2.500000     
3	10	8	12	0.900000     
3	10	6	12	1.400000     
3	10	5	12	-0.100000     
3	10	4	12	-0.600000     
2	10	3	12	-2.700000     
1	10	3	12	0.660000     
10	11	2	3	-2.400000     
10	11	1	3	1.400000     
11	12	3	4	-2.100000     
10	12	2	4	-4.500000     
10	12	1	4	-0.700000     
8	12	3	4	3.700000     
7	12	3	4	4.100000     
6	12	3	4	4.500000     
2	12	3	4	5.300000     
1	12	3	4	5.400000     
11	12	3	5	1.700000     
10	12	2	5	-0.700000     
10	12	1	5	3.100000     
8	12	3	5	3.400000     
7	12	3	5	4.000000     
6	12	3	5	4.700000     
5	12	4	5	5.400000     
4	12	4	5	5.590000     
3	12	4	5	5.700000     
2	12	3	5	3.600000     
1	12	3	5	6.300000     
11	12	3	6	3.300000     
10	12	2	6	0.900000     
10	12	1	6	4.700000     
8	12	3	6	3.000000     
7	12	3	6	3.700000     
6	12	3	6	4.400000     
5	12	5	6	5.400000     
5	12	4	6	6.100000     
4	12	5	6	5.590000     
4	12	4	6	4.500000     
3	12	5	6	5.700000     
3	12	4	6	4.690000     
2	12	3	6	2.590000     
1	12	3	6	6.390000     
11	12	3	8	4.100000     
10	12	7	8	2.500000     
10	12	2	8	1.700000     
10	12	1	8	5.500000     
8	12	3	8	3.400000     
7	12	3	8	3.000000     
6	12	3	8	3.600000     
5	12	6	8	6.100000     
5	12	5	8	5.700000     
5	12	4	8	5.300000     
4	12	6	8	6.700000     
4	12	5	8	5.200000     
4	12	4	8	4.800000     
3	12	6	8	6.800000     
3	12	5	8	5.800000     
3	12	4	8	4.300000     
2	12	3	8	2.200000     
1	12	3	8	6.000000     
11	12	3	9	4.500000     
10	12	7	9	1.700000     
10	12	2	9	2.100000     
10	12	1	9	5.900000     
8	12	3	9	4.000000     
7	12	3	9	3.600000     
6	12	3	9	3.200000     
5	12	8	9	5.400000     
5	12	6	9	5.700000     
5	12	5	9	5.300000     
5	12	4	9	4.900000     
4	12	8	9	5.590000     
4	12	6	9	6.300000     
4	12	5	9	4.800000     
4	12	4	9	4.400000     
3	12	8	9	5.700000     
3	12	6	9	6.900000     
3	12	5	9	5.400000     
3	12	4	9	3.900000     
2	12	3	9	1.800000     
1	12	3	9	5.600000     
11	13	3	4	1.700000     
10	13	2	4	-0.700000     
10	13	1	4	1.300000     
8	13	3	4	4.100000     
7	13	3	4	4.500000     
6	13	3	4	4.900000     
2	13	3	4	5.400000     
1	13	3	4	5.500000     
12	13	4	5	-0.900000     
11	13	3	5	-3.000000     
10	13	2	5	-5.400000     
10	13	1	5	-1.600000     
8	13	3	5	2.800000     
7	13	3	5	3.200000     
6	13	3	5	3.600000     
5	13	4	5	5.590000     
4	13	4	5	5.700000     
3	13	4	5	5.800000     
2	13	3	5	3.700000     
1	13	3	5	4.500000     
12	13	5	6	-0.900000     
12	13	4	6	2.900000     
11	13	3	6	0.800000     
10	13	2	6	-1.600000     
10	13	1	6	2.200000     
8	13	3	6	2.500000     
7	13	3	6	3.100000     
6	13	3	6	3.800000     
5	13	5	6	5.590000     
5	13	4	6	4.500000     
4	13	5	6	5.700000     
4	13	4	6	4.690000     
3	13	5	6	5.800000     
3	13	4	6	4.800000     
2	13	3	6	2.700000     
1	13	3	6	5.400000     
12	13	6	8	2.900000     
12	13	5	8	3.800000     
12	13	4	8	4.200000     
11	13	3	8	2.100000     
10	13	7	8	3.800000     
10	13	2	8	-0.300000     
10	13	1	8	3.500000     
8	13	3	8	3.000000     
7	13	3	8	3.600000     
6	13	3	8	4.200000     
5	13	6	8	6.700000     
5	13	5	8	6.300000     
5	13	4	8	5.900000     
4	13	6	8	6.800000     
4	13	5	8	5.800000     
4	13	4	8	5.400000     
3	13	6	8	6.900000     
3	13	5	8	5.900000     
3	13	4	8	4.900000     
2	13	3	8	2.800000     
1	13	3	8	6.600000     
12	13	8	9	-0.900000     
12	13	6	9	3.800000     
12	13	5	9	4.200000     
12	13	4	9	4.600000     
11	13	3	9	2.500000     
10	13	7	9	1.600000     
10	13	2	9	0.100000     
10	13	1	9	3.900000     
8	13	3	9	2.500000     
7	13	3	9	2.100000     
6	13	3	9	2.700000     
5	13	8	9	5.590000     
5	13	6	9	5.200000     
5	13	5	9	4.800000     
5	13	4	9	4.400000     
4	13	8	9	5.700000     
4	13	6	9	5.800000     
4	13	5	9	4.300000     
4	13	4	9	3.900000     
3	13	8	9	5.800000     
3	13	6	9	5.900000     
3	13	5	9	4.900000     
3	13	4	9	3.400000     
2	13	3	9	1.300000     
1	13	3	9	5.100000     
10	14	1	2	4.200000     
13	14	6	7	-1.100000     
13	14	5	7	2.700000     
13	14	4	7	3.800000     
12	14	6	7	2.700000     
12	14	5	7	-2.000000     
12	14	4	7	1.800000     
11	14	3	7	-0.300000     
10	14	2	7	-2.700000     
10	14	1	7	1.100000     
8	14	3	7	1.400000     
7	14	3	7	2.000000     
6	14	3	7	2.700000     
5	14	6	7	5.700000     
5	14	5	7	4.490000     
5	14	4	7	3.400000     
4	14	6	7	5.800000     
4	14	5	7	4.600000     
4	14	4	7	3.590000     
3	14	6	7	5.900000     
3	14	5	7	4.700000     
3	14	4	7	3.700000     
2	14	3	7	1.600000     
1	14	3	7	4.300000     
13	14	9	12	3.800000     
13	14	8	12	4.200000     
13	14	6	12	5.000000     
13	14	5	12	5.400000     
13	14	4	12	5.590000     
12	14	9	12	3.200000     
12	14	8	12	2.900000     
12	14	6	12	5.400000     
12	14	5	12	4.100000     
12	14	4	12	4.500000     
11	14	3	12	2.400000     
10	14	7	12	4.100000     
10	14	2	12	0.000000     
10	14	1	12	3.800000     
9	14	11	12	4.100000     
9	14	10	12	4.000000     
8	14	3	12	4.980000     
7	14	3	12	4.560000     
6	14	3	12	4.140000     
5	14	9	12	6.900000     
5	14	8	12	6.500000     
5	14	6	12	5.680000     
5	14	5	12	5.260000     
5	14	4	12	4.840000     
4	14	9	12	7.000000     
4	14	8	12	6.000000     
4	14	6	12	6.260000     
4	14	5	12	4.780000     
4	14	4	12	4.360000     
3	14	9	12	7.100000     
3	14	8	12	6.100000     
3	14	6	12	6.840000     
3	14	5	12	5.360000     
3	14	4	12	3.880000     
2	14	3	12	1.780000     
1	14	3	12	5.580000     
14	15	2	3	-2.400000     
14	15	1	3	1.400000     
10	15	2	3	4.100000     
10	15	1	3	1.800000     
15	16	3	4	-2.100000     
14	16	2	4	-4.500000     
14	16	1	4	-0.700000     
11	16	3	4	4.100000     
10	16	2	4	1.700000     
10	16	1	4	-0.300000     
8	16	3	4	5.090000     
7	16	3	4	5.200000     
6	16	3	4	5.300000     
2	16	3	4	5.690000     
1	16	3	4	5.770000     
15	16	3	5	1.700000     
14	16	2	5	-0.700000     
14	16	1	5	3.100000     
13	16	4	5	3.800000     
12	16	4	5	4.200000     
11	16	3	5	2.100000     
10	16	2	5	-0.300000     
10	16	1	5	3.500000     
8	16	3	5	6.000000     
7	16	3	5	6.100000     
6	16	3	5	6.200000     
5	16	4	5	5.900000     
4	16	4	5	6.000000     
3	16	4	5	6.100000     
2	16	3	5	4.000000     
1	16	3	5	6.640000     
15	16	3	6	3.300000     
14	16	2	6	0.900000     
14	16	1	6	4.700000     
13	16	5	6	3.800000     
13	16	4	6	3.200000     
12	16	5	6	4.200000     
12	16	4	6	2.900000     
11	16	3	6	0.800000     
10	16	2	6	-1.600000     
10	16	1	6	2.200000     
8	16	3	6	5.600000     
7	16	3	6	6.200000     
6	16	3	6	6.300000     
5	16	5	6	5.900000     
5	16	4	6	7.000000     
4	16	5	6	6.000000     
4	16	4	6	5.000000     
3	16	5	6	6.100000     
3	16	4	6	5.100000     
2	16	3	6	3.000000     
1	16	3	6	6.710000     
15	16	3	8	4.100000     
14	16	7	8	2.500000     
14	16	2	8	1.700000     
14	16	1	8	5.500000     
13	16	6	8	1.400000     
13	16	5	8	1.700000     
13	16	4	8	3.000000     
12	16	6	8	4.100000     
12	16	5	8	0.500000     
12	16	4	8	0.800000     
11	16	3	8	-1.300000     
10	16	7	8	5.000000     
10	16	2	8	-3.700000     
10	16	1	8	0.100000     
8	16	3	8	3.900000     
7	16	3	8	4.500000     
6	16	3	8	5.200000     
5	16	6	8	7.000000     
5	16	5	8	6.990000     
5	16	4	8	5.900000     
4	16	6	8	7.100000     
4	16	5	8	6.100000     
4	16	4	8	6.090000     
3	16	6	8	7.180000     
3	16	5	8	6.200000     
3	16	4	8	5.200000     
2	16	3	8	3.100000     
1	16	3	8	6.200000     
15	16	3	9	4.500000     
14	16	7	9	1.700000     
14	16	2	9	2.100000     
14	16	1	9	5.900000     
13	16	8	9	3.800000     
13	16	6	9	0.600000     
13	16	5	9	3.000000     
13	16	4	9	3.700000     
12	16	8	9	4.200000     
12	16	6	9	3.700000     
12	16	5	9	-0.300000     
12	16	4	9	2.100000     
11	16	3	9	-0.000000     
10	16	7	9	5.400000     
10	16	2	9	-2.400000     
10	16	1	9	1.400000     
8	16	3	9	3.100000     
7	16	3	9	3.700000     
6	16	3	9	4.400000     
5	16	8	9	5.900000     
5	16	6	9	7.100000     
5	16	5	9	6.190000     
5	16	4	9	5.100000     
4	16	8	9	6.000000     
4	16	6	9	7.180000     
4	16	5	9	6.200000     
4	16	4	9	5.290000     
3	16	8	9	6.100000     
3	16	6	9	7.260000     
3	16	5	9	6.280000     
3	16	4	9	5.300000     
2	16	3	9	3.200000     
1	16	3	9	6.000000     
15	17	3	4	1.700000     
14	17	2	4	-0.700000     
14	17	1	4	1.300000     
11	17	3	4	4.500000     
10	17	2	4	2.100000     
10	17	1	4	3.500000     
8	17	3	4	5.200000     
7	17	3	4	5.300000     
6	17	3	4	5.400000     
2	17	3	4	5.770000     
1	17	3	4	5.840000     
16	17	4	5	-0.900000     
15	17	3	5	-3.000000     
14	17	2	5	-5.400000     
14	17	1	5	-1.600000     
13	17	4	5	4.200000     
12	17	4	5	4.600000     
11	17	3	5	2.500000     
10	17	2	5	0.100000     
10	17	1	5	-1.200000     
8	17	3	5	4.190000     
7	17	3	5	4.300000     
6	17	3	5	4.400000     
5	17	4	5	6.000000     
4	17	4	5	6.100000     
3	17	4	5	6.190000     
2	17	3	5	4.090000     
1	17	3	5	4.870000     
16	17	5	6	-0.900000     
16	17	4	6	2.900000     
15	17	3	6	0.800000     
14	17	2	6	-1.600000     
14	17	1	6	2.200000     
13	17	5	6	4.200000     
13	17	4	6	2.900000     
12	17	5	6	4.600000     
12	17	4	6	3.300000     
11	17	3	6	1.200000     
10	17	2	6	-1.200000     
10	17	1	6	2.600000     
8	17	3	6	5.100000     
7	17	3	6	5.200000     
6	17	3	6	5.300000     
5	17	5	6	6.000000     
5	17	4	6	5.000000     
4	17	5	6	6.100000     
4	17	4	6	5.100000     
3	17	5	6	6.190000     
3	17	4	6	5.200000     
2	17	3	6	3.100000     
1	17	3	6	5.740000     
16	17	6	8	2.900000     
16	17	5	8	3.800000     
16	17	4	8	4.200000     
15	17	3	8	2.100000     
14	17	7	8	3.800000     
14	17	2	8	-0.300000     
14	17	1	8	3.500000     
13	17	6	8	2.700000     
13	17	5	8	3.000000     
13	17	4	8	2.700000     
12	17	6	8	4.700000     
12	17	5	8	1.800000     
12	17	4	8	2.100000     
11	17	3	8	-0.000000     
10	17	7	8	5.400000     
10	17	2	8	-2.400000     
10	17	1	8	1.400000     
8	17	3	8	5.200000     
7	17	3	8	5.800000     
6	17	3	8	6.500000     
5	17	6	8	7.100000     
5	17	5	8	7.180000     
5	17	4	8	7.200000     
4	17	6	8	7.180000     
4	17	5	8	6.200000     
4	17	4	8	6.280000     
3	17	6	8	7.260000     
3	17	5	8	6.280000     
3	17	4	8	5.300000     
2	17	3	8	3.200000     
1	17	3	8	6.890000     
16	17	8	9	-0.900000     
16	17	6	9	3.800000     
16	17	5	9	4.200000     
16	17	4	9	4.600000     
15	17	3	9	2.500000     
14	17	7	9	1.600000     
14	17	2	9	0.100000     
14	17	1	9	3.900000     
13	17	8	9	4.200000     
13	17	6	9	0.500000     
13	17	5	9	0.800000     
13	17	4	9	2.100000     
12	17	8	9	4.600000     
12	17	6	9	3.200000     
12	17	5	9	-0.400000     
12	17	4	9	-0.100000     
11	17	3	9	-2.200000     
10	17	7	9	4.100000     
10	17	2	9	-4.600000     
10	17	1	9	-0.800000     
8	17	3	9	3.000000     
7	17	3	9	3.600000     
6	17	3	9	4.300000     
5	17	8	9	6.000000     
5	17	6	9	6.100000     
5	17	5	9	6.090000     
5	17	4	9	5.000000     
4	17	8	9	6.100000     
4	17	6	9	6.200000     
4	17	5	9	5.200000     
4	17	4	9	5.190000     
3	17	8	9	6.190000     
3	17	6	9	6.280000     
3	17	5	9	5.300000     
3	17	4	9	4.300000     
2	17	3	9	2.200000     
1	17	3	9	5.300000     
17	18	9	10	-2.100000     
17	18	8	10	1.700000     
17	18	6	10	3.700000     
17	18	5	10	4.100000     
17	18	4	10	4.500000     
16	18	9	10	1.700000     
16	18	8	10	-3.000000     
16	18	6	10	1.700000     
16	18	5	10	2.100000     
16	18	4	10	2.500000     
15	18	3	10	0.400000     
14	18	7	10	-0.500000     
14	18	2	10	-2.000000     
14	18	1	10	1.800000     
13	18	9	10	4.100000     
13	18	8	10	2.100000     
13	18	6	10	-1.600000     
13	18	5	10	-1.300000     
13	18	4	10	-0.000000     
12	18	9	10	4.500000     
12	18	8	10	2.500000     
12	18	6	10	1.100000     
12	18	5	10	-2.500000     
12	18	4	10	-2.200000     
11	18	3	10	-4.300000     
10	18	7	10	2.000000     
10	18	2	10	-6.700000     
10	18	1	10	-2.900000     
8	18	3	10	0.900000     
7	18	3	10	1.500000     
6	18	3	10	2.200000     
5	18	9	10	5.600000     
5	18	8	10	3.900000     
5	18	6	10	4.000000     
5	18	5	10	3.990000     
5	18	4	10	2.900000     
4	18	9	10	5.690000     
4	18	8	10	4.000000     
4	18	6	10	4.100000     
4	18	5	10	3.100000     
4	18	4	10	3.090000     
3	18	9	10	5.770000     
3	18	8	10	4.090000     
3	18	6	10	4.180000     
3	18	5	10	3.200000     
3	18	4	10	2.200000     
2	18	3	10	0.100000     
1	18	3	10	3.200000     
17	18	9	11	1.700000     
17	18	8	11	3.300000     
17	18	6	11	4.100000     
17	18	5	11	4.500000     
17	18	4	11	4.900000     
16	18	9	11	1.100000     
16	18	8	11	0.800000     
16	18	6	11	4.000000     
16	18	5	11	3.200000     
16	18	4	11	3.600000     
15	18	3	11	1.500000     
14	18	7	11	2.700000     
14	18	2	11	-0.900000     
14	18	1	11	2.900000     
13	18	9	11	4.000000     
13	18	8	11	3.000000     
13	18	6	11	1.600000     
13	18	5	11	2.500000     
13	18	4	11	3.500000     
12	18	9	11	4.700000     
12	18	8	11	3.100000     
12	18	6	11	3.600000     
12	18	5	11	0.700000     
12	18	4	11	1.600000     
11	18	3	11	-0.500000     
10	18	7	11	5.200000     
10	18	2	11	-2.900000     
10	18	1	11	0.900000     
9	18	10	11	4.700000     
8	18	3	11	4.010000     
7	18	3	11	4.570000     
6	18	3	11	5.130000     
5	18	9	11	6.480000     
5	18	8	11	6.560000     
5	18	6	11	6.710000     
5	18	5	11	6.770000     
5	18	4	11	6.100000     
4	18	9	11	6.560000     
4	18	8	11	5.580000     
4	18	6	11	6.770000     
4	18	5	11	5.810000     
4	18	4	11	5.870000     
3	18	9	11	6.640000     
3	18	8	11	5.660000     
3	18	6	11	6.830000     
3	18	5	11	5.870000     
3	18	4	11	4.910000     
2	18	3	11	2.810000     
1	18	3	11	6.400000     
14	19	1	2	4.600000     
10	19	1	2	5.700000     
17	19	6	7	2.700000     
17	19	5	7	1.700000     
17	19	4	7	5.500000     
16	19	6	7	3.800000     
16	19	5	7	1.800000     
16	19	4	7	0.800000     
15	19	3	7	-1.300000     
14	19	2	7	-3.700000     
14	19	1	7	0.100000     
13	19	6	7	5.000000     
13	19	5	7	4.700000     
13	19	4	7	4.400000     
12	19	6	7	5.400000     
12	19	5	7	4.100000     
12	19	4	7	3.800000     
11	19	3	7	1.700000     
10	19	2	7	-0.700000     
10	19	1	7	0.500000     
8	19	3	7	5.890000     
7	19	3	7	6.000000     
6	19	3	7	6.100000     
5	19	6	7	6.190000     
5	19	5	7	7.260000     
5	19	4	7	7.340000     
4	19	6	7	6.270000     
4	19	5	7	5.290000     
4	19	4	7	6.360000     
3	19	6	7	6.340000     
3	19	5	7	5.370000     
3	19	4	7	4.390000     
2	19	3	7	2.290000     
1	19	3	7	6.090000     
18	19	11	12	-2.200000     
18	19	10	12	1.600000     
17	19	9	12	-0.500000     
17	19	8	12	1.100000     
17	19	6	12	1.900000     
17	19	5	12	2.300000     
17	19	4	12	2.700000     
16	19	9	12	-1.100000     
16	19	8	12	-1.400000     
16	19	6	12	1.800000     
16	19	5	12	1.000000     
16	19	4	12	1.400000     
15	19	3	12	-0.700000     
14	19	7	12	0.500000     
14	19	2	12	-3.100000     
14	19	1	12	0.700000     
13	19	9	12	1.800000     
13	19	8	12	0.800000     
13	19	6	12	-0.600000     
13	19	5	12	0.300000     
13	19	4	12	1.300000     
12	19	9	12	2.500000     
12	19	8	12	0.900000     
12	19	6	12	1.400000     
12	19	5	12	-1.500000     
12	19	4	12	-0.600000     
11	19	3	12	-2.700000     
10	19	7	12	3.000000     
10	19	2	12	-5.100000     
10	19	1	12	-1.300000     
9	19	11	12	5.300000     
9	19	10	12	2.500000     
8	19	3	12	1.810000     
7	19	3	12	2.370000     
6	19	3	12	2.930000     
5	19	9	12	4.280000     
5	19	8	12	4.360000     
5	19	6	12	4.510000     
5	19	5	12	4.570000     
5	19	4	12	3.900000     
4	19	9	12	4.360000     
4	19	8	12	3.380000     
4	19	6	12	4.570000     
4	19	5	12	3.610000     
4	19	4	12	3.670000     
3	19	9	12	4.440000     
3	19	8	12	3.460000     
3	19	6	12	4.630000     
3	19	5	12	3.670000     
3	19	4	12	2.710000     
2	19	3	12	0.610000     
1	19	3	12	4.200000     
19	20	2	3	-2.400000     
19	20	1	3	1.400000     
14	20	2	3	4.500000     
14	20	1	3	2.200000     
10	20	2	3	5.300000     
10	20	1	3	3.300000     
19	21	1	2	2.900000     
14	21	1	2	5.400000     
10	21	1	2	5.900000     
20	21	3	7	3.700000     
19	21	2	7	1.300000     
19	21	1	7	5.100000     
17	21	6	7	4.200000     
17	21	5	7	4.100000     
17	21	4	7	3.700000     
16	21	6	7	4.600000     
16	21	5	7	3.300000     
16	21	4	7	3.200000     
15	21	3	7	1.100000     
14	21	2	7	-1.300000     
14	21	1	7	2.500000     
13	21	6	7	5.590000     
13	21	5	7	6.000000     
13	21	4	7	5.600000     
12	21	6	7	5.700000     
12	21	5	7	4.690000     
12	21	4	7	5.100000     
11	21	3	7	3.000000     
10	21	2	7	0.600000     
10	21	1	7	2.900000     
8	21	3	7	6.640000     
7	21	3	7	6.710000     
6	21	3	7	6.770000     
5	21	6	7	6.340000     
5	21	5	7	7.410000     
5	21	4	7	7.470000     
4	21	6	7	6.410000     
4	21	5	7	5.440000     
4	21	4	7	6.510000     
3	21	6	7	6.480000     
3	21	5	7	5.510000     
3	21	4	7	4.540000     
2	21	3	7	2.440000     
1	21	3	7	6.240000     
20	21	3	12	5.200000     
19	21	7	12	4.700000     
19	21	2	12	2.800000     
19	21	1	12	6.600000     
18	21	11	12	3.300000     
18	21	10	12	2.700000     
17	21	9	12	0.600000     
17	21	8	12	3.400000     
17	21	6	12	3.600000     
17	21	5	12	5.300000     
17	21	4	12	5.900000     
16	21	9	12	4.400000     
16	21	8	12	-0.300000     
16	21	6	12	4.300000     
16	21	5	12	2.700000     
16	21	4	12	4.400000     
15	21	3	12	2.300000     
14	21	7	12	2.200000     
14	21	2	12	-0.100000     
14	21	1	12	3.700000     
13	21	9	12	6.300000     
13	21	8	12	4.800000     
13	21	6	12	1.100000     
13	21	5	12	1.400000     
13	21	4	12	2.700000     
12	21	9	12	6.900000     
12	21	8	12	5.200000     
12	21	6	12	3.800000     
12	21	5	12	0.200000     
12	21	4	12	0.500000     
11	21	3	12	-1.600000     
10	21	7	12	4.700000     
10	21	2	12	-4.000000     
10	21	1	12	-0.200000     
9	21	11	12	5.500000     
9	21	10	12	6.400000     
8	21	3	12	3.600000     
7	21	3	12	4.200000     
6	21	3	12	4.900000     
5	21	9	12	7.470000     
5	21	8	12	6.600000     
5	21	6	12	6.700000     
5	21	5	12	6.690000     
5	21	4	12	5.600000     
4	21	9	12	7.530000     
4	21	8	12	6.570000     
4	21	6	12	6.800000     
4	21	5	12	5.800000     
4	21	4	12	5.790000     
3	21	9	12	7.590000     
3	21	8	12	6.630000     
3	21	6	12	6.880000     
3	21	5	12	5.900000     
3	21	4	12	4.900000     
2	21	3	12	2.800000     
1	21	3	12	5.900000     
21	22	2	4	2.500000     
21	22	1	4	3.800000     
20	22	3	4	1.700000     
19	22	2	4	-0.700000     
19	22	1	4	0.800000     
15	22	3	4	4.900000     
14	22	2	4	2.500000     
14	22	1	4	3.900000     
11	22	3	4	5.400000     
10	22	2	4	3.000000     
10	22	1	4	5.000000     
8	22	3	4	5.690000     
7	22	3	4	5.770000     
6	22	3	4	5.840000     
2	22	3	4	6.100000     
1	22	3	4	6.150000     
21	22	2	5	3.800000     
21	22	1	5	4.200000     
20	22	3	5	1.100000     
19	22	2	5	-1.300000     
19	22	1	5	2.500000     
17	22	4	5	4.600000     
16	22	4	5	5.000000     
15	22	3	5	2.900000     
14	22	2	5	0.500000     
14	22	1	5	3.300000     
13	22	4	5	5.700000     
12	22	4	5	5.800000     
11	22	3	5	3.700000     
10	22	2	5	1.300000     
10	22	1	5	4.400000     
8	22	3	5	5.860000     
7	22	3	5	5.940000     
6	22	3	5	6.010000     
5	22	4	5	6.410000     
4	22	4	5	6.480000     
3	22	4	5	6.540000     
2	22	3	5	4.440000     
1	22	3	5	6.300000     
21	22	2	6	4.200000     
21	22	1	6	4.600000     
20	22	3	6	2.000000     
19	22	2	6	-0.400000     
19	22	1	6	3.400000     
17	22	5	6	4.600000     
17	22	4	6	4.000000     
16	22	5	6	5.000000     
16	22	4	6	3.700000     
15	22	3	6	1.600000     
14	22	2	6	-0.800000     
14	22	1	6	3.000000     
13	22	5	6	5.700000     
13	22	4	6	5.400000     
12	22	5	6	5.800000     
12	22	4	6	4.800000     
11	22	3	6	2.700000     
10	22	2	6	0.300000     
10	22	1	6	3.400000     
8	22	3	6	5.940000     
7	22	3	6	6.010000     
6	22	3	6	6.070000     
5	22	5	6	6.410000     
5	22	4	6	6.770000     
4	22	5	6	6.480000     
4	22	4	6	5.510000     
3	22	5	6	6.540000     
3	22	4	6	5.580000     
2	22	3	6	3.480000     
1	22	3	6	6.350000     
21	22	7	8	-1.300000     
21	22	2	8	5.000000     
21	22	1	8	5.400000     
20	22	3	8	2.400000     
19	22	7	8	3.800000     
19	22	2	8	0.000000     
19	22	1	8	3.800000     
17	22	6	8	2.900000     
17	22	5	8	2.800000     
17	22	4	8	2.400000     
16	22	6	8	3.300000     
16	22	5	8	2.000000     
16	22	4	8	1.900000     
15	22	3	8	-0.200000     
14	22	7	8	5.590000     
14	22	2	8	-2.600000     
14	22	1	8	1.200000     
13	22	6	8	4.290000     
13	22	5	8	4.700000     
13	22	4	8	4.300000     
12	22	6	8	4.400000     
12	22	5	8	3.390000     
12	22	4	8	3.800000     
11	22	3	8	1.700000     
10	22	7	8	6.000000     
10	22	2	8	-0.700000     
10	22	1	8	1.600000     
8	22	3	8	5.340000     
7	22	3	8	5.410000     
6	22	3	8	5.470000     
5	22	6	8	5.040000     
5	22	5	8	6.110000     
5	22	4	8	6.170000     
4	22	6	8	5.110000     
4	22	5	8	4.140000     
4	22	4	8	5.210000     
3	22	6	8	5.180000     
3	22	5	8	4.210000     
3	22	4	8	3.240000     
2	22	3	8	1.140000     
1	22	3	8	4.940000     
21	22	7	9	2.500000     
21	22	2	9	5.400000     
21	22	1	9	5.590000     
20	22	3	9	3.300000     
19	22	7	9	2.800000     
19	22	2	9	0.900000     
19	22	1	9	4.700000     
17	22	8	9	4.600000     
17	22	6	9	2.600000     
17	22	5	9	3.400000     
17	22	4	9	3.000000     
16	22	8	9	5.000000     
16	22	6	9	4.400000     
16	22	5	9	1.700000     
16	22	4	9	2.500000     
15	22	3	9	0.400000     
14	22	7	9	6.000000     
14	22	2	9	-2.000000     
14	22	1	9	1.800000     
13	22	8	9	5.700000     
13	22	6	9	4.900000     
13	22	5	9	5.100000     
13	22	4	9	4.700000     
12	22	8	9	5.800000     
12	22	6	9	6.300000     
12	22	5	9	4.000000     
12	22	4	9	4.200000     
11	22	3	9	2.100000     
10	22	7	9	6.400000     
10	22	2	9	-0.300000     
10	22	1	9	2.200000     
8	22	3	9	6.130000     
7	22	3	9	6.190000     
6	22	3	9	6.250000     
5	22	8	9	6.410000     
5	22	6	9	6.830000     
5	22	5	9	6.890000     
5	22	4	9	6.950000     
4	22	8	9	6.480000     
4	22	6	9	6.890000     
4	22	5	9	5.930000     
4	22	4	9	5.990000     
3	22	8	9	6.540000     
3	22	6	9	6.950000     
3	22	5	9	5.990000     
3	22	4	9	5.030000     
2	22	3	9	2.930000     
1	22	3	9	6.490000     
21	23	2	3	1.400000     
21	23	1	3	1.100000     
19	23	2	3	3.700000     
19	23	1	3	3.400000     
14	23	2	3	5.200000     
14	23	1	3	6.100000     
10	23	2	3	5.600000     
10	23	1	3	6.480000     
23	24	3	4	-2.100000     
21	24	2	4	-0.700000     
21	24	1	4	-1.000000     
20	24	3	4	3.700000     
19	24	2	4	1.300000     
19	24	1	4	1.300000     
15	24	3	4	5.200000     
14	24	2	4	2.800000     
14	24	1	4	4.000000     
11	24	3	4	5.600000     
10	24	2	4	3.200000     
10	24	1	4	4.380000     
8	24	3	4	5.840000     
7	24	3	4	5.910000     
6	24	3	4	5.980000     
2	24	3	4	6.210000     
1	24	3	4	6.260000     
23	24	3	5	1.700000     
22	24	4	5	2.900000     
21	24	2	5	2.700000     
21	24	1	5	2.800000     
20	24	3	5	2.700000     
19	24	2	5	0.300000     
19	24	1	5	3.700000     
17	24	4	5	5.400000     
16	24	4	5	5.590000     
15	24	3	5	3.490000     
14	24	2	5	1.090000     
14	24	1	5	4.890000     
13	24	4	5	5.900000     
12	24	4	5	6.000000     
11	24	3	5	3.900000     
10	24	2	5	1.500000     
10	24	1	5	5.290000     
8	24	3	5	6.710000     
7	24	3	5	6.770000     
6	24	3	5	6.830000     
5	24	4	5	6.540000     
4	24	4	5	6.600000     
3	24	4	5	6.650000     
2	24	3	5	4.550000     
1	24	3	5	7.100000     
23	24	3	6	3.300000     
22	24	5	6	2.900000     
22	24	4	6	1.700000     
21	24	2	6	2.600000     
21	24	1	6	4.400000     
20	24	3	6	2.300000     
19	24	2	6	-0.100000     
19	24	1	6	2.500000     
17	24	5	6	5.400000     
17	24	4	6	6.100000     
16	24	5	6	5.590000     
16	24	4	6	4.500000     
15	24	3	6	2.400000     
14	24	2	6	0.000000     
14	24	1	6	3.800000     
13	24	5	6	5.900000     
13	24	4	6	6.300000     
12	24	5	6	6.000000     
12	24	4	6	5.000000     
11	24	3	6	2.900000     
10	24	2	6	0.500000     
10	24	1	6	4.200000     
8	24	3	6	6.770000     
7	24	3	6	6.830000     
6	24	3	6	6.890000     
5	24	5	6	6.540000     
5	24	4	6	7.590000     
4	24	5	6	6.600000     
4	24	4	6	5.640000     
3	24	5	6	6.650000     
3	24	4	6	5.700000     
2	24	3	6	3.600000     
1	24	3	6	7.150000     
23	24	3	8	4.100000     
22	24	6	8	1.700000     
22	24	5	8	3.700000     
22	24	4	8	4.100000     
21	24	7	8	3.800000     
21	24	2	8	4.000000     
21	24	1	8	5.200000     
20	24	3	8	2.700000     
19	24	7	8	4.600000     
19	24	2	8	0.300000     
19	24	1	8	4.100000     
17	24	6	8	5.000000     
17	24	5	8	5.700000     
17	24	4	8	5.300000     
16	24	6	8	6.700000     
16	24	5	8	4.100000     
16	24	4	8	4.800000     
15	24	3	8	2.700000     
14	24	7	8	5.800000     
14	24	2	8	0.300000     
14	24	1	8	4.100000     
13	24	6	8	4.700000     
13	24	5	8	6.400000     
13	24	4	8	6.480000     
12	24	6	8	7.100000     
12	24	5	8	3.800000     
12	24	4	8	5.500000     
11	24	3	8	3.400000     
10	24	7	8	6.190000     
10	24	2	8	1.000000     
10	24	1	8	4.500000     
8	24	3	8	6.890000     
7	24	3	8	6.950000     
6	24	3	8	7.000000     
5	24	6	8	7.590000     
5	24	5	8	7.650000     
5	24	4	8	7.700000     
4	24	6	8	7.650000     
4	24	5	8	6.690000     
4	24	4	8	6.750000     
3	24	6	8	7.700000     
3	24	5	8	6.750000     
3	24	4	8	5.790000     
2	24	3	8	3.690000     
1	24	3	8	7.230000     
23	24	3	9	4.500000     
22	24	8	9	2.900000     
22	24	6	9	4.000000     
22	24	5	9	4.100000     
22	24	4	9	4.700000     
21	24	7	9	1.600000     
21	24	2	9	4.600000     
21	24	1	9	5.600000     
20	24	3	9	3.300000     
19	24	7	9	4.700000     
19	24	2	9	0.900000     
19	24	1	9	4.700000     
17	24	8	9	5.400000     
17	24	6	9	4.600000     
17	24	5	9	5.300000     
17	24	4	9	4.900000     
16	24	8	9	5.590000     
16	24	6	9	6.200000     
16	24	5	9	3.700000     
16	24	4	9	4.400000     
15	24	3	9	2.300000     
14	24	7	9	6.900000     
14	24	2	9	-0.100000     
14	24	1	9	3.700000     
13	24	8	9	5.900000     
13	24	6	9	5.800000     
13	24	5	9	6.480000     
13	24	4	9	6.560000     
12	24	8	9	6.000000     
12	24	6	9	7.180000     
12	24	5	9	4.900000     
12	24	4	9	5.580000     
11	24	3	9	3.480000     
10	24	7	9	7.260000     
10	24	2	9	1.080000     
10	24	1	9	4.100000     
8	24	3	9	6.950000     
7	24	3	9	7.000000     
6	24	3	9	7.050000     
5	24	8	9	6.540000     
5	24	6	9	7.650000     
5	24	5	9	7.700000     
5	24	4	9	7.750000     
4	24	8	9	6.600000     
4	24	6	9	7.700000     
4	24	5	9	6.750000     
4	24	4	9	6.800000     
3	24	8	9	6.650000     
3	24	6	9	7.750000     
3	24	5	9	6.800000     
3	24	4	9	5.850000     
2	24	3	9	3.750000     
1	24	3	9	7.270000     
21	25	2	3	3.700000     
21	25	1	3	3.400000     
19	25	2	3	4.500000     
19	25	1	3	4.700000     
14	25	2	3	5.400000     
14	25	1	3	6.300000     
10	25	2	3	5.770000     
10	25	1	3	6.640000     
21	26	1	2	4.600000     
19	26	1	2	5.400000     
14	26	1	2	6.000000     
10	26	1	2	6.340000     
25	26	3	7	3.700000     
24	26	6	7	2.700000     
24	26	5	7	1.700000     
24	26	4	7	3.700000     
23	26	3	7	1.600000     
22	26	6	7	4.200000     
22	26	5	7	4.100000     
22	26	4	7	3.700000     
21	26	2	7	2.600000     
21	26	1	7	2.700000     
20	26	3	7	3.300000     
19	26	2	7	0.900000     
19	26	1	7	4.500000     
17	26	6	7	5.700000     
17	26	5	7	6.800000     
17	26	4	7	6.900000     
16	26	6	7	5.800000     
16	26	5	7	4.800000     
16	26	4	7	5.900000     
15	26	3	7	3.800000     
14	26	2	7	1.400000     
14	26	1	7	5.200000     
13	26	6	7	6.100000     
13	26	5	7	6.480000     
13	26	4	7	6.560000     
12	26	6	7	6.190000     
12	26	5	7	5.200000     
12	26	4	7	5.580000     
11	26	3	7	3.480000     
10	26	2	7	1.080000     
10	26	1	7	4.880000     
8	26	3	7	6.950000     
7	26	3	7	7.000000     
6	26	3	7	7.050000     
5	26	6	7	6.650000     
5	26	5	7	7.700000     
5	26	4	7	7.750000     
4	26	6	7	6.710000     
4	26	5	7	5.750000     
4	26	4	7	6.800000     
3	26	6	7	6.760000     
3	26	5	7	5.810000     
3	26	4	7	4.850000     
2	26	3	7	2.750000     
25	26	3	12	5.200000     
24	26	9	12	4.000000     
24	26	8	12	4.100000     
24	26	6	12	5.400000     
24	26	5	12	6.100000     
24	26	4	12	6.700000     
23	26	3	12	4.600000     
22	26	9	12	3.700000     
22	26	8	12	3.400000     
22	26	6	12	4.700000     
22	26	5	12	5.300000     
22	26	4	12	5.900000     
21	26	7	12	2.100000     
21	26	2	12	5.580000     
21	26	1	12	5.700000     
20	26	3	12	4.280000     
19	26	7	12	4.900000     
19	26	2	12	1.880000     
19	26	1	12	5.680000     
18	26	11	12	5.090000     
18	26	10	12	6.000000     
17	26	9	12	3.900000     
17	26	8	12	6.500000     
17	26	6	12	4.580000     
17	26	5	12	5.260000     
17	26	4	12	4.840000     
16	26	9	12	6.190000     
16	26	8	12	3.000000     
16	26	6	12	6.260000     
16	26	5	12	3.680000     
16	26	4	12	4.360000     
15	26	3	12	2.260000     
14	26	7	12	5.500000     
14	26	2	12	-0.140000     
14	26	1	12	3.660000     
13	26	9	12	7.260000     
13	26	8	12	6.640000     
13	26	6	12	4.400000     
13	26	5	12	4.700000     
13	26	4	12	6.000000     
12	26	9	12	7.340000     
12	26	8	12	6.360000     
12	26	6	12	7.100000     
12	26	5	12	3.500000     
12	26	4	12	3.800000     
11	26	3	12	1.700000     
10	26	7	12	7.590000     
10	26	2	12	-0.700000     
10	26	1	12	3.100000     
9	26	11	12	5.910000     
9	26	10	12	6.770000     
8	26	3	12	6.900000     
7	26	3	12	7.230000     
6	26	3	12	7.270000     
5	26	9	12	7.750000     
5	26	8	12	7.800000     
5	26	6	12	7.890000     
5	26	5	12	7.930000     
5	26	4	12	7.970000     
4	26	9	12	7.800000     
4	26	8	12	6.850000     
4	26	6	12	7.930000     
4	26	5	12	6.990000     
4	26	4	12	7.030000     
3	26	9	12	7.850000     
3	26	8	12	6.900000     
3	26	6	12	7.970000     
3	26	5	12	7.030000     
3	26	4	12	6.090000     
2	26	3	12	3.990000     
26	27	7	10	3.300000     
26	27	2	10	5.090000     
26	27	1	10	5.200000     
25	27	3	10	3.300000     
24	27	9	10	3.300000     
24	27	8	10	2.100000     
24	27	6	10	2.300000     
24	27	5	10	3.000000     
24	27	4	10	3.700000     
23	27	3	10	1.600000     
22	27	9	10	4.100000     
22	27	8	10	3.300000     
22	27	6	10	2.700000     
22	27	5	10	2.300000     
22	27	4	10	2.900000     
21	27	7	10	2.000000     
21	27	2	10	2.600000     
21	27	1	10	2.700000     
20	27	3	10	1.300000     
19	27	7	10	4.900000     
19	27	2	10	-1.100000     
19	27	1	10	2.700000     
17	27	9	10	5.300000     
17	27	8	10	5.500000     
17	27	6	10	4.600000     
17	27	5	10	5.280000     
17	27	4	10	4.860000     
16	27	9	10	5.400000     
16	27	8	10	4.400000     
16	27	6	10	5.780000     
16	27	5	10	3.700000     
16	27	4	10	4.380000     
15	27	3	10	2.280000     
14	27	7	10	5.860000     
14	27	2	10	-0.120000     
14	27	1	10	3.500000     
13	27	9	10	5.690000     
13	27	8	10	5.160000     
13	27	6	10	4.760000     
13	27	5	10	5.370000     
13	27	4	10	5.430000     
12	27	9	10	5.770000     
12	27	8	10	4.790000     
12	27	6	10	6.070000     
12	27	5	10	3.860000     
12	27	4	10	4.470000     
11	27	3	10	2.370000     
10	27	7	10	6.130000     
10	27	2	10	-0.030000     
10	27	1	10	3.770000     
8	27	3	10	5.750000     
7	27	3	10	5.790000     
6	27	3	10	5.830000     
5	27	9	10	6.210000     
5	27	8	10	6.350000     
5	27	6	10	6.450000     
5	27	5	10	6.490000     
5	27	4	10	6.530000     
4	27	9	10	6.260000     
4	27	8	10	5.310000     
4	27	6	10	6.490000     
4	27	5	10	5.550000     
4	27	4	10	5.590000     
3	27	9	10	6.300000     
3	27	8	10	5.360000     
3	27	6	10	6.530000     
3	27	5	10	5.590000     
3	27	4	10	4.650000     
26	27	7	11	3.700000     
26	27	2	11	5.200000     
26	27	1	11	5.300000     
25	27	3	11	4.600000     
24	27	9	11	3.000000     
24	27	8	11	1.800000     
24	27	6	11	3.700000     
24	27	5	11	4.400000     
24	27	4	11	5.000000     
23	27	3	11	2.900000     
22	27	9	11	4.000000     
22	27	8	11	3.700000     
22	27	6	11	3.000000     
22	27	5	11	3.600000     
22	27	4	11	4.200000     
21	27	7	11	2.400000     
21	27	2	11	3.880000     
21	27	1	11	4.000000     
20	27	3	11	2.580000     
19	27	7	11	5.200000     
19	27	2	11	0.180000     
19	27	1	11	3.980000     
18	27	10	11	4.700000     
17	27	9	11	2.600000     
17	27	8	11	6.300000     
17	27	6	11	4.880000     
17	27	5	11	5.560000     
17	27	4	11	5.140000     
16	27	9	11	6.300000     
16	27	8	11	1.700000     
16	27	6	11	6.400000     
16	27	5	11	3.980000     
16	27	4	11	4.660000     
15	27	3	11	2.560000     
14	27	7	11	4.200000     
14	27	2	11	0.160000     
14	27	1	11	3.960000     
13	27	9	11	6.560000     
13	27	8	11	5.940000     
13	27	6	11	3.100000     
13	27	5	11	3.400000     
13	27	4	11	4.700000     
12	27	9	11	6.640000     
12	27	8	11	5.660000     
12	27	6	11	5.800000     
12	27	5	11	2.200000     
12	27	4	11	2.500000     
11	27	3	11	0.400000     
10	27	7	11	6.700000     
10	27	2	11	-2.000000     
10	27	1	11	1.800000     
9	27	10	11	5.480000     
8	27	3	11	5.600000     
7	27	3	11	6.200000     
6	27	3	11	6.570000     
5	27	9	11	7.050000     
5	27	8	11	7.100000     
5	27	6	11	7.190000     
5	27	5	11	7.230000     
5	27	4	11	7.270000     
4	27	9	11	7.100000     
4	27	8	11	6.150000     
4	27	6	11	7.230000     
4	27	5	11	6.290000     
4	27	4	11	6.330000     
3	27	9	11	7.150000     
3	27	8	11	6.200000     
3	27	6	11	7.270000     
3	27	5	11	6.330000     
3	27	4	11	5.390000     
26	28	1	2	2.900000     
21	28	1	2	5.400000     
19	28	1	2	5.700000     
14	28	1	2	6.190000     
10	28	1	2	6.480000     
26	28	2	7	4.700000     
26	28	1	7	4.300000     
25	28	3	7	2.300000     
24	28	6	7	4.200000     
24	28	5	7	4.100000     
24	28	4	7	3.700000     
23	28	3	7	1.600000     
22	28	6	7	5.000000     
22	28	5	7	5.400000     
22	28	4	7	5.100000     
21	28	2	7	3.000000     
21	28	1	7	2.700000     
20	28	3	7	4.500000     
19	28	2	7	2.100000     
19	28	1	7	5.000000     
17	28	6	7	5.900000     
17	28	5	7	7.000000     
17	28	4	7	7.100000     
16	28	6	7	6.000000     
16	28	5	7	5.000000     
16	28	4	7	6.100000     
15	28	3	7	4.000000     
14	28	2	7	1.600000     
14	28	1	7	5.400000     
13	28	6	7	6.270000     
13	28	5	7	6.640000     
13	28	4	7	6.710000     
12	28	6	7	6.340000     
12	28	5	7	5.370000     
12	28	4	7	5.740000     
11	28	3	7	3.640000     
10	28	2	7	1.240000     
10	28	1	7	5.040000     
8	28	3	7	7.050000     
7	28	3	7	7.100000     
6	28	3	7	7.150000     
5	28	6	7	6.760000     
5	28	5	7	7.800000     
5	28	4	7	7.850000     
4	28	6	7	6.800000     
4	28	5	7	5.860000     
4	28	4	7	6.900000     
27	28	11	12	-2.200000     
27	28	10	12	1.600000     
26	28	7	12	1.500000     
26	28	2	12	3.000000     
26	28	1	12	3.100000     
25	28	3	12	2.400000     
24	28	9	12	0.800000     
24	28	8	12	-0.400000     
24	28	6	12	1.500000     
24	28	5	12	2.200000     
24	28	4	12	2.800000     
23	28	3	12	0.700000     
22	28	9	12	1.800000     
22	28	8	12	1.500000     
22	28	6	12	0.800000     
22	28	5	12	1.400000     
22	28	4	12	2.000000     
21	28	7	12	0.200000     
21	28	2	12	1.680000     
21	28	1	12	1.800000     
20	28	3	12	0.380000     
19	28	7	12	3.000000     
19	28	2	12	-2.020000     
19	28	1	12	1.780000     
18	28	11	12	5.300000     
18	28	10	12	2.500000     
17	28	9	12	0.400000     
17	28	8	12	4.100000     
17	28	6	12	2.680000     
17	28	5	12	3.360000     
17	28	4	12	2.940000     
16	28	9	12	4.100000     
16	28	8	12	-0.500000     
16	28	6	12	4.200000     
16	28	5	12	1.780000     
16	28	4	12	2.460000     
15	28	3	12	0.360000     
14	28	7	12	2.000000     
14	28	2	12	-2.040000     
14	28	1	12	1.760000     
13	28	9	12	4.360000     
13	28	8	12	3.740000     
13	28	6	12	0.900000     
13	28	5	12	1.200000     
13	28	4	12	2.500000     
12	28	9	12	4.440000     
12	28	8	12	3.460000     
12	28	6	12	3.600000     
12	28	5	12	0.000000     
12	28	4	12	0.300000     
11	28	3	12	-1.800000     
10	28	7	12	4.500000     
10	28	2	12	-4.200000     
10	28	1	12	-0.400000     
9	28	11	12	6.040000     
9	28	10	12	3.280000     
8	28	3	12	3.400000     
7	28	3	12	4.000000     
6	28	3	12	4.370000     
5	28	9	12	4.850000     
5	28	8	12	4.900000     
5	28	6	12	4.990000     
5	28	5	12	5.030000     
5	28	4	12	5.070000     
4	28	9	12	4.900000     
4	28	8	12	3.950000     
4	28	6	12	5.030000     
4	28	5	12	4.090000     
4	28	4	12	4.130000     
28	29	1	2	-0.900000     
26	29	1	2	3.800000     
21	29	1	2	5.590000     
19	29	1	2	5.800000     
14	29	1	2	6.270000     
10	29	1	2	6.540000     
28	29	2	7	4.600000     
28	29	1	7	5.000000     
26	29	2	7	3.700000     
26	29	1	7	3.300000     
25	29	3	7	1.300000     
24	29	6	7	4.600000     
24	29	5	7	4.000000     
24	29	4	7	3.700000     
23	29	3	7	1.600000     
22	29	6	7	5.400000     
22	29	5	7	5.400000     
22	29	4	7	5.000000     
21	29	2	7	3.000000     
21	29	1	7	2.700000     
20	29	3	7	4.400000     
19	29	2	7	2.000000     
19	29	1	7	5.000000     
17	29	6	7	6.000000     
17	29	5	7	6.400000     
17	29	4	7	6.480000     
16	29	6	7	6.100000     
16	29	5	7	5.100000     
16	29	4	7	5.500000     
15	29	3	7	3.400000     
14	29	2	7	1.000000     
14	29	1	7	4.800000     
13	29	6	7	6.340000     
13	29	5	7	6.010000     
13	29	4	7	6.070000     
12	29	6	7	6.410000     
12	29	5	7	5.440000     
12	29	4	7	5.110000     
11	29	3	7	3.010000     
10	29	2	7	0.610000     
10	29	1	7	4.410000     
8	29	3	7	6.400000     
7	29	3	7	6.450000     
6	29	3	7	6.490000     
5	29	6	7	6.800000     
5	29	5	7	7.150000     
5	29	4	7	7.190000     
28	29	7	12	4.600000     
28	29	2	12	5.800000     
28	29	1	12	5.900000     
27	29	11	12	1.600000     
27	29	10	12	1.100000     
26	29	7	12	4.400000     
26	29	2	12	6.190000     
26	29	1	12	6.000000     
25	29	3	12	4.400000     
24	29	9	12	4.400000     
24	29	8	12	3.200000     
24	29	6	12	3.400000     
24	29	5	12	4.100000     
24	29	4	12	4.800000     
23	29	3	12	2.700000     
22	29	9	12	5.200000     
22	29	8	12	4.400000     
22	29	6	12	3.800000     
22	29	5	12	3.400000     
22	29	4	12	4.000000     
21	29	7	12	3.100000     
21	29	2	12	3.700000     
21	29	1	12	3.800000     
20	29	3	12	2.400000     
19	29	7	12	6.000000     
19	29	2	12	0.000000     
19	29	1	12	3.800000     
18	29	11	12	5.400000     
18	29	10	12	6.300000     
17	29	9	12	4.200000     
17	29	8	12	6.600000     
17	29	6	12	5.700000     
17	29	5	12	6.380000     
17	29	4	12	5.960000     
16	29	9	12	6.500000     
16	29	8	12	3.300000     
16	29	6	12	6.880000     
16	29	5	12	4.800000     
16	29	4	12	5.480000     
15	29	3	12	3.380000     
14	29	7	12	5.800000     
14	29	2	12	0.980000     
14	29	1	12	4.600000     
13	29	9	12	6.790000     
13	29	8	12	6.260000     
13	29	6	12	4.700000     
13	29	5	12	5.000000     
13	29	4	12	6.300000     
12	29	9	12	6.870000     
12	29	8	12	5.890000     
12	29	6	12	7.170000     
12	29	5	12	3.800000     
12	29	4	12	4.100000     
11	29	3	12	2.000000     
10	29	7	12	7.230000     
10	29	2	12	-0.400000     
10	29	1	12	3.400000     
9	29	11	12	6.100000     
9	29	10	12	6.950000     
8	29	3	12	6.850000     
7	29	3	12	6.890000     
6	29	3	12	6.930000     
5	29	9	12	7.310000     
5	29	8	12	7.450000     
5	29	6	12	7.550000     
5	29	5	12	7.590000     
5	29	4	12	7.630000     
29	30	2	3	-2.400000     
29	30	1	3	1.400000     
28	30	2	3	1.400000     
28	30	1	3	-3.300000     
26	30	2	3	3.700000     
26	30	1	3	1.400000     
21	30	2	3	5.200000     
21	30	1	3	3.190000     
19	30	2	3	5.400000     
19	30	1	3	3.400000     
14	30	2	3	5.840000     
14	30	1	3	3.870000     
10	30	2	3	6.100000     
10	30	1	3	4.140000     
30	31	3	4	-2.100000     
29	31	2	4	-4.500000     
29	31	1	4	-0.700000     
28	31	2	4	-0.700000     
28	31	1	4	-5.400000     
26	31	2	4	1.600000     
26	31	1	4	-0.700000     
25	31	3	4	4.500000     
23	31	3	4	5.090000     
21	31	2	4	3.100000     
21	31	1	4	1.090000     
20	31	3	4	5.400000     
19	31	2	4	3.000000     
19	31	1	4	1.300000     
15	31	3	4	5.840000     
14	31	2	4	3.440000     
14	31	1	4	1.770000     
11	31	3	4	6.100000     
10	31	2	4	3.700000     
10	31	1	4	2.040000     
8	31	3	4	6.260000     
7	31	3	4	6.300000     
30	31	3	5	1.700000     
29	31	2	5	-0.700000     
29	31	1	5	3.100000     
28	31	2	5	1.000000     
28	31	1	5	-1.600000     
26	31	2	5	4.400000     
26	31	1	5	3.000000     
25	31	3	5	4.000000     
24	31	4	5	5.400000     
23	31	3	5	3.300000     
22	31	4	5	5.700000     
21	31	2	5	4.700000     
21	31	1	5	4.400000     
20	31	3	5	5.600000     
19	31	2	5	3.200000     
19	31	1	5	5.100000     
17	31	4	5	6.190000     
16	31	4	5	6.270000     
15	31	3	5	4.170000     
14	31	2	5	1.770000     
14	31	1	5	5.570000     
13	31	4	5	6.480000     
12	31	4	5	6.540000     
11	31	3	5	4.440000     
10	31	2	5	2.040000     
10	31	1	5	5.840000     
8	31	3	5	7.100000     
7	31	3	5	7.150000     
30	31	3	6	3.300000     
29	31	2	6	0.900000     
29	31	1	6	4.700000     
28	31	2	6	3.700000     
28	31	1	6	-0.000000     
26	31	2	6	4.100000     
26	31	1	6	2.600000     
25	31	3	6	3.700000     
24	31	5	6	5.400000     
24	31	4	6	6.100000     
23	31	3	6	4.000000     
22	31	5	6	5.700000     
22	31	4	6	6.800000     
21	31	2	6	5.400000     
21	31	1	6	5.100000     
20	31	3	6	5.700000     
19	31	2	6	3.300000     
19	31	1	6	6.700000     
17	31	5	6	6.190000     
17	31	4	6	7.260000     
16	31	5	6	6.270000     
16	31	4	6	5.290000     
15	31	3	6	3.190000     
14	31	2	6	0.790000     
14	31	1	6	4.590000     
13	31	5	6	6.480000     
13	31	4	6	6.830000     
12	31	5	6	6.540000     
12	31	4	6	5.580000     
11	31	3	6	3.480000     
10	31	2	6	1.080000     
10	31	1	6	4.880000     
8	31	3	6	7.150000     
7	31	3	6	7.190000     
30	31	3	8	4.100000     
29	31	7	8	2.500000     
29	31	2	8	1.700000     
29	31	1	8	5.500000     
28	31	7	8	3.800000     
28	31	2	8	5.100000     
28	31	1	8	0.800000     
26	31	7	8	4.600000     
26	31	2	8	4.300000     
26	31	1	8	3.800000     
25	31	3	8	2.900000     
24	31	6	8	6.100000     
24	31	5	8	5.700000     
24	31	4	8	5.300000     
23	31	3	8	3.200000     
22	31	6	8	6.800000     
22	31	5	8	6.900000     
22	31	4	8	6.500000     
21	31	7	8	5.800000     
21	31	2	8	4.600000     
21	31	1	8	4.300000     
20	31	3	8	5.860000     
19	31	7	8	6.000000     
19	31	2	8	3.460000     
19	31	1	8	6.600000     
17	31	6	8	6.160000     
17	31	5	8	7.340000     
17	31	4	8	7.410000     
16	31	6	8	7.340000     
16	31	5	8	5.260000     
16	31	4	8	6.440000     
15	31	3	8	4.340000     
14	31	7	8	6.410000     
14	31	2	8	1.940000     
14	31	1	8	5.740000     
13	31	6	8	5.310000     
13	31	5	8	6.890000     
13	31	4	8	6.950000     
12	31	6	8	7.590000     
12	31	5	8	4.410000     
12	31	4	8	5.990000     
11	31	3	8	3.890000     
10	31	7	8	6.650000     
10	31	2	8	1.490000     
10	31	1	8	5.290000     
8	31	3	8	7.230000     
7	31	3	8	7.270000     
30	31	3	9	4.500000     
29	31	7	9	1.700000     
29	31	2	9	2.100000     
29	31	1	9	5.900000     
28	31	7	9	3.200000     
28	31	2	9	5.700000     
28	31	1	9	1.200000     
26	31	7	9	4.700000     
26	31	2	9	4.900000     
26	31	1	9	4.400000     
25	31	3	9	2.500000     
24	31	8	9	5.400000     
24	31	6	9	5.700000     
24	31	5	9	5.300000     
24	31	4	9	4.900000     
23	31	3	9	2.800000     
22	31	8	9	5.700000     
22	31	6	9	6.900000     
22	31	5	9	6.500000     
22	31	4	9	6.100000     
21	31	7	9	4.400000     
21	31	2	9	4.200000     
21	31	1	9	3.900000     
20	31	3	9	5.440000     
19	31	7	9	7.100000     
19	31	2	9	3.040000     
19	31	1	9	6.200000     
17	31	8	9	6.190000     
17	31	6	9	6.240000     
17	31	5	9	7.410000     
17	31	4	9	7.470000     
16	31	8	9	6.270000     
16	31	6	9	7.410000     
16	31	5	9	5.340000     
16	31	4	9	6.510000     
15	31	3	9	4.410000     
14	31	7	9	7.470000     
14	31	2	9	2.010000     
14	31	1	9	5.810000     
13	31	8	9	6.480000     
13	31	6	9	6.370000     
13	31	5	9	6.950000     
13	31	4	9	7.000000     
12	31	8	9	6.540000     
12	31	6	9	7.650000     
12	31	5	9	5.470000     
12	31	4	9	6.050000     
11	31	3	9	3.950000     
10	31	7	9	7.700000     
10	31	2	9	1.550000     
10	31	1	9	5.350000     
8	31	3	9	7.270000     
7	31	3	9	7.310000     
30	32	3	4	1.700000     
29	32	2	4	-0.700000     
29	32	1	4	1.300000     
28	32	2	4	3.000000     
28	32	1	4	-1.600000     
26	32	2	4	4.300000     
26	32	1	4	2.900000     
25	32	3	4	4.900000     
23	32	3	4	5.200000     
21	32	2	4	4.800000     
21	32	1	4	4.890000     
20	32	3	4	5.500000     
19	32	2	4	3.100000     
19	32	1	4	5.100000     
15	32	3	4	5.910000     
14	32	2	4	3.510000     
14	32	1	4	5.570000     
11	32	3	4	6.150000     
10	32	2	4	3.750000     
10	32	1	4	5.840000     
8	32	3	4	6.300000     
31	32	4	5	-0.900000     
30	32	3	5	-3.000000     
29	32	2	5	-5.400000     
29	32	1	5	-1.600000     
28	32	2	5	-1.600000     
28	32	1	5	-6.300000     
26	32	2	5	0.700000     
26	32	1	5	-1.600000     
25	32	3	5	3.600000     
24	32	4	5	5.590000     
23	32	3	5	3.490000     
22	32	4	5	5.800000     
21	32	2	5	2.200000     
21	32	1	5	0.190000     
20	32	3	5	4.500000     
19	32	2	5	2.100000     
19	32	1	5	0.400000     
17	32	4	5	6.270000     
16	32	4	5	6.340000     
15	32	3	5	4.240000     
14	32	2	5	1.840000     
14	32	1	5	0.870000     
13	32	4	5	6.540000     
12	32	4	5	6.600000     
11	32	3	5	4.500000     
10	32	2	5	2.100000     
10	32	1	5	1.140000     
8	32	3	5	5.360000     
31	32	5	6	-0.900000     
31	32	4	6	2.900000     
30	32	3	6	0.800000     
29	32	2	6	-1.600000     
29	32	1	6	2.200000     
28	32	2	6	0.100000     
28	32	1	6	-2.500000     
26	32	2	6	3.500000     
26	32	1	6	2.100000     
25	32	3	6	3.100000     
24	32	5	6	5.590000     
24	32	4	6	4.500000     
23	32	3	6	2.400000     
22	32	5	6	5.800000     
22	32	4	6	4.800000     
21	32	2	6	3.800000     
21	32	1	6	3.500000     
20	32	3	6	4.700000     
19	32	2	6	2.300000     
19	32	1	6	4.200000     
17	32	5	6	6.270000     
17	32	4	6	5.290000     
16	32	5	6	6.340000     
16	32	4	6	5.370000     
15	32	3	6	3.270000     
14	32	2	6	0.870000     
14	32	1	6	4.670000     
13	32	5	6	6.540000     
13	32	4	6	5.580000     
12	32	5	6	6.600000     
12	32	4	6	5.640000     
11	32	3	6	3.540000     
10	32	2	6	1.140000     
10	32	1	6	4.940000     
8	32	3	6	6.200000     
31	32	6	8	2.900000     
31	32	5	8	3.800000     
31	32	4	8	4.200000     
30	32	3	8	2.100000     
29	32	7	8	3.800000     
29	32	2	8	-0.300000     
29	32	1	8	3.500000     
28	32	7	8	4.200000     
28	32	2	8	3.500000     
28	32	1	8	-1.200000     
26	32	7	8	5.000000     
26	32	2	8	3.900000     
26	32	1	8	3.400000     
25	32	3	8	3.500000     
24	32	6	8	6.700000     
24	32	5	8	6.300000     
24	32	4	8	5.900000     
23	32	3	8	3.800000     
22	32	6	8	6.900000     
22	32	5	8	7.000000     
22	32	4	8	7.100000     
21	32	7	8	5.900000     
21	32	2	8	5.200000     
21	32	1	8	4.900000     
20	32	3	8	5.940000     
19	32	7	8	6.100000     
19	32	2	8	3.540000     
19	32	1	8	5.500000     
17	32	6	8	6.240000     
17	32	5	8	7.410000     
17	32	4	8	7.470000     
16	32	6	8	7.410000     
16	32	5	8	5.340000     
16	32	4	8	6.510000     
15	32	3	8	4.410000     
14	32	7	8	6.480000     
14	32	2	8	2.010000     
14	32	1	8	5.810000     
13	32	6	8	5.380000     
13	32	5	8	6.950000     
13	32	4	8	7.000000     
12	32	6	8	7.650000     
12	32	5	8	4.480000     
12	32	4	8	6.050000     
11	32	3	8	3.950000     
10	32	7	8	6.710000     
10	32	2	8	1.550000     
10	32	1	8	5.350000     
8	32	3	8	7.270000     
31	32	8	9	-0.900000     
31	32	6	9	3.800000     
31	32	5	9	4.200000     
31	32	4	9	4.600000     
30	32	3	9	2.500000     
29	32	7	9	1.600000     
29	32	2	9	0.100000     
29	32	1	9	3.900000     
28	32	7	9	2.900000     
28	32	2	9	3.900000     
28	32	1	9	-0.800000     
26	32	7	9	3.700000     
26	32	2	9	3.400000     
26	32	1	9	2.900000     
25	32	3	9	2.000000     
24	32	8	9	5.590000     
24	32	6	9	5.200000     
24	32	5	9	4.800000     
24	32	4	9	4.400000     
23	32	3	9	2.300000     
22	32	8	9	5.800000     
22	32	6	9	5.900000     
22	32	5	9	6.000000     
22	32	4	9	5.600000     
21	32	7	9	4.500000     
21	32	2	9	3.700000     
21	32	1	9	3.400000     
20	32	3	9	4.960000     
19	32	7	9	5.100000     
19	32	2	9	2.560000     
19	32	1	9	5.700000     
17	32	8	9	6.270000     
17	32	6	9	5.260000     
17	32	5	9	6.440000     
17	32	4	9	6.510000     
16	32	8	9	6.340000     
16	32	6	9	6.440000     
16	32	5	9	4.360000     
16	32	4	9	5.540000     
15	32	3	9	3.440000     
14	32	7	9	5.510000     
14	32	2	9	1.040000     
14	32	1	9	4.840000     
13	32	8	9	6.540000     
13	32	6	9	4.410000     
13	32	5	9	5.990000     
13	32	4	9	6.050000     
12	32	8	9	6.600000     
12	32	6	9	6.690000     
12	32	5	9	3.510000     
12	32	4	9	5.090000     
11	32	3	9	2.990000     
10	32	7	9	5.750000     
10	32	2	9	0.590000     
10	32	1	9	4.390000     
8	32	3	9	6.330000     
30	33	3	4	3.300000     
29	33	2	4	0.900000     
29	33	1	4	2.600000     
28	33	2	4	3.600000     
28	33	1	4	-0.000000     
26	33	2	4	5.000000     
26	33	1	4	3.500000     
25	33	3	4	5.090000     
23	33	3	4	5.300000     
21	33	2	4	4.900000     
21	33	1	4	6.080000     
20	33	3	4	5.600000     
19	33	2	4	3.200000     
19	33	1	4	6.240000     
15	33	3	4	5.980000     
14	33	2	4	3.580000     
14	33	1	4	6.550000     
11	33	3	4	6.210000     
10	33	2	4	3.810000     
10	33	1	4	6.750000     
32	33	4	5	-0.900000     
31	33	4	5	2.900000     
30	33	3	5	0.800000     
29	33	2	5	-1.600000     
29	33	1	5	0.400000     
28	33	2	5	2.100000     
28	33	1	5	-2.500000     
26	33	2	5	3.400000     
26	33	1	5	2.000000     
25	33	3	5	4.000000     
24	33	4	5	5.700000     
23	33	3	5	3.600000     
22	33	4	5	5.900000     
21	33	2	5	3.900000     
21	33	1	5	3.990000     
20	33	3	5	4.600000     
19	33	2	5	2.200000     
19	33	1	5	4.200000     
17	33	4	5	6.340000     
16	33	4	5	6.410000     
15	33	3	5	4.310000     
14	33	2	5	1.910000     
14	33	1	5	4.670000     
13	33	4	5	6.600000     
12	33	4	5	6.650000     
11	33	3	5	4.550000     
10	33	2	5	2.150000     
10	33	1	5	4.940000     
32	33	5	6	-0.900000     
32	33	4	6	2.900000     
31	33	5	6	2.900000     
31	33	4	6	-1.800000     
30	33	3	6	-3.900000     
29	33	2	6	-6.300000     
29	33	1	6	-2.500000     
28	33	2	6	-2.500000     
28	33	1	6	-7.200000     
26	33	2	6	-0.200000     
26	33	1	6	-2.500000     
25	33	3	6	2.700000     
24	33	5	6	5.700000     
24	33	4	6	4.690000     
23	33	3	6	2.590000     
22	33	5	6	5.900000     
22	33	4	6	4.900000     
21	33	2	6	1.300000     
21	33	1	6	-0.710000     
20	33	3	6	3.600000     
19	33	2	6	1.200000     
19	33	1	6	-0.500000     
17	33	5	6	6.340000     
17	33	4	6	5.370000     
16	33	5	6	6.410000     
16	33	4	6	5.440000     
15	33	3	6	3.340000     
14	33	2	6	0.940000     
14	33	1	6	-0.030000     
13	33	5	6	6.600000     
13	33	4	6	5.640000     
12	33	5	6	6.650000     
12	33	4	6	5.700000     
11	33	3	6	3.600000     
10	33	2	6	1.200000     
10	33	1	6	0.240000     
32	33	6	8	2.900000     
32	33	5	8	3.800000     
32	33	4	8	4.200000     
31	33	6	8	1.700000     
31	33	5	8	2.000000     
31	33	4	8	2.900000     
30	33	3	8	0.800000     
29	33	7	8	4.200000     
29	33	2	8	-1.600000     
29	33	1	8	2.200000     
28	33	7	8	4.600000     
28	33	2	8	2.200000     
28	33	1	8	-2.500000     
26	33	7	8	5.400000     
26	33	2	8	4.500000     
26	33	1	8	2.200000     
25	33	3	8	4.100000     
24	33	6	8	6.800000     
24	33	5	8	6.900000     
24	33	4	8	6.500000     
23	33	3	8	4.400000     
22	33	6	8	7.000000     
22	33	5	8	7.100000     
22	33	4	8	7.180000     
21	33	7	8	6.000000     
21	33	2	8	5.800000     
21	33	1	8	3.990000     
20	33	3	8	6.010000     
19	33	7	8	6.190000     
19	33	2	8	3.610000     
19	33	1	8	4.200000     
17	33	6	8	6.310000     
17	33	5	8	7.470000     
17	33	4	8	7.530000     
16	33	6	8	7.470000     
16	33	5	8	5.410000     
16	33	4	8	6.570000     
15	33	3	8	4.470000     
14	33	7	8	6.540000     
14	33	2	8	2.070000     
14	33	1	8	4.670000     
13	33	6	8	5.440000     
13	33	5	8	7.000000     
13	33	4	8	7.050000     
12	33	6	8	7.700000     
12	33	5	8	4.540000     
12	33	4	8	6.100000     
11	33	3	8	4.000000     
10	33	7	8	6.760000     
10	33	2	8	1.600000     
10	33	1	8	4.940000     
32	33	8	9	-0.900000     
32	33	6	9	3.800000     
32	33	5	9	4.200000     
32	33	4	9	4.600000     
31	33	8	9	2.900000     
31	33	6	9	2.000000     
31	33	5	9	2.900000     
31	33	4	9	3.300000     
30	33	3	9	1.200000     
29	33	7	9	2.900000     
29	33	2	9	-1.200000     
29	33	1	9	2.600000     
28	33	7	9	3.300000     
28	33	2	9	2.600000     
28	33	1	9	-2.100000     
26	33	7	9	4.100000     
26	33	2	9	3.000000     
26	33	1	9	2.500000     
25	33	3	9	2.600000     
24	33	8	9	5.700000     
24	33	6	9	5.800000     
24	33	5	9	5.400000     
24	33	4	9	5.000000     
23	33	3	9	2.900000     
22	33	8	9	5.900000     
22	33	6	9	6.000000     
22	33	5	9	6.100000     
22	33	4	9	6.200000     
21	33	7	9	4.600000     
21	33	2	9	4.300000     
21	33	1	9	4.000000     
20	33	3	9	5.040000     
19	33	7	9	5.200000     
19	33	2	9	2.640000     
19	33	1	9	4.600000     
17	33	8	9	6.340000     
17	33	6	9	5.340000     
17	33	5	9	6.510000     
17	33	4	9	6.570000     
16	33	8	9	6.410000     
16	33	6	9	6.510000     
16	33	5	9	4.440000     
16	33	4	9	5.610000     
15	33	3	9	3.510000     
14	33	7	9	5.580000     
14	33	2	9	1.110000     
14	33	1	9	4.910000     
13	33	8	9	6.600000     
13	33	6	9	4.480000     
13	33	5	9	6.050000     
13	33	4	9	6.100000     
12	33	8	9	6.650000     
12	33	6	9	6.750000     
12	33	5	9	3.580000     
12	33	4	9	5.150000     
11	33	3	9	3.050000     
10	33	7	9	5.810000     
10	33	2	9	0.650000     
10	33	1	9	4.450000     
29	34	1	2	4.600000     
28	34	1	2	5.000000     
26	34	1	2	5.590000     
21	34	1	2	6.100000     
19	34	1	2	6.270000     
14	34	1	2	6.600000     
10	34	1	2	6.800000     
33	34	6	7	-1.100000     
33	34	5	7	2.700000     
33	34	4	7	3.800000     
32	34	6	7	2.700000     
32	34	5	7	-2.000000     
32	34	4	7	1.800000     
31	34	6	7	3.800000     
31	34	5	7	1.800000     
31	34	4	7	-2.900000     
30	34	3	7	-5.000000     
29	34	2	7	-7.400000     
29	34	1	7	-3.600000     
28	34	2	7	-3.600000     
28	34	1	7	-8.300000     
26	34	2	7	-1.300000     
26	34	1	7	-3.600000     
25	34	3	7	1.600000     
24	34	6	7	5.800000     
24	34	5	7	4.600000     
24	34	4	7	3.590000     
23	34	3	7	1.490000     
22	34	6	7	6.000000     
22	34	5	7	4.800000     
22	34	4	7	3.800000     
21	34	2	7	0.200000     
21	34	1	7	-1.810000     
20	34	3	7	2.500000     
19	34	2	7	0.100000     
19	34	1	7	-1.600000     
17	34	6	7	6.410000     
17	34	5	7	5.240000     
17	34	4	7	4.270000     
16	34	6	7	6.480000     
16	34	5	7	5.310000     
16	34	4	7	4.340000     
15	34	3	7	2.240000     
14	34	2	7	-0.160000     
14	34	1	7	-1.130000     
13	34	6	7	6.650000     
13	34	5	7	5.500000     
13	34	4	7	4.540000     
12	34	6	7	6.710000     
12	34	5	7	5.550000     
12	34	4	7	4.600000     
11	34	3	7	2.500000     
10	34	2	7	0.100000     
10	34	1	7	-0.860000     
33	34	9	12	3.800000     
33	34	8	12	4.200000     
33	34	6	12	5.000000     
33	34	5	12	5.400000     
33	34	4	12	5.590000     
32	34	9	12	3.200000     
32	34	8	12	2.900000     
32	34	6	12	5.400000     
32	34	5	12	4.100000     
32	34	4	12	4.500000     
31	34	9	12	2.400000     
31	34	8	12	2.300000     
31	34	6	12	5.100000     
31	34	5	12	4.500000     
31	34	4	12	3.200000     
30	34	3	12	1.100000     
29	34	7	12	3.700000     
29	34	2	12	-1.300000     
29	34	1	12	2.500000     
28	34	7	12	3.600000     
28	34	2	12	2.500000     
28	34	1	12	-2.200000     
27	34	11	12	4.900000     
27	34	10	12	5.400000     
26	34	7	12	5.500000     
26	34	2	12	4.800000     
26	34	1	12	2.500000     
25	34	3	12	3.010000     
24	34	9	12	7.000000     
24	34	8	12	6.700000     
24	34	6	12	6.260000     
24	34	5	12	5.840000     
24	34	4	12	5.410000     
23	34	3	12	3.310000     
22	34	9	12	7.180000     
22	34	8	12	7.260000     
22	34	6	12	7.410000     
22	34	5	12	6.970000     
22	34	4	12	6.530000     
21	34	7	12	5.960000     
21	34	2	12	4.710000     
21	34	1	12	4.290000     
20	34	3	12	5.800000     
19	34	7	12	7.530000     
19	34	2	12	3.400000     
19	34	1	12	4.500000     
18	34	11	12	5.840000     
18	34	10	12	6.710000     
17	34	9	12	4.610000     
17	34	8	12	7.590000     
17	34	6	12	6.600000     
17	34	5	12	7.750000     
17	34	4	12	7.800000     
16	34	9	12	6.940000     
16	34	8	12	3.710000     
16	34	6	12	7.750000     
16	34	5	12	5.700000     
16	34	4	12	6.850000     
15	34	3	12	4.750000     
14	34	7	12	6.210000     
14	34	2	12	2.350000     
14	34	1	12	4.970000     
13	34	9	12	7.750000     
13	34	8	12	7.100000     
13	34	6	12	5.110000     
13	34	5	12	5.410000     
13	34	4	12	6.710000     
12	34	9	12	7.800000     
12	34	8	12	6.850000     
12	34	6	12	7.810000     
12	34	5	12	4.210000     
12	34	4	12	4.510000     
11	34	3	12	2.410000     
10	34	7	12	7.970000     
10	34	2	12	0.010000     
10	34	1	12	3.810000     
34	35	2	4	2.500000     
34	35	1	4	3.800000     
30	35	3	4	4.100000     
29	35	2	4	1.700000     
29	35	1	4	5.100000     
28	35	2	4	5.500000     
28	35	1	4	0.800000     
26	35	2	4	6.800000     
26	35	1	4	5.500000     
25	35	3	4	5.300000     
23	35	3	4	5.500000     
21	35	2	4	6.160000     
21	35	1	4	6.600000     
20	35	3	4	5.770000     
19	35	2	4	3.370000     
19	35	1	4	7.170000     
15	35	3	4	6.100000     
14	35	2	4	3.700000     
14	35	1	4	7.500000     
11	35	3	4	6.300000     
34	35	2	5	3.800000     
34	35	1	5	4.200000     
33	35	4	5	2.900000     
32	35	4	5	3.800000     
31	35	4	5	4.200000     
30	35	3	5	2.100000     
29	35	2	5	-0.300000     
29	35	1	5	3.500000     
28	35	2	5	3.500000     
28	35	1	5	-1.200000     
26	35	2	5	5.800000     
26	35	1	5	3.500000     
25	35	3	5	4.800000     
24	35	4	5	5.900000     
23	35	3	5	3.800000     
22	35	4	5	6.100000     
21	35	2	5	5.200000     
21	35	1	5	4.900000     
20	35	3	5	5.240000     
19	35	2	5	2.840000     
19	35	1	5	5.500000     
17	35	4	5	6.480000     
16	35	4	5	6.540000     
15	35	3	5	4.440000     
14	35	2	5	2.040000     
14	35	1	5	5.840000     
13	35	4	5	6.710000     
12	35	4	5	6.760000     
11	35	3	5	4.660000     
34	35	2	6	4.200000     
34	35	1	6	4.600000     
33	35	5	6	2.900000     
33	35	4	6	1.500000     
32	35	5	6	3.800000     
32	35	4	6	2.000000     
31	35	5	6	4.200000     
31	35	4	6	2.900000     
30	35	3	6	0.800000     
29	35	2	6	-1.600000     
29	35	1	6	2.200000     
28	35	2	6	2.200000     
28	35	1	6	-2.500000     
26	35	2	6	4.500000     
26	35	1	6	2.200000     
25	35	3	6	4.900000     
24	35	5	6	5.900000     
24	35	4	6	6.300000     
23	35	3	6	4.200000     
22	35	5	6	6.100000     
22	35	4	6	6.480000     
21	35	2	6	5.600000     
21	35	1	6	3.990000     
20	35	3	6	5.310000     
19	35	2	6	2.910000     
19	35	1	6	4.200000     
17	35	5	6	6.480000     
17	35	4	6	6.830000     
16	35	5	6	6.540000     
16	35	4	6	5.580000     
15	35	3	6	3.480000     
14	35	2	6	1.080000     
14	35	1	6	4.670000     
13	35	5	6	6.710000     
13	35	4	6	6.350000     
12	35	5	6	6.760000     
12	35	4	6	5.810000     
11	35	3	6	3.710000     
34	35	7	8	-1.300000     
34	35	2	8	5.000000     
34	35	1	8	5.400000     
33	35	6	8	-2.400000     
33	35	5	8	1.400000     
33	35	4	8	2.500000     
32	35	6	8	1.400000     
32	35	5	8	-3.300000     
32	35	4	8	0.500000     
31	35	6	8	2.500000     
31	35	5	8	0.500000     
31	35	4	8	-4.200000     
30	35	3	8	-6.300000     
29	35	7	8	5.000000     
29	35	2	8	-8.700000     
29	35	1	8	-4.900000     
28	35	7	8	5.400000     
28	35	2	8	-4.900000     
28	35	1	8	-9.600000     
26	35	7	8	5.700000     
26	35	2	8	-2.600000     
26	35	1	8	-4.900000     
25	35	3	8	0.300000     
24	35	6	8	4.500000     
24	35	5	8	3.300000     
24	35	4	8	2.290000     
23	35	3	8	0.190000     
22	35	6	8	4.700000     
22	35	5	8	3.500000     
22	35	4	8	2.500000     
21	35	7	8	6.190000     
21	35	2	8	-1.100000     
21	35	1	8	-3.110000     
20	35	3	8	1.200000     
19	35	7	8	6.340000     
19	35	2	8	-1.200000     
19	35	1	8	-2.900000     
17	35	6	8	5.110000     
17	35	5	8	3.940000     
17	35	4	8	2.970000     
16	35	6	8	5.180000     
16	35	5	8	4.010000     
16	35	4	8	3.040000     
15	35	3	8	0.940000     
14	35	7	8	6.650000     
14	35	2	8	-1.460000     
14	35	1	8	-2.430000     
13	35	6	8	5.350000     
13	35	5	8	4.200000     
13	35	4	8	3.240000     
12	35	6	8	5.410000     
12	35	5	8	4.250000     
12	35	4	8	3.300000     
11	35	3	8	1.200000     
34	35	7	9	2.500000     
34	35	2	9	5.400000     
34	35	1	9	5.590000     
33	35	8	9	2.900000     
33	35	6	9	1.400000     
33	35	5	9	2.700000     
33	35	4	9	3.300000     
32	35	8	9	3.800000     
32	35	6	9	2.900000     
32	35	5	9	0.500000     
32	35	4	9	1.800000     
31	35	8	9	4.200000     
31	35	6	9	3.000000     
31	35	5	9	2.000000     
31	35	4	9	-0.400000     
30	35	3	9	-2.500000     
29	35	7	9	4.700000     
29	35	2	9	-4.900000     
29	35	1	9	-1.100000     
28	35	7	9	4.700000     
28	35	2	9	-1.100000     
28	35	1	9	-5.800000     
26	35	7	9	6.100000     
26	35	2	9	1.200000     
26	35	1	9	-1.100000     
25	35	3	9	4.100000     
24	35	8	9	5.900000     
24	35	6	9	6.400000     
24	35	5	9	6.480000     
24	35	4	9	6.090000     
23	35	3	9	3.990000     
22	35	8	9	6.100000     
22	35	6	9	6.560000     
22	35	5	9	6.640000     
22	35	4	9	6.300000     
21	35	7	9	4.800000     
21	35	2	9	2.700000     
21	35	1	9	0.690000     
20	35	3	9	5.000000     
19	35	7	9	6.710000     
19	35	2	9	2.600000     
19	35	1	9	0.900000     
17	35	8	9	6.480000     
17	35	6	9	5.790000     
17	35	5	9	6.950000     
17	35	4	9	6.770000     
16	35	8	9	6.540000     
16	35	6	9	6.950000     
16	35	5	9	4.890000     
16	35	4	9	6.050000     
15	35	3	9	3.950000     
14	35	7	9	7.000000     
14	35	2	9	1.550000     
14	35	1	9	1.370000     
13	35	8	9	6.710000     
13	35	6	9	5.900000     
13	35	5	9	6.450000     
13	35	4	9	6.490000     
12	35	8	9	6.760000     
12	35	6	9	7.150000     
12	35	5	9	5.000000     
12	35	4	9	5.550000     
11	35	3	9	3.450000     
34	36	2	4	1.700000     
34	36	1	4	2.500000     
30	36	3	4	4.500000     
29	36	2	4	2.100000     
29	36	1	4	4.600000     
28	36	2	4	5.600000     
28	36	1	4	1.200000     
26	36	2	4	5.800000     
26	36	1	4	4.800000     
25	36	3	4	5.400000     
23	36	3	4	5.600000     
21	36	2	4	5.140000     
21	36	1	4	6.310000     
20	36	3	4	5.840000     
19	36	2	4	3.440000     
19	36	1	4	6.430000     
15	36	3	4	6.150000     
14	36	2	4	3.750000     
14	36	1	4	6.700000     
35	36	4	5	-0.900000     
34	36	2	5	1.600000     
34	36	1	5	2.900000     
33	36	4	5	3.800000     
32	36	4	5	4.200000     
31	36	4	5	4.600000     
30	36	3	5	2.500000     
29	36	2	5	0.100000     
29	36	1	5	3.900000     
28	36	2	5	3.900000     
28	36	1	5	-0.800000     
26	36	2	5	5.900000     
26	36	1	5	3.900000     
25	36	3	5	4.400000     
24	36	4	5	6.000000     
23	36	3	5	3.900000     
22	36	4	5	6.190000     
21	36	2	5	5.260000     
21	36	1	5	5.000000     
20	36	3	5	4.870000     
19	36	2	5	2.470000     
19	36	1	5	5.900000     
17	36	4	5	6.540000     
16	36	4	5	6.600000     
15	36	3	5	4.500000     
14	36	2	5	2.100000     
14	36	1	5	5.900000     
13	36	4	5	6.760000     
12	36	4	5	6.800000     
35	36	5	6	-0.900000     
35	36	4	6	2.900000     
34	36	2	6	2.900000     
34	36	1	6	3.300000     
33	36	5	6	3.800000     
33	36	4	6	2.000000     
32	36	5	6	4.200000     
32	36	4	6	2.900000     
31	36	5	6	4.600000     
31	36	4	6	3.300000     
30	36	3	6	1.200000     
29	36	2	6	-1.200000     
29	36	1	6	2.600000     
28	36	2	6	2.600000     
28	36	1	6	-2.100000     
26	36	2	6	4.900000     
26	36	1	6	2.600000     
25	36	3	6	3.900000     
24	36	5	6	6.000000     
24	36	4	6	5.000000     
23	36	3	6	2.900000     
22	36	5	6	6.190000     
22	36	4	6	5.200000     
21	36	2	6	4.300000     
21	36	1	6	4.000000     
20	36	3	6	4.340000     
19	36	2	6	1.940000     
19	36	1	6	4.600000     
17	36	5	6	6.540000     
17	36	4	6	5.580000     
16	36	5	6	6.600000     
16	36	4	6	5.640000     
15	36	3	6	3.540000     
14	36	2	6	1.140000     
14	36	1	6	4.940000     
13	36	5	6	6.760000     
13	36	4	6	5.810000     
12	36	5	6	6.800000     
12	36	4	6	5.860000     
35	36	6	8	2.900000     
35	36	5	8	3.800000     
35	36	4	8	4.200000     
34	36	7	8	2.500000     
34	36	2	8	4.300000     
34	36	1	8	6.100000     
33	36	6	8	1.400000     
33	36	5	8	2.700000     
33	36	4	8	3.000000     
32	36	6	8	4.100000     
32	36	5	8	0.500000     
32	36	4	8	1.800000     
31	36	6	8	4.700000     
31	36	5	8	3.200000     
31	36	4	8	-0.400000     
30	36	3	8	-2.500000     
29	36	7	8	5.400000     
29	36	2	8	-4.900000     
29	36	1	8	-1.100000     
28	36	7	8	5.590000     
28	36	2	8	-1.100000     
28	36	1	8	-5.800000     
26	36	7	8	5.800000     
26	36	2	8	1.200000     
26	36	1	8	-1.100000     
25	36	3	8	4.100000     
24	36	6	8	7.100000     
24	36	5	8	7.100000     
24	36	4	8	6.090000     
23	36	3	8	3.990000     
22	36	6	8	7.260000     
22	36	5	8	7.300000     
22	36	4	8	6.300000     
21	36	7	8	6.270000     
21	36	2	8	2.700000     
21	36	1	8	0.690000     
20	36	3	8	5.000000     
19	36	7	8	6.410000     
19	36	2	8	2.600000     
19	36	1	8	0.900000     
17	36	6	8	6.490000     
17	36	5	8	7.650000     
17	36	4	8	6.770000     
16	36	6	8	7.650000     
16	36	5	8	5.590000     
16	36	4	8	6.750000     
15	36	3	8	4.650000     
14	36	7	8	6.710000     
14	36	2	8	2.250000     
14	36	1	8	1.370000     
13	36	6	8	5.610000     
13	36	5	8	7.150000     
13	36	4	8	7.040000     
12	36	6	8	7.850000     
12	36	5	8	4.710000     
12	36	4	8	6.250000     
35	36	8	9	-0.900000     
35	36	6	9	3.800000     
35	36	5	9	4.200000     
35	36	4	9	4.600000     
34	36	7	9	-2.200000     
34	36	2	9	4.100000     
34	36	1	9	4.500000     
33	36	8	9	3.800000     
33	36	6	9	-3.300000     
33	36	5	9	0.500000     
33	36	4	9	1.600000     
32	36	8	9	4.200000     
32	36	6	9	0.500000     
32	36	5	9	-4.200000     
32	36	4	9	-0.400000     
31	36	8	9	4.600000     
31	36	6	9	1.600000     
31	36	5	9	-0.400000     
31	36	4	9	-5.100000     
30	36	3	9	-7.200000     
29	36	7	9	4.100000     
29	36	2	9	-9.600000     
29	36	1	9	-5.800000     
28	36	7	9	4.500000     
28	36	2	9	-5.800000     
28	36	1	9	-10.500000     
26	36	7	9	4.800000     
26	36	2	9	-3.500000     
26	36	1	9	-5.800000     
25	36	3	9	-0.600000     
24	36	8	9	6.000000     
24	36	6	9	3.600000     
24	36	5	9	2.400000     
24	36	4	9	1.390000     
23	36	3	9	-0.710000     
22	36	8	9	6.190000     
22	36	6	9	3.800000     
22	36	5	9	2.600000     
22	36	4	9	1.600000     
21	36	7	9	4.890000     
21	36	2	9	-2.000000     
21	36	1	9	-4.010000     
20	36	3	9	0.300000     
19	36	7	9	5.440000     
19	36	2	9	-2.100000     
19	36	1	9	-3.800000     
17	36	8	9	6.540000     
17	36	6	9	4.210000     
17	36	5	9	3.040000     
17	36	4	9	2.070000     
16	36	8	9	6.600000     
16	36	6	9	4.280000     
16	36	5	9	3.110000     
16	36	4	9	2.140000     
15	36	3	9	0.040000     
14	36	7	9	5.750000     
14	36	2	9	-2.360000     
14	36	1	9	-3.330000     
13	36	8	9	6.760000     
13	36	6	9	4.450000     
13	36	5	9	3.300000     
13	36	4	9	2.340000     
12	36	8	9	6.800000     
12	36	6	9	4.510000     
12	36	5	9	3.350000     
12	36	4	9	2.400000     
36	37	9	10	-2.100000     
36	37	8	10	1.700000     
36	37	6	10	3.700000     
36	37	5	10	4.100000     
36	37	4	10	4.500000     
35	37	9	10	1.700000     
35	37	8	10	-3.000000     
35	37	6	10	1.700000     
35	37	5	10	2.100000     
35	37	4	10	2.500000     
34	37	7	10	-4.300000     
34	37	2	10	2.000000     
34	37	1	10	2.400000     
33	37	9	10	3.700000     
33	37	8	10	1.700000     
33	37	6	10	-5.400000     
33	37	5	10	-1.600000     
33	37	4	10	-0.500000     
32	37	9	10	4.100000     
32	37	8	10	2.100000     
32	37	6	10	-1.600000     
32	37	5	10	-6.300000     
32	37	4	10	-2.500000     
31	37	9	10	4.500000     
31	37	8	10	2.500000     
31	37	6	10	-0.500000     
31	37	5	10	-2.500000     
31	37	4	10	-7.200000     
30	37	3	10	-9.300000     
29	37	7	10	2.000000     
29	37	2	10	-11.700000     
29	37	1	10	-7.900000     
28	37	7	10	2.400000     
28	37	2	10	-7.900000     
28	37	1	10	-12.600000     
26	37	7	10	2.700000     
26	37	2	10	-5.600000     
26	37	1	10	-7.900000     
25	37	3	10	-2.700000     
24	37	9	10	5.600000     
24	37	8	10	3.900000     
24	37	6	10	1.500000     
24	37	5	10	0.300000     
24	37	4	10	-0.710000     
23	37	3	10	-2.810000     
22	37	9	10	5.770000     
22	37	8	10	4.090000     
22	37	6	10	1.700000     
22	37	5	10	0.500000     
22	37	4	10	-0.500000     
21	37	7	10	2.790000     
21	37	2	10	-4.100000     
21	37	1	10	-6.110000     
20	37	3	10	-1.800000     
19	37	7	10	3.340000     
19	37	2	10	-4.200000     
19	37	1	10	-5.900000     
17	37	9	10	6.100000     
17	37	8	10	4.440000     
17	37	6	10	2.110000     
17	37	5	10	0.940000     
17	37	4	10	-0.030000     
16	37	9	10	6.150000     
16	37	8	10	4.500000     
16	37	6	10	2.180000     
16	37	5	10	1.010000     
16	37	4	10	0.040000     
15	37	3	10	-2.060000     
14	37	7	10	3.650000     
14	37	2	10	-4.460000     
14	37	1	10	-5.430000     
13	37	9	10	6.300000     
13	37	8	10	4.660000     
13	37	6	10	2.350000     
13	37	5	10	1.200000     
13	37	4	10	0.240000     
36	37	9	11	1.700000     
36	37	8	11	3.300000     
36	37	6	11	4.100000     
36	37	5	11	4.500000     
36	37	4	11	4.900000     
35	37	9	11	1.100000     
35	37	8	11	0.800000     
35	37	6	11	4.000000     
35	37	5	11	3.200000     
35	37	4	11	3.600000     
34	37	7	11	-0.500000     
34	37	2	11	5.100000     
34	37	1	11	6.200000     
33	37	9	11	3.400000     
33	37	8	11	2.300000     
33	37	6	11	-1.600000     
33	37	5	11	2.200000     
33	37	4	11	3.300000     
32	37	9	11	4.000000     
32	37	8	11	2.500000     
32	37	6	11	2.200000     
32	37	5	11	-2.500000     
32	37	4	11	1.300000     
31	37	9	11	4.700000     
31	37	8	11	3.100000     
31	37	6	11	3.300000     
31	37	5	11	1.300000     
31	37	4	11	-3.400000     
30	37	3	11	-5.500000     
29	37	7	11	5.200000     
29	37	2	11	-7.900000     
29	37	1	11	-4.100000     
28	37	7	11	5.100000     
28	37	2	11	-4.100000     
28	37	1	11	-8.800000     
27	37	10	11	4.800000     
26	37	7	11	6.480000     
26	37	2	11	-1.800000     
26	37	1	11	-4.100000     
25	37	3	11	1.100000     
24	37	9	11	6.480000     
24	37	8	11	6.560000     
24	37	6	11	5.300000     
24	37	5	11	4.100000     
24	37	4	11	3.090000     
23	37	3	11	0.990000     
22	37	9	11	6.640000     
22	37	8	11	6.710000     
22	37	6	11	5.500000     
22	37	5	11	4.300000     
22	37	4	11	3.300000     
21	37	7	11	5.410000     
21	37	2	11	-0.300000     
21	37	1	11	-2.310000     
20	37	3	11	2.000000     
19	37	7	11	6.950000     
19	37	2	11	-0.400000     
19	37	1	11	-2.100000     
18	37	10	11	5.540000     
17	37	9	11	3.440000     
17	37	8	11	7.000000     
17	37	6	11	5.910000     
17	37	5	11	4.740000     
17	37	4	11	3.770000     
16	37	9	11	7.000000     
16	37	8	11	2.540000     
16	37	6	11	5.980000     
16	37	5	11	4.810000     
16	37	4	11	3.840000     
15	37	3	11	1.740000     
14	37	7	11	5.040000     
14	37	2	11	-0.660000     
14	37	1	11	-1.630000     
13	37	9	11	7.150000     
13	37	8	11	6.490000     
13	37	6	11	3.940000     
13	37	5	11	4.240000     
13	37	4	11	4.040000     
36	38	9	10	1.700000     
36	38	8	10	1.100000     
36	38	6	10	2.300000     
36	38	5	10	4.000000     
36	38	4	10	4.700000     
35	38	9	10	3.300000     
35	38	8	10	0.800000     
35	38	6	10	3.000000     
35	38	5	10	1.400000     
35	38	4	10	3.100000     
34	38	7	10	-0.500000     
34	38	2	10	4.100000     
34	38	1	10	5.600000     
33	38	9	10	4.100000     
33	38	8	10	3.300000     
33	38	6	10	-1.600000     
33	38	5	10	2.200000     
33	38	4	10	2.900000     
32	38	9	10	4.500000     
32	38	8	10	3.200000     
32	38	6	10	2.200000     
32	38	5	10	-2.500000     
32	38	4	10	1.300000     
31	38	9	10	4.900000     
31	38	8	10	3.600000     
31	38	6	10	3.300000     
31	38	5	10	1.300000     
31	38	4	10	-3.400000     
30	38	3	10	-5.500000     
29	38	7	10	5.800000     
29	38	2	10	-7.900000     
29	38	1	10	-4.100000     
28	38	7	10	5.600000     
28	38	2	10	-4.100000     
28	38	1	10	-8.800000     
26	38	7	10	6.480000     
26	38	2	10	-1.800000     
26	38	1	10	-4.100000     
25	38	3	10	1.100000     
24	38	9	10	5.690000     
24	38	8	10	6.560000     
24	38	6	10	5.300000     
24	38	5	10	4.100000     
24	38	4	10	3.090000     
23	38	3	10	0.990000     
22	38	9	10	5.840000     
22	38	8	10	6.710000     
22	38	6	10	5.500000     
22	38	5	10	4.300000     
22	38	4	10	3.300000     
21	38	7	10	5.410000     
21	38	2	10	-0.300000     
21	38	1	10	-2.310000     
20	38	3	10	2.000000     
19	38	7	10	6.950000     
19	38	2	10	-0.400000     
19	38	1	10	-2.100000     
17	38	9	10	6.150000     
17	38	8	10	7.000000     
17	38	6	10	5.910000     
17	38	5	10	4.740000     
17	38	4	10	3.770000     
16	38	9	10	6.210000     
16	38	8	10	5.250000     
16	38	6	10	5.980000     
16	38	5	10	4.810000     
16	38	4	10	3.840000     
15	38	3	10	1.740000     
14	38	7	10	7.190000     
14	38	2	10	-0.660000     
14	38	1	10	-1.630000     
37	38	10	11	-3.300000     
36	38	9	11	-5.400000     
36	38	8	11	-1.600000     
36	38	6	11	0.400000     
36	38	5	11	0.800000     
36	38	4	11	1.200000     
35	38	9	11	-1.600000     
35	38	8	11	-6.300000     
35	38	6	11	-1.600000     
35	38	5	11	-1.200000     
35	38	4	11	-0.800000     
34	38	7	11	-7.600000     
34	38	2	11	-1.300000     
34	38	1	11	-0.900000     
33	38	9	11	0.400000     
33	38	8	11	-1.600000     
33	38	6	11	-8.700000     
33	38	5	11	-4.900000     
33	38	4	11	-3.800000     
32	38	9	11	0.800000     
32	38	8	11	-1.200000     
32	38	6	11	-4.900000     
32	38	5	11	-9.600000     
32	38	4	11	-5.800000     
31	38	9	11	1.200000     
31	38	8	11	-0.800000     
31	38	6	11	-3.800000     
31	38	5	11	-5.800000     
31	38	4	11	-10.500000     
30	38	3	11	-12.600000     
29	38	7	11	-1.300000     
29	38	2	11	-15.000000     
29	38	1	11	-11.200000     
28	38	7	11	-0.900000     
28	38	2	11	-11.200000     
28	38	1	11	-15.900000     
27	38	10	11	4.900000     
26	38	7	11	-0.600000     
26	38	2	11	-8.900000     
26	38	1	11	-11.200000     
25	38	3	11	-6.000000     
24	38	9	11	2.300000     
24	38	8	11	0.600000     
24	38	6	11	-1.800000     
24	38	5	11	-3.000000     
24	38	4	11	-4.010000     
23	38	3	11	-6.110000     
22	38	9	11	2.470000     
22	38	8	11	0.790000     
22	38	6	11	-1.600000     
22	38	5	11	-2.800000     
22	38	4	11	-3.800000     
21	38	7	11	-0.510000     
21	38	2	11	-7.400000     
21	38	1	11	-9.410000     
20	38	3	11	-5.100000     
19	38	7	11	0.040000     
19	38	2	11	-7.500000     
19	38	1	11	-9.200000     
18	38	10	11	5.600000     
17	38	9	11	2.800000     
17	38	8	11	1.140000     
17	38	6	11	-1.190000     
17	38	5	11	-2.360000     
17	38	4	11	-3.330000     
16	38	9	11	2.850000     
16	38	8	11	1.200000     
16	38	6	11	-1.120000     
16	38	5	11	-2.290000     
16	38	4	11	-3.260000     
15	38	3	11	-5.360000     
14	38	7	11	0.350000     
14	38	2	11	-7.760000     
14	38	1	11	-8.730000     
34	39	1	2	4.600000     
29	39	1	2	5.800000     
28	39	1	2	5.900000     
26	39	1	2	6.100000     
21	39	1	2	6.480000     
19	39	1	2	6.600000     
36	39	6	7	3.800000     
36	39	5	7	5.500000     
36	39	4	7	-1.100000     
35	39	6	7	4.200000     
35	39	5	7	2.900000     
35	39	4	7	3.700000     
34	39	2	7	0.600000     
34	39	1	7	1.400000     
33	39	6	7	5.000000     
33	39	5	7	4.700000     
33	39	4	7	4.400000     
32	39	6	7	5.400000     
32	39	5	7	4.100000     
32	39	4	7	3.800000     
31	39	6	7	5.590000     
31	39	5	7	4.500000     
31	39	4	7	3.200000     
30	39	3	7	1.100000     
29	39	2	7	-1.300000     
29	39	1	7	2.500000     
28	39	2	7	2.500000     
28	39	1	7	-2.200000     
26	39	2	7	4.700000     
26	39	1	7	2.500000     
25	39	3	7	4.300000     
24	39	6	7	6.270000     
24	39	5	7	7.340000     
24	39	4	7	7.410000     
23	39	3	7	4.500000     
22	39	6	7	6.410000     
22	39	5	7	7.470000     
22	39	4	7	7.530000     
21	39	2	7	4.040000     
21	39	1	7	4.290000     
20	39	3	7	4.740000     
19	39	2	7	2.340000     
19	39	1	7	4.500000     
17	39	6	7	6.710000     
17	39	5	7	7.750000     
17	39	4	7	7.800000     
16	39	6	7	6.760000     
16	39	5	7	5.810000     
16	39	4	7	6.850000     
15	39	3	7	4.750000     
38	39	11	12	-2.200000     
38	39	10	12	1.600000     
37	39	11	12	1.600000     
37	39	10	12	-5.500000     
36	39	9	12	-7.600000     
36	39	8	12	-3.800000     
36	39	6	12	-1.800000     
36	39	5	12	-1.400000     
36	39	4	12	-1.000000     
35	39	9	12	-3.800000     
35	39	8	12	-8.500000     
35	39	6	12	-3.800000     
35	39	5	12	-3.400000     
35	39	4	12	-3.000000     
34	39	7	12	-9.800000     
34	39	2	12	-3.500000     
34	39	1	12	-3.100000     
33	39	9	12	-1.800000     
33	39	8	12	-3.800000     
33	39	6	12	-10.900000     
33	39	5	12	-7.100000     
33	39	4	12	-6.000000     
32	39	9	12	-1.400000     
32	39	8	12	-3.400000     
32	39	6	12	-7.100000     
32	39	5	12	-11.800000     
32	39	4	12	-8.000000     
31	39	9	12	-1.000000     
31	39	8	12	-3.000000     
31	39	6	12	-6.000000     
31	39	5	12	-8.000000     
31	39	4	12	-12.700000     
30	39	3	12	-14.800000     
29	39	7	12	-3.500000     
29	39	2	12	-17.200000     
29	39	1	12	-13.400000     
28	39	7	12	-3.100000     
28	39	2	12	-13.400000     
28	39	1	12	-18.100000     
27	39	11	12	5.500000     
27	39	10	12	2.700000     
26	39	7	12	-2.800000     
26	39	2	12	-11.100000     
26	39	1	12	-13.400000     
25	39	3	12	-8.200000     
24	39	9	12	0.100000     
24	39	8	12	-1.600000     
24	39	6	12	-4.000000     
24	39	5	12	-5.200000     
24	39	4	12	-6.210000     
23	39	3	12	-8.310000     
22	39	9	12	0.270000     
22	39	8	12	-1.410000     
22	39	6	12	-3.800000     
22	39	5	12	-5.000000     
22	39	4	12	-6.000000     
21	39	7	12	-2.710000     
21	39	2	12	-9.600000     
21	39	1	12	-11.610000     
20	39	3	12	-7.300000     
19	39	7	12	-2.160000     
19	39	2	12	-9.700000     
19	39	1	12	-11.400000     
18	39	11	12	6.150000     
18	39	10	12	3.400000     
17	39	9	12	0.600000     
17	39	8	12	-1.060000     
17	39	6	12	-3.390000     
17	39	5	12	-4.560000     
17	39	4	12	-5.530000     
16	39	9	12	0.650000     
16	39	8	12	-1.000000     
16	39	6	12	-3.320000     
16	39	5	12	-4.490000     
16	39	4	12	-5.460000     
15	39	3	12	-7.560000     
