11	12	2	3	-1.300000     
11	12	5	6	-1.300000     
11	12	2	6	4.200000     
11	12	5	8	3.800000     
11	12	2	8	5.000000     
11	12	11	13	2.500000     
11	12	10	13	3.800000     
11	12	5	13	5.590000     
11	12	2	13	5.900000     
11	12	17	18	-1.300000     
11	12	16	18	2.500000     
11	12	14	18	4.200000     
11	12	11	18	5.400000     
11	12	10	18	5.590000     
11	12	5	18	6.100000     
11	12	2	18	6.340000     
11	12	17	22	4.600000     
11	12	16	22	5.000000     
11	12	14	22	5.590000     
11	12	11	22	5.900000     
11	12	10	22	6.000000     
11	12	5	22	6.410000     
11	12	2	22	6.600000     
11	12	17	23	5.000000     
11	12	16	23	5.400000     
11	12	14	23	5.700000     
11	12	11	23	6.000000     
11	12	10	23	6.100000     
11	12	5	23	6.480000     
11	12	2	23	6.650000     
11	12	17	24	5.400000     
11	12	16	24	5.590000     
11	12	14	24	5.800000     
11	12	11	24	6.100000     
11	12	10	24	6.190000     
11	12	5	24	6.540000     
11	12	2	24	6.710000     
11	12	17	25	5.590000     
11	12	16	25	5.700000     
11	12	14	25	5.900000     
11	12	11	25	6.190000     
11	12	10	25	6.270000     
11	12	5	25	6.600000     
11	12	2	25	6.760000     
11	12	31	33	2.500000     
11	12	17	33	6.340000     
11	12	16	33	6.410000     
11	12	14	33	6.540000     
11	12	11	33	6.710000     
11	12	10	33	6.760000     
11	12	31	34	3.800000     
11	12	17	34	6.410000     
11	12	16	34	6.480000     
11	12	14	34	6.600000     
11	12	11	34	6.760000     
11	12	10	34	6.800000     
12	13	3	4	-2.200000     
12	13	1	4	3.300000     
11	13	2	4	-3.500000     
12	13	6	7	-2.200000     
12	13	3	7	3.700000     
12	13	1	7	4.500000     
11	13	5	7	-3.500000     
11	13	2	7	2.000000     
12	13	8	9	-2.200000     
12	13	6	9	3.300000     
12	13	3	9	4.500000     
12	13	1	9	5.090000     
11	13	5	9	1.600000     
11	13	2	9	2.800000     
12	13	13	15	1.600000     
12	13	8	15	4.900000     
12	13	6	15	5.200000     
12	13	3	15	5.500000     
12	13	1	15	5.690000     
11	13	14	15	1.400000     
11	13	11	15	3.400000     
11	13	10	15	4.000000     
11	13	5	15	3.900000     
11	13	2	15	4.200000     
12	13	18	20	1.600000     
12	13	13	20	4.900000     
12	13	8	20	5.500000     
12	13	6	20	5.690000     
12	13	3	20	5.910000     
12	13	1	20	6.040000     
11	13	17	20	0.300000     
11	13	16	20	3.400000     
11	13	14	20	3.600000     
11	13	11	20	6.100000     
11	13	10	20	6.200000     
11	13	5	20	4.390000     
11	13	2	20	4.610000     
12	13	18	21	3.300000     
12	13	13	21	5.090000     
12	13	8	21	5.600000     
12	13	6	21	5.770000     
12	13	3	21	5.980000     
12	13	1	21	6.100000     
11	13	17	21	2.000000     
11	13	16	21	2.900000     
11	13	14	21	3.200000     
11	13	11	21	5.100000     
11	13	10	21	5.200000     
11	13	5	21	4.470000     
11	13	2	21	4.680000     
12	13	25	28	3.300000     
12	13	24	28	3.700000     
12	13	23	28	4.100000     
12	13	22	28	4.500000     
12	13	18	28	5.300000     
12	13	13	28	5.770000     
12	13	8	28	6.100000     
12	13	6	28	6.210000     
11	13	17	28	4.000000     
11	13	16	28	6.400000     
11	13	14	28	5.460000     
11	13	11	28	6.770000     
11	13	10	28	6.830000     
11	13	5	28	4.910000     
12	13	25	29	3.700000     
12	13	24	29	4.100000     
12	13	23	29	4.500000     
12	13	22	29	4.900000     
12	13	18	29	5.400000     
12	13	13	29	5.840000     
12	13	8	29	6.150000     
12	13	6	29	6.260000     
11	13	17	29	4.100000     
11	13	16	29	5.380000     
11	13	14	29	4.440000     
11	13	11	29	5.730000     
11	13	10	29	5.790000     
11	13	5	29	4.960000     
12	13	34	36	1.600000     
12	13	33	36	3.300000     
12	13	25	36	5.400000     
12	13	24	36	5.500000     
12	13	23	36	5.600000     
12	13	22	36	5.690000     
12	13	18	36	5.980000     
12	13	13	36	6.260000     
11	13	31	36	4.000000     
11	13	17	36	4.680000     
11	13	16	36	6.950000     
11	13	14	36	5.950000     
12	14	1	2	2.700000     
13	14	4	5	-2.100000     
12	14	3	5	-4.300000     
12	14	1	5	1.200000     
11	14	2	5	-5.600000     
13	14	9	10	-2.100000     
13	14	7	10	3.300000     
13	14	4	10	4.500000     
12	14	8	10	-4.300000     
12	14	6	10	1.100000     
12	14	3	10	2.300000     
12	14	1	10	2.990000     
11	14	5	10	-0.500000     
11	14	2	10	0.700000     
13	14	9	11	1.700000     
13	14	7	11	3.700000     
13	14	4	11	4.900000     
12	14	8	11	-0.500000     
12	14	6	11	1.500000     
12	14	3	11	2.700000     
12	14	1	11	6.790000     
11	14	10	11	3.800000     
11	14	5	11	0.200000     
11	14	2	11	1.400000     
13	14	9	14	4.100000     
13	14	7	14	4.900000     
13	14	4	14	5.300000     
12	14	13	14	2.700000     
12	14	8	14	1.900000     
12	14	6	14	2.700000     
12	14	3	14	3.100000     
12	14	1	14	7.180000     
11	14	11	14	2.500000     
11	14	10	14	3.700000     
11	14	5	14	1.400000     
11	14	2	14	1.800000     
13	14	15	16	-2.100000     
13	14	9	16	4.900000     
13	14	7	16	5.200000     
13	14	4	16	5.500000     
12	14	13	16	-0.500000     
12	14	8	16	2.700000     
12	14	6	16	3.000000     
12	14	3	16	3.300000     
12	14	1	16	3.590000     
11	14	14	16	-0.700000     
11	14	11	16	1.300000     
11	14	10	16	1.900000     
11	14	5	16	1.700000     
11	14	2	16	2.000000     
13	14	15	17	1.700000     
13	14	9	17	5.090000     
13	14	7	17	5.300000     
13	14	4	17	5.600000     
12	14	13	17	3.300000     
12	14	8	17	2.890000     
12	14	6	17	3.100000     
12	14	3	17	3.400000     
12	14	1	17	7.390000     
11	14	16	17	3.800000     
11	14	14	17	1.600000     
11	14	11	17	5.100000     
11	14	10	17	5.700000     
11	14	5	17	1.800000     
11	14	2	17	2.100000     
13	14	29	31	1.700000     
13	14	28	31	3.300000     
13	14	21	31	5.300000     
13	14	20	31	5.400000     
13	14	15	31	5.840000     
13	14	9	31	6.210000     
13	14	7	31	6.300000     
12	14	25	31	5.400000     
12	14	24	31	5.800000     
12	14	23	31	6.200000     
12	14	22	31	6.600000     
12	14	18	31	7.000000     
12	14	13	31	7.440000     
12	14	8	31	4.010000     
11	14	17	31	5.700000     
11	14	16	31	7.080000     
11	14	14	31	6.140000     
11	14	11	31	7.430000     
11	14	10	31	7.490000     
13	14	36	38	1.700000     
13	14	29	38	5.200000     
13	14	28	38	5.300000     
13	14	21	38	5.910000     
13	14	20	38	5.980000     
13	14	15	38	6.260000     
12	14	34	38	3.300000     
12	14	33	38	4.700000     
12	14	25	38	7.100000     
12	14	24	38	7.200000     
12	14	23	38	7.300000     
12	14	22	38	7.390000     
12	14	18	38	7.580000     
11	14	31	38	5.700000     
11	14	17	38	6.280000     
11	14	16	38	7.800000     
11	14	14	38	6.790000     
14	15	2	3	-1.300000     
12	15	1	3	1.400000     
11	15	2	3	4.200000     
14	15	5	6	-1.300000     
14	15	2	6	4.200000     
13	15	4	6	-3.400000     
12	15	3	6	-5.600000     
12	15	1	6	-0.100000     
11	15	5	6	4.200000     
11	15	2	6	-6.900000     
14	15	5	8	3.800000     
14	15	2	8	5.000000     
13	15	7	8	1.700000     
13	15	4	8	1.700000     
12	15	6	8	-0.500000     
12	15	3	8	-0.500000     
12	15	1	8	5.000000     
11	15	5	8	-1.800000     
11	15	2	8	-1.800000     
14	15	11	13	2.500000     
14	15	10	13	3.800000     
14	15	5	13	5.590000     
14	15	2	13	5.900000     
13	15	9	13	1.700000     
13	15	7	13	4.000000     
13	15	4	13	3.490000     
12	15	8	13	-0.500000     
12	15	6	13	1.800000     
12	15	3	13	1.290000     
12	15	1	13	6.790000     
11	15	11	13	4.100000     
11	15	10	13	3.700000     
11	15	5	13	0.500000     
11	15	2	13	-0.010000     
14	15	17	18	-1.300000     
14	15	16	18	2.500000     
14	15	14	18	4.200000     
14	15	11	18	5.400000     
14	15	10	18	5.590000     
14	15	5	18	6.100000     
14	15	2	18	6.340000     
13	15	15	18	0.400000     
13	15	9	18	3.490000     
13	15	7	18	4.000000     
13	15	4	18	4.000000     
12	15	13	18	2.000000     
12	15	8	18	1.290000     
12	15	6	18	1.800000     
12	15	3	18	1.800000     
12	15	1	18	6.090000     
11	15	17	18	4.200000     
11	15	16	18	2.500000     
11	15	14	18	0.300000     
11	15	11	18	3.800000     
11	15	10	18	4.400000     
11	15	5	18	0.500000     
11	15	2	18	0.500000     
14	15	17	22	4.600000     
14	15	16	22	5.000000     
14	15	14	22	5.590000     
14	15	11	22	5.900000     
14	15	10	22	6.000000     
14	15	5	22	6.410000     
14	15	2	22	6.600000     
13	15	21	22	1.700000     
13	15	20	22	1.100000     
13	15	15	22	2.900000     
13	15	9	22	3.900000     
13	15	7	22	5.940000     
13	15	4	22	4.310000     
12	15	18	22	2.700000     
12	15	13	22	4.500000     
12	15	8	22	1.700000     
12	15	6	22	3.740000     
12	15	3	22	2.110000     
12	15	1	22	7.140000     
11	15	17	22	1.400000     
11	15	16	22	4.500000     
11	15	14	22	4.300000     
11	15	11	22	6.300000     
11	15	10	22	6.900000     
11	15	5	22	2.440000     
11	15	2	22	0.810000     
14	15	17	23	5.000000     
14	15	16	23	5.400000     
14	15	14	23	5.700000     
14	15	11	23	6.000000     
14	15	10	23	6.100000     
14	15	5	23	6.480000     
14	15	2	23	6.650000     
13	15	21	23	1.100000     
13	15	20	23	4.800000     
13	15	15	23	3.300000     
13	15	9	23	4.000000     
13	15	7	23	5.310000     
13	15	4	23	4.380000     
12	15	22	23	3.800000     
12	15	18	23	3.700000     
12	15	13	23	4.900000     
12	15	8	23	1.800000     
12	15	6	23	3.110000     
12	15	3	23	2.180000     
12	15	1	23	7.100000     
11	15	17	23	2.400000     
11	15	16	23	4.000000     
11	15	14	23	4.300000     
11	15	11	23	6.200000     
11	15	10	23	6.300000     
11	15	5	23	1.810000     
11	15	2	23	0.880000     
14	15	17	24	5.400000     
14	15	16	24	5.590000     
14	15	14	24	5.800000     
14	15	11	24	6.100000     
14	15	10	24	6.190000     
14	15	5	24	6.540000     
14	15	2	24	6.710000     
13	15	21	24	2.000000     
13	15	20	24	2.700000     
13	15	15	24	3.490000     
13	15	9	24	4.090000     
13	15	7	24	5.370000     
13	15	4	24	4.440000     
12	15	23	24	3.800000     
12	15	22	24	2.800000     
12	15	18	24	4.300000     
12	15	13	24	5.090000     
12	15	8	24	1.890000     
12	15	6	24	3.170000     
12	15	3	24	2.240000     
12	15	1	24	7.150000     
11	15	17	24	3.000000     
11	15	16	24	4.900000     
11	15	14	24	4.890000     
11	15	11	24	6.640000     
11	15	10	24	6.710000     
11	15	5	24	1.870000     
11	15	2	24	0.940000     
14	15	17	25	5.590000     
14	15	16	25	5.700000     
14	15	14	25	5.900000     
14	15	11	25	6.190000     
14	15	10	25	6.270000     
14	15	5	25	6.600000     
14	15	2	25	6.760000     
13	15	21	25	2.000000     
13	15	20	25	3.300000     
13	15	15	25	3.600000     
13	15	9	25	4.170000     
13	15	7	25	5.430000     
13	15	4	25	4.500000     
12	15	24	25	3.800000     
12	15	23	25	2.800000     
12	15	22	25	1.600000     
12	15	18	25	4.900000     
12	15	13	25	5.200000     
12	15	8	25	1.970000     
12	15	6	25	3.230000     
12	15	3	25	2.300000     
12	15	1	25	7.190000     
11	15	17	25	3.600000     
11	15	16	25	4.900000     
11	15	14	25	5.000000     
11	15	11	25	6.710000     
11	15	10	25	6.770000     
11	15	5	25	1.930000     
11	15	2	25	1.000000     
14	15	31	33	2.500000     
14	15	17	33	6.340000     
14	15	16	33	6.410000     
14	15	14	33	6.540000     
14	15	11	33	6.710000     
14	15	10	33	6.760000     
13	15	29	33	3.400000     
13	15	28	33	4.000000     
13	15	21	33	5.700000     
13	15	20	33	6.480000     
13	15	15	33	4.310000     
13	15	9	33	4.660000     
12	15	25	33	6.300000     
12	15	24	33	6.900000     
12	15	23	33	7.000000     
12	15	22	33	7.100000     
12	15	18	33	7.410000     
12	15	13	33	5.910000     
11	15	31	33	4.100000     
11	15	17	33	6.110000     
11	15	16	33	7.590000     
11	15	14	33	5.710000     
11	15	11	33	7.710000     
11	15	10	33	7.890000     
14	15	31	34	3.800000     
14	15	17	34	6.410000     
14	15	16	34	6.480000     
14	15	14	34	6.600000     
14	15	11	34	6.760000     
14	15	10	34	6.800000     
13	15	29	34	3.300000     
13	15	28	34	4.000000     
13	15	21	34	5.080000     
13	15	20	34	5.860000     
13	15	15	34	4.380000     
12	15	33	34	3.800000     
12	15	25	34	6.200000     
12	15	24	34	6.300000     
12	15	23	34	6.400000     
12	15	22	34	6.480000     
12	15	18	34	6.770000     
12	15	13	34	5.980000     
11	15	31	34	3.000000     
11	15	17	34	5.470000     
11	15	16	34	6.950000     
11	15	14	34	5.780000     
11	15	11	34	7.190000     
11	15	10	34	7.230000     
15	16	1	3	2.900000     
14	16	2	3	2.500000     
12	16	1	3	4.100000     
11	16	2	3	4.600000     
15	16	3	6	3.800000     
15	16	1	6	4.600000     
14	16	5	6	2.500000     
14	16	2	6	2.500000     
13	16	4	6	0.400000     
12	16	3	6	-1.800000     
12	16	1	6	3.700000     
11	16	5	6	4.600000     
11	16	2	6	-3.100000     
15	16	6	8	2.900000     
15	16	3	8	4.600000     
15	16	1	8	5.400000     
14	16	5	8	1.600000     
14	16	2	8	3.300000     
13	16	7	8	3.300000     
13	16	4	8	-0.500000     
12	16	6	8	1.100000     
12	16	3	8	-2.700000     
12	16	1	8	2.800000     
11	16	5	8	-0.200000     
11	16	2	8	-4.000000     
15	16	8	13	4.600000     
15	16	6	13	5.400000     
15	16	3	13	5.800000     
15	16	1	13	6.000000     
14	16	11	13	1.700000     
14	16	10	13	3.600000     
14	16	5	13	4.100000     
14	16	2	13	4.500000     
13	16	9	13	1.500000     
13	16	7	13	3.700000     
13	16	4	13	2.000000     
12	16	8	13	-0.700000     
12	16	6	13	1.500000     
12	16	3	13	-0.200000     
12	16	1	13	5.300000     
11	16	11	13	4.700000     
11	16	10	13	4.400000     
11	16	5	13	0.200000     
11	16	2	13	-1.500000     
15	16	13	18	4.600000     
15	16	8	18	5.800000     
15	16	6	18	6.000000     
15	16	3	18	6.270000     
15	16	1	18	6.410000     
14	16	17	18	2.500000     
14	16	16	18	1.700000     
14	16	14	18	3.000000     
14	16	11	18	6.100000     
14	16	10	18	6.700000     
14	16	5	18	4.700000     
14	16	2	18	4.970000     
13	16	15	18	-0.400000     
13	16	9	18	4.600000     
13	16	7	18	5.700000     
13	16	4	18	2.600000     
12	16	13	18	1.200000     
12	16	8	18	2.400000     
12	16	6	18	3.500000     
12	16	3	18	0.400000     
12	16	1	18	5.290000     
11	16	17	18	4.600000     
11	16	16	18	4.700000     
11	16	14	18	1.000000     
11	16	11	18	3.000000     
11	16	10	18	3.600000     
11	16	5	18	2.200000     
11	16	2	18	-0.900000     
15	16	18	22	4.200000     
15	16	13	22	5.700000     
15	16	8	22	6.190000     
15	16	6	22	6.340000     
15	16	3	22	6.540000     
15	16	1	22	6.650000     
14	16	17	22	2.900000     
14	16	16	22	4.300000     
14	16	14	22	4.500000     
14	16	11	22	5.900000     
14	16	10	22	6.000000     
14	16	5	22	5.040000     
14	16	2	22	5.240000     
13	16	21	22	3.300000     
13	16	20	22	4.800000     
13	16	15	22	2.200000     
13	16	9	22	3.900000     
13	16	7	22	4.910000     
13	16	4	22	2.940000     
12	16	18	22	2.300000     
12	16	13	22	3.800000     
12	16	8	22	1.700000     
12	16	6	22	2.710000     
12	16	3	22	0.740000     
12	16	1	22	6.240000     
11	16	17	22	1.000000     
11	16	16	22	3.200000     
11	16	14	22	3.300000     
11	16	11	22	5.600000     
11	16	10	22	6.200000     
11	16	5	22	1.410000     
11	16	2	22	-0.560000     
15	16	22	23	-0.900000     
15	16	18	23	4.600000     
15	16	13	23	5.800000     
15	16	8	23	6.270000     
15	16	6	23	6.410000     
15	16	3	23	6.600000     
15	16	1	23	6.710000     
14	16	17	23	3.300000     
14	16	16	23	4.100000     
14	16	14	23	4.690000     
14	16	11	23	5.000000     
14	16	10	23	5.100000     
14	16	5	23	5.110000     
14	16	2	23	5.300000     
13	16	21	23	0.800000     
13	16	20	23	0.200000     
13	16	15	23	2.000000     
13	16	9	23	3.000000     
13	16	7	23	5.040000     
13	16	4	23	3.010000     
12	16	22	23	4.200000     
12	16	18	23	1.800000     
12	16	13	23	3.600000     
12	16	8	23	0.800000     
12	16	6	23	2.840000     
12	16	3	23	0.810000     
12	16	1	23	6.240000     
11	16	17	23	0.500000     
11	16	16	23	3.600000     
11	16	14	23	3.400000     
11	16	11	23	5.400000     
11	16	10	23	6.000000     
11	16	5	23	1.540000     
11	16	2	23	-0.490000     
15	16	23	24	-0.900000     
15	16	22	24	2.900000     
15	16	18	24	5.000000     
15	16	13	24	5.900000     
15	16	8	24	6.340000     
15	16	6	24	6.480000     
15	16	3	24	6.650000     
15	16	1	24	6.760000     
14	16	17	24	3.700000     
14	16	16	24	4.500000     
14	16	14	24	4.800000     
14	16	11	24	5.100000     
14	16	10	24	5.200000     
14	16	5	24	5.180000     
14	16	2	24	5.350000     
13	16	21	24	0.200000     
13	16	20	24	3.000000     
13	16	15	24	2.400000     
13	16	9	24	3.100000     
13	16	7	24	4.410000     
13	16	4	24	3.080000     
12	16	23	24	4.200000     
12	16	22	24	2.900000     
12	16	18	24	2.800000     
12	16	13	24	4.000000     
12	16	8	24	0.900000     
12	16	6	24	2.210000     
12	16	3	24	0.880000     
12	16	1	24	6.200000     
11	16	17	24	1.500000     
11	16	16	24	3.100000     
11	16	14	24	3.400000     
11	16	11	24	5.300000     
11	16	10	24	5.400000     
11	16	5	24	0.910000     
11	16	2	24	-0.420000     
15	16	24	25	-0.900000     
15	16	23	25	2.900000     
15	16	22	25	3.800000     
15	16	18	25	5.400000     
15	16	13	25	6.000000     
15	16	8	25	6.410000     
15	16	6	25	6.540000     
15	16	3	25	6.710000     
15	16	1	25	6.800000     
14	16	17	25	4.100000     
14	16	16	25	4.690000     
14	16	14	25	4.900000     
14	16	11	25	5.200000     
14	16	10	25	5.290000     
14	16	5	25	5.240000     
14	16	2	25	5.410000     
13	16	21	25	1.100000     
13	16	20	25	1.800000     
13	16	15	25	2.590000     
13	16	9	25	3.190000     
13	16	7	25	4.470000     
13	16	4	25	3.140000     
12	16	24	25	4.200000     
12	16	23	25	2.900000     
12	16	22	25	1.900000     
12	16	18	25	3.400000     
12	16	13	25	4.190000     
12	16	8	25	0.990000     
12	16	6	25	2.270000     
12	16	3	25	0.940000     
12	16	1	25	6.250000     
11	16	17	25	2.100000     
11	16	16	25	4.000000     
11	16	14	25	3.990000     
11	16	11	25	5.740000     
11	16	10	25	5.810000     
11	16	5	25	0.970000     
11	16	2	25	-0.360000     
15	16	25	33	5.590000     
15	16	24	33	5.700000     
15	16	23	33	5.800000     
15	16	22	33	5.900000     
15	16	18	33	6.270000     
15	16	13	33	6.600000     
14	16	31	33	1.700000     
14	16	17	33	4.970000     
14	16	16	33	7.470000     
14	16	14	33	6.490000     
14	16	11	33	7.750000     
14	16	10	33	7.800000     
13	16	29	33	3.000000     
13	16	28	33	3.700000     
13	16	21	33	5.780000     
13	16	20	33	6.560000     
13	16	15	33	5.370000     
13	16	9	33	5.700000     
12	16	25	33	5.900000     
12	16	24	33	6.500000     
12	16	23	33	7.100000     
12	16	22	33	7.180000     
12	16	18	33	7.470000     
12	16	13	33	6.970000     
11	16	31	33	4.700000     
11	16	17	33	6.170000     
11	16	16	33	7.650000     
11	16	14	33	6.570000     
11	16	11	33	7.890000     
11	16	10	33	7.930000     
15	16	33	34	-0.900000     
15	16	25	34	5.700000     
15	16	24	34	5.800000     
15	16	23	34	5.900000     
15	16	22	34	6.000000     
15	16	18	34	6.340000     
15	16	13	34	6.650000     
14	16	31	34	1.600000     
14	16	17	34	5.040000     
14	16	16	34	5.510000     
14	16	14	34	5.640000     
14	16	11	34	5.810000     
14	16	10	34	5.860000     
13	16	29	34	2.500000     
13	16	28	34	3.100000     
13	16	21	34	4.800000     
13	16	20	34	5.580000     
13	16	15	34	3.410000     
12	16	33	34	4.200000     
12	16	25	34	5.400000     
12	16	24	34	6.000000     
12	16	23	34	6.100000     
12	16	22	34	6.200000     
12	16	18	34	6.510000     
12	16	13	34	5.010000     
11	16	31	34	3.200000     
11	16	17	34	5.210000     
11	16	16	34	6.690000     
11	16	14	34	4.810000     
11	16	11	34	6.810000     
11	16	10	34	6.990000     
16	17	3	4	-2.200000     
16	17	1	4	3.300000     
15	17	3	4	1.600000     
15	17	1	4	0.700000     
14	17	2	4	0.300000     
12	17	3	4	4.100000     
12	17	1	4	1.900000     
11	17	2	4	2.400000     
16	17	6	7	-2.200000     
16	17	3	7	3.700000     
16	17	1	7	4.500000     
15	17	6	7	1.600000     
15	17	3	7	1.600000     
15	17	1	7	2.400000     
14	17	5	7	0.300000     
14	17	2	7	0.300000     
13	17	4	7	-1.800000     
12	17	6	7	4.100000     
12	17	3	7	-4.000000     
12	17	1	7	1.500000     
11	17	5	7	2.400000     
11	17	2	7	-5.300000     
16	17	8	9	-2.200000     
16	17	6	9	3.300000     
16	17	3	9	4.500000     
16	17	1	9	5.090000     
15	17	8	9	1.600000     
15	17	6	9	0.700000     
15	17	3	9	2.400000     
15	17	1	9	3.200000     
14	17	5	9	-0.600000     
14	17	2	9	1.100000     
13	17	7	9	1.100000     
13	17	4	9	-2.700000     
12	17	8	9	4.100000     
12	17	6	9	-1.100000     
12	17	3	9	-4.900000     
12	17	1	9	0.600000     
11	17	5	9	-2.400000     
11	17	2	9	-6.200000     
16	17	13	15	1.600000     
16	17	8	15	4.900000     
16	17	6	15	5.200000     
16	17	3	15	5.500000     
16	17	1	15	5.690000     
15	17	13	15	1.100000     
15	17	8	15	4.300000     
15	17	6	15	5.000000     
15	17	3	15	5.300000     
15	17	1	15	6.560000     
14	17	14	15	3.300000     
14	17	11	15	3.000000     
14	17	10	15	3.700000     
14	17	5	15	3.700000     
14	17	2	15	4.000000     
13	17	9	15	1.600000     
13	17	7	15	3.800000     
13	17	4	15	1.600000     
12	17	13	15	4.000000     
12	17	8	15	-0.600000     
12	17	6	15	1.600000     
12	17	3	15	-0.600000     
12	17	1	15	4.900000     
11	17	14	15	4.500000     
11	17	11	15	4.000000     
11	17	10	15	3.600000     
11	17	5	15	0.300000     
11	17	2	15	-1.900000     
16	17	18	20	1.600000     
16	17	13	20	4.900000     
16	17	8	20	5.500000     
16	17	6	20	5.690000     
16	17	3	20	5.910000     
16	17	1	20	6.040000     
15	17	18	20	1.100000     
15	17	13	20	5.400000     
15	17	8	20	5.300000     
15	17	6	20	5.460000     
15	17	3	20	5.670000     
15	17	1	20	6.890000     
14	17	17	20	-0.200000     
14	17	16	20	3.000000     
14	17	14	20	3.300000     
14	17	11	20	6.200000     
14	17	10	20	6.300000     
14	17	5	20	4.160000     
14	17	2	20	4.370000     
13	17	15	20	0.900000     
13	17	9	20	4.200000     
13	17	7	20	5.100000     
13	17	4	20	2.060000     
12	17	18	20	4.000000     
12	17	13	20	2.500000     
12	17	8	20	2.000000     
12	17	6	20	2.900000     
12	17	3	20	-0.140000     
12	17	1	20	5.360000     
11	17	17	20	2.700000     
11	17	16	20	3.600000     
11	17	14	20	1.400000     
11	17	11	20	4.300000     
11	17	10	20	4.900000     
11	17	5	20	1.600000     
11	17	2	20	-1.440000     
16	17	18	21	3.300000     
16	17	13	21	5.090000     
16	17	8	21	5.600000     
16	17	6	21	5.770000     
16	17	3	21	5.980000     
16	17	1	21	6.100000     
15	17	18	21	1.400000     
15	17	13	21	4.900000     
15	17	8	21	4.280000     
15	17	6	21	4.440000     
15	17	3	21	4.630000     
15	17	1	21	5.850000     
14	17	17	21	0.100000     
14	17	16	21	2.600000     
14	17	14	21	2.800000     
14	17	11	21	5.200000     
14	17	10	21	5.300000     
14	17	5	21	3.140000     
14	17	2	21	3.330000     
13	17	20	21	3.200000     
13	17	15	21	0.500000     
13	17	9	21	3.200000     
13	17	7	21	4.210000     
13	17	4	21	1.040000     
12	17	18	21	2.600000     
12	17	13	21	2.100000     
12	17	8	21	1.000000     
12	17	6	21	2.010000     
12	17	3	21	-1.160000     
12	17	1	21	4.340000     
11	17	17	21	1.300000     
11	17	16	21	2.500000     
11	17	14	21	1.600000     
11	17	11	21	3.900000     
11	17	10	21	4.500000     
11	17	5	21	0.710000     
11	17	2	21	-2.460000     
16	17	25	28	3.300000     
16	17	24	28	3.700000     
16	17	23	28	4.100000     
16	17	22	28	4.500000     
16	17	18	28	5.300000     
16	17	13	28	5.770000     
16	17	8	28	6.100000     
16	17	6	28	6.210000     
15	17	25	28	2.500000     
15	17	24	28	2.400000     
15	17	23	28	2.800000     
15	17	22	28	3.200000     
15	17	18	28	6.200000     
15	17	13	28	6.640000     
15	17	8	28	5.850000     
15	17	6	28	5.950000     
14	17	17	28	4.900000     
14	17	16	28	6.480000     
14	17	14	28	5.540000     
14	17	11	28	6.830000     
14	17	10	28	6.890000     
14	17	5	28	4.650000     
13	17	21	28	3.200000     
13	17	20	28	4.300000     
13	17	15	28	4.380000     
13	17	9	28	4.790000     
13	17	7	28	5.700000     
13	17	4	28	2.550000     
12	17	25	28	3.700000     
12	17	24	28	3.400000     
12	17	23	28	3.000000     
12	17	22	28	3.600000     
12	17	18	28	5.900000     
12	17	13	28	5.980000     
12	17	8	28	2.590000     
12	17	6	28	3.500000     
11	17	17	28	4.600000     
11	17	16	28	6.100000     
11	17	14	28	5.730000     
11	17	11	28	7.000000     
11	17	10	28	7.050000     
11	17	5	28	2.200000     
16	17	25	29	3.700000     
16	17	24	29	4.100000     
16	17	23	29	4.500000     
16	17	22	29	4.900000     
16	17	18	29	5.400000     
16	17	13	29	5.840000     
16	17	8	29	6.150000     
16	17	6	29	6.260000     
15	17	25	29	2.300000     
15	17	24	29	2.800000     
15	17	23	29	3.200000     
15	17	22	29	3.600000     
15	17	18	29	5.200000     
15	17	13	29	5.610000     
15	17	8	29	4.800000     
15	17	6	29	4.900000     
14	17	17	29	3.900000     
14	17	16	29	5.460000     
14	17	14	29	4.510000     
14	17	11	29	5.790000     
14	17	10	29	5.850000     
14	17	5	29	3.600000     
13	17	28	29	3.200000     
13	17	21	29	2.700000     
13	17	20	29	4.000000     
13	17	15	29	3.360000     
13	17	9	29	3.750000     
13	17	7	29	4.650000     
12	17	25	29	2.300000     
12	17	24	29	1.900000     
12	17	23	29	2.500000     
12	17	22	29	3.100000     
12	17	18	29	5.460000     
12	17	13	29	4.960000     
12	17	8	29	1.550000     
12	17	6	29	2.450000     
11	17	17	29	4.160000     
11	17	16	29	5.600000     
11	17	14	29	4.690000     
11	17	11	29	5.950000     
11	17	10	29	6.000000     
11	17	5	29	1.150000     
16	17	34	36	1.600000     
16	17	33	36	3.300000     
16	17	25	36	5.400000     
16	17	24	36	5.500000     
16	17	23	36	5.600000     
16	17	22	36	5.690000     
16	17	18	36	5.980000     
16	17	13	36	6.260000     
15	17	34	36	1.100000     
15	17	33	36	0.700000     
15	17	25	36	6.300000     
15	17	24	36	4.500000     
15	17	23	36	4.600000     
15	17	22	36	4.700000     
15	17	18	36	6.830000     
15	17	13	36	7.100000     
14	17	31	36	3.200000     
14	17	17	36	5.530000     
14	17	16	36	7.000000     
14	17	14	36	6.000000     
13	17	29	36	3.900000     
13	17	28	36	4.500000     
13	17	21	36	5.370000     
13	17	20	36	5.800000     
13	17	15	36	4.900000     
12	17	34	36	4.000000     
12	17	33	36	3.700000     
12	17	25	36	6.560000     
12	17	24	36	6.640000     
12	17	23	36	6.710000     
12	17	22	36	6.770000     
12	17	18	36	7.000000     
12	17	13	36	6.500000     
11	17	31	36	3.600000     
11	17	17	36	5.700000     
11	17	16	36	7.150000     
11	17	14	36	6.130000     
