11	12	14	15	-1.300000     
12	13	11	12	-2.200000     
12	13	15	16	-2.200000     
12	13	13	16	3.300000     
12	13	11	16	4.100000     
11	13	14	16	-3.500000     
13	14	12	14	1.700000     
12	14	13	14	2.700000     
12	14	11	14	-0.500000     
13	15	12	13	1.700000     
12	15	11	13	-0.500000     
14	15	14	15	-1.300000     
13	15	12	15	0.400000     
12	15	13	15	1.400000     
12	15	11	15	-1.800000     
11	15	14	15	4.200000     
15	16	11	13	2.900000     
13	16	12	13	3.300000     
12	16	11	13	1.100000     
15	16	13	15	2.900000     
15	16	11	15	4.200000     
14	16	14	15	2.500000     
13	16	12	15	2.200000     
12	16	13	15	4.100000     
12	16	11	15	0.000000     
11	16	14	15	4.600000     
16	17	11	12	-2.200000     
15	17	11	12	1.600000     
12	17	11	12	4.100000     
16	17	15	16	-2.200000     
16	17	13	16	3.300000     
16	17	11	16	4.100000     
15	17	15	16	1.600000     
15	17	13	16	0.700000     
15	17	11	16	2.000000     
14	17	14	16	0.300000     
13	17	12	16	0.000000     
12	17	15	16	4.100000     
12	17	13	16	1.900000     
12	17	11	16	-2.200000     
11	17	14	16	2.400000     
