1	2	13	14	-1.100000     
1	2	11	14	3.800000     
1	3	11	13	1.700000     
2	3	14	15	-1.300000     
1	3	13	15	-2.400000     
1	3	11	15	2.500000     
3	4	11	12	-2.200000     
1	4	11	12	3.300000     
3	4	15	16	-2.200000     
3	4	13	16	3.300000     
3	4	11	16	4.100000     
2	4	14	16	-3.500000     
1	4	15	16	3.300000     
1	4	13	16	-4.600000     
1	4	11	16	0.300000     
4	5	12	13	-2.100000     
3	5	11	13	-4.300000     
1	5	11	13	1.200000     
4	5	12	15	3.300000     
3	5	13	15	1.700000     
3	5	11	15	1.100000     
2	5	14	15	3.800000     
1	5	13	15	2.700000     
1	5	11	15	3.400000     
5	7	11	13	-0.400000     
4	7	12	13	3.300000     
3	7	11	13	1.100000     
1	7	11	13	5.400000     
5	7	13	15	1.700000     
5	7	11	15	3.000000     
4	7	12	15	-0.400000     
3	7	13	15	3.000000     
3	7	11	15	-2.600000     
2	7	14	15	4.600000     
1	7	13	15	3.500000     
1	7	11	15	2.900000     
7	9	11	13	-0.400000     
5	9	11	13	4.100000     
4	9	12	13	4.100000     
3	9	11	13	1.900000     
1	9	11	13	6.700000     
7	9	13	15	1.700000     
7	9	11	15	3.000000     
5	9	13	15	1.900000     
5	9	11	15	1.300000     
4	9	12	15	-0.200000     
3	9	13	15	4.300000     
3	9	11	15	-2.400000     
2	9	14	15	5.400000     
1	9	13	15	4.300000     
1	9	11	15	3.100000     
9	10	11	13	2.900000     
7	10	11	13	2.300000     
5	10	11	13	3.600000     
4	10	12	13	4.500000     
3	10	11	13	2.300000     
1	10	11	13	5.700000     
9	10	13	15	2.900000     
9	10	11	15	4.200000     
7	10	13	15	2.500000     
7	10	11	15	2.500000     
5	10	13	15	3.600000     
5	10	11	15	2.100000     
4	10	12	15	1.500000     
3	10	13	15	6.100000     
3	10	11	15	-0.700000     
2	10	14	15	5.590000     
1	10	13	15	4.490000     
1	10	11	15	4.800000     
10	12	11	13	-0.400000     
9	12	11	13	2.300000     
7	12	11	13	4.700000     
5	12	11	13	6.100000     
4	12	12	13	5.090000     
3	12	11	13	2.890000     
1	12	11	13	7.000000     
10	12	13	15	1.700000     
10	12	11	15	3.000000     
9	12	13	15	3.100000     
9	12	11	15	1.500000     
7	12	13	15	2.500000     
7	12	11	15	2.700000     
5	12	13	15	3.900000     
5	12	11	15	2.100000     
4	12	12	15	1.800000     
3	12	13	15	5.700000     
3	12	11	15	-0.400000     
2	12	14	15	5.800000     
1	12	13	15	4.700000     
1	12	11	15	5.100000     
12	13	13	14	-1.100000     
12	13	11	14	3.800000     
10	13	13	14	3.800000     
10	13	11	14	-1.500000     
9	13	13	14	4.200000     
9	13	11	14	1.200000     
7	13	13	14	5.000000     
7	13	11	14	3.600000     
5	13	13	14	5.590000     
5	13	11	14	4.600000     
4	13	12	14	3.490000     
3	13	13	14	5.800000     
3	13	11	14	1.290000     
1	13	13	14	6.000000     
1	13	11	14	5.900000     
12	14	13	14	2.700000     
12	14	11	14	5.500000     
10	14	13	14	4.200000     
10	14	11	14	2.300000     
9	14	13	14	4.600000     
9	14	11	14	2.600000     
7	14	13	14	5.400000     
7	14	11	14	4.200000     
5	14	13	14	5.700000     
5	14	11	14	5.000000     
4	14	12	14	3.600000     
3	14	13	14	5.900000     
3	14	11	14	1.400000     
1	14	13	14	6.100000     
1	14	11	14	6.560000     
12	15	11	13	5.500000     
10	15	11	13	4.700000     
9	15	11	13	4.300000     
7	15	11	13	6.700000     
5	15	11	13	6.900000     
4	15	12	13	5.400000     
3	15	11	13	3.200000     
1	15	11	13	7.260000     
14	15	14	15	-1.300000     
13	15	14	15	2.500000     
12	15	13	15	1.400000     
12	15	11	15	3.700000     
10	15	13	15	2.900000     
10	15	11	15	1.000000     
9	15	13	15	3.300000     
9	15	11	15	1.300000     
7	15	13	15	4.100000     
7	15	11	15	2.900000     
5	15	13	15	4.400000     
5	15	11	15	3.700000     
4	15	12	15	2.300000     
3	15	13	15	4.600000     
3	15	11	15	0.100000     
2	15	14	15	6.100000     
1	15	13	15	4.800000     
1	15	11	15	5.260000     
15	17	11	12	1.600000     
12	17	11	12	4.100000     
10	17	11	12	4.900000     
9	17	11	12	5.090000     
7	17	11	12	5.300000     
5	17	11	12	5.500000     
3	17	11	12	5.690000     
1	17	11	12	5.840000     
15	17	15	16	1.600000     
15	17	13	16	4.800000     
15	17	11	16	4.000000     
14	17	14	16	0.300000     
13	17	14	16	2.700000     
12	17	15	16	4.100000     
12	17	13	16	1.600000     
12	17	11	16	3.000000     
10	17	15	16	4.900000     
10	17	13	16	3.900000     
10	17	11	16	1.200000     
9	17	15	16	5.090000     
9	17	13	16	4.900000     
9	17	11	16	2.900000     
7	17	15	16	5.300000     
7	17	13	16	5.200000     
7	17	11	16	4.500000     
5	17	15	16	5.500000     
5	17	13	16	5.380000     
5	17	11	16	4.800000     
4	17	12	16	3.280000     
3	17	15	16	5.690000     
3	17	13	16	6.200000     
3	17	11	16	1.080000     
2	17	14	16	4.390000     
1	17	15	16	5.840000     
1	17	13	16	3.290000     
1	17	11	16	6.580000     
17	18	12	13	-2.100000     
15	18	11	13	-0.500000     
12	18	11	13	2.000000     
10	18	11	13	2.800000     
9	18	11	13	2.990000     
7	18	11	13	3.200000     
5	18	11	13	3.400000     
4	18	12	13	5.690000     
3	18	11	13	3.490000     
1	18	11	13	3.740000     
17	18	12	15	3.300000     
15	18	13	15	2.100000     
15	18	11	15	3.700000     
14	18	14	15	4.200000     
13	18	14	15	4.600000     
12	18	13	15	3.500000     
12	18	11	15	4.700000     
10	18	13	15	5.600000     
10	18	11	15	3.100000     
9	18	13	15	6.800000     
9	18	11	15	5.400000     
7	18	13	15	5.900000     
7	18	11	15	6.400000     
5	18	13	15	6.080000     
5	18	11	15	5.500000     
4	18	12	15	3.980000     
3	18	13	15	7.340000     
3	18	11	15	1.780000     
2	18	14	15	6.340000     
1	18	13	15	5.240000     
1	18	11	15	7.280000     
18	19	13	14	-1.100000     
18	19	11	14	3.800000     
17	19	12	14	-3.200000     
15	19	13	14	4.200000     
15	19	11	14	-1.600000     
12	19	13	14	5.400000     
12	19	11	14	0.900000     
10	19	13	14	5.700000     
10	19	11	14	1.700000     
9	19	13	14	5.800000     
9	19	11	14	1.890000     
7	19	13	14	6.000000     
7	19	11	14	2.100000     
5	19	13	14	6.190000     
5	19	11	14	2.300000     
4	19	12	14	4.090000     
3	19	13	14	6.340000     
3	19	11	14	1.890000     
1	19	13	14	6.480000     
1	19	11	14	2.640000     
18	22	11	12	3.700000     
15	22	11	12	4.900000     
12	22	11	12	5.300000     
10	22	11	12	5.500000     
9	22	11	12	5.600000     
7	22	11	12	5.770000     
5	22	11	12	5.910000     
3	22	11	12	6.040000     
1	22	11	12	6.150000     
19	22	14	16	4.800000     
18	22	15	16	3.700000     
18	22	13	16	3.000000     
18	22	11	16	3.400000     
17	22	12	16	0.900000     
15	22	15	16	4.900000     
15	22	13	16	3.900000     
15	22	11	16	2.500000     
14	22	14	16	3.600000     
13	22	14	16	5.400000     
12	22	15	16	5.300000     
12	22	13	16	4.300000     
12	22	11	16	5.000000     
10	22	15	16	5.500000     
10	22	13	16	5.380000     
10	22	11	16	3.900000     
9	22	15	16	5.600000     
9	22	13	16	6.560000     
9	22	11	16	5.610000     
7	22	15	16	5.770000     
7	22	13	16	5.610000     
7	22	11	16	6.160000     
5	22	15	16	5.910000     
5	22	13	16	5.730000     
5	22	11	16	5.210000     
4	22	12	16	3.630000     
3	22	15	16	6.040000     
3	22	13	16	6.950000     
3	22	11	16	1.430000     
2	22	14	16	4.740000     
1	22	15	16	6.150000     
1	22	13	16	3.640000     
1	22	11	16	6.740000     
18	23	11	12	4.100000     
15	23	11	12	5.090000     
12	23	11	12	5.400000     
10	23	11	12	5.600000     
9	23	11	12	5.690000     
7	23	11	12	5.840000     
5	23	11	12	5.980000     
3	23	11	12	6.100000     
1	23	11	12	6.210000     
22	23	12	16	3.200000     
19	23	14	16	3.400000     
18	23	15	16	4.100000     
18	23	13	16	2.300000     
18	23	11	16	3.000000     
17	23	12	16	0.200000     
15	23	15	16	5.090000     
15	23	13	16	4.500000     
15	23	11	16	1.800000     
14	23	14	16	3.790000     
13	23	14	16	5.500000     
12	23	15	16	5.400000     
12	23	13	16	4.400000     
12	23	11	16	4.300000     
10	23	15	16	5.600000     
10	23	13	16	5.460000     
10	23	11	16	4.000000     
9	23	15	16	5.690000     
9	23	13	16	6.640000     
9	23	11	16	5.290000     
7	23	15	16	5.840000     
7	23	13	16	5.670000     
7	23	11	16	5.500000     
5	23	15	16	5.980000     
5	23	13	16	5.790000     
5	23	11	16	5.270000     
4	23	12	16	3.690000     
3	23	15	16	6.100000     
3	23	13	16	7.000000     
3	23	11	16	1.490000     
2	23	14	16	4.800000     
1	23	15	16	6.210000     
1	23	13	16	3.700000     
1	23	11	16	6.040000     
18	24	11	12	4.500000     
15	24	11	12	5.200000     
12	24	11	12	5.500000     
10	24	11	12	5.690000     
9	24	11	12	5.770000     
7	24	11	12	5.910000     
5	24	11	12	6.040000     
3	24	11	12	6.150000     
1	24	11	12	6.260000     
23	24	12	16	3.200000     
22	24	12	16	2.700000     
19	24	14	16	4.000000     
18	24	15	16	4.500000     
18	24	13	16	2.900000     
18	24	11	16	3.600000     
17	24	12	16	0.800000     
15	24	15	16	5.200000     
15	24	13	16	5.100000     
15	24	11	16	2.400000     
14	24	14	16	3.900000     
13	24	14	16	5.600000     
12	24	15	16	5.500000     
12	24	13	16	4.500000     
12	24	11	16	4.900000     
10	24	15	16	5.690000     
10	24	13	16	5.540000     
10	24	11	16	4.100000     
9	24	15	16	5.770000     
9	24	13	16	6.710000     
9	24	11	16	5.730000     
7	24	15	16	5.910000     
7	24	13	16	5.730000     
7	24	11	16	6.100000     
5	24	15	16	6.040000     
5	24	13	16	5.850000     
5	24	11	16	5.330000     
4	24	12	16	3.750000     
3	24	15	16	6.150000     
3	24	13	16	7.050000     
3	24	11	16	1.550000     
2	24	14	16	4.850000     
1	24	15	16	6.260000     
1	24	13	16	3.750000     
1	24	11	16	6.640000     
18	25	11	12	4.900000     
15	25	11	12	5.300000     
12	25	11	12	5.600000     
10	25	11	12	5.770000     
9	25	11	12	5.840000     
7	25	11	12	5.980000     
5	25	11	12	6.100000     
3	25	11	12	6.210000     
1	25	11	12	6.300000     
24	25	12	16	3.200000     
23	25	12	16	2.700000     
22	25	12	16	2.300000     
19	25	14	16	4.700000     
18	25	15	16	4.900000     
18	25	13	16	3.600000     
18	25	11	16	4.200000     
17	25	12	16	1.500000     
15	25	15	16	5.300000     
15	25	13	16	5.200000     
15	25	11	16	3.100000     
14	25	14	16	4.000000     
13	25	14	16	5.700000     
12	25	15	16	5.600000     
12	25	13	16	4.600000     
12	25	11	16	5.600000     
10	25	15	16	5.770000     
10	25	13	16	5.610000     
10	25	11	16	4.200000     
9	25	15	16	5.840000     
9	25	13	16	6.770000     
9	25	11	16	5.790000     
7	25	15	16	5.980000     
7	25	13	16	5.790000     
7	25	11	16	6.370000     
5	25	15	16	6.100000     
5	25	13	16	5.900000     
5	25	11	16	5.390000     
4	25	12	16	3.800000     
3	25	15	16	6.210000     
3	25	13	16	7.100000     
3	25	11	16	1.600000     
2	25	14	16	4.910000     
1	25	15	16	6.300000     
1	25	13	16	3.810000     
1	25	11	16	7.100000     
25	26	12	14	1.700000     
24	26	12	14	1.100000     
23	26	12	14	3.000000     
22	26	12	14	3.400000     
18	26	13	14	5.590000     
18	26	11	14	5.600000     
17	26	12	14	3.490000     
15	26	13	14	5.900000     
15	26	11	14	5.090000     
12	26	13	14	6.190000     
12	26	11	14	6.600000     
10	26	13	14	6.340000     
10	26	11	14	5.790000     
9	26	13	14	6.410000     
9	26	11	14	6.430000     
7	26	13	14	6.540000     
7	26	11	14	6.010000     
5	26	13	14	6.650000     
5	26	11	14	6.140000     
4	26	12	14	4.550000     
3	26	13	14	6.760000     
3	26	11	14	2.350000     
18	28	11	12	5.300000     
15	28	11	12	5.600000     
12	28	11	12	5.840000     
10	28	11	12	5.980000     
9	28	11	12	6.040000     
7	28	11	12	6.150000     
5	28	11	12	6.260000     
26	28	14	16	1.100000     
25	28	12	16	1.600000     
24	28	12	16	2.000000     
23	28	12	16	2.700000     
22	28	12	16	3.300000     
19	28	14	16	6.100000     
18	28	15	16	5.300000     
18	28	13	16	5.000000     
18	28	11	16	5.980000     
17	28	12	16	2.900000     
15	28	15	16	5.600000     
15	28	13	16	5.460000     
15	28	11	16	4.500000     
14	28	14	16	4.300000     
13	28	14	16	5.940000     
12	28	15	16	5.840000     
12	28	13	16	4.840000     
12	28	11	16	6.890000     
10	28	15	16	5.980000     
10	28	13	16	5.790000     
10	28	11	16	4.440000     
9	28	15	16	6.040000     
9	28	13	16	6.950000     
9	28	11	16	5.950000     
7	28	15	16	6.150000     
7	28	13	16	5.950000     
7	28	11	16	6.550000     
5	28	15	16	6.260000     
5	28	13	16	6.050000     
5	28	11	16	5.550000     
4	28	12	16	3.950000     
18	30	11	12	5.500000     
15	30	11	12	5.770000     
12	30	11	12	5.980000     
10	30	11	12	6.100000     
9	30	11	12	6.150000     
7	30	11	12	6.260000     
28	30	12	16	2.700000     
26	30	14	16	3.400000     
25	30	12	16	2.000000     
24	30	12	16	3.300000     
23	30	12	16	3.900000     
22	30	12	16	4.500000     
19	30	14	16	6.300000     
18	30	15	16	5.500000     
18	30	13	16	5.200000     
18	30	11	16	6.640000     
17	30	12	16	3.100000     
15	30	15	16	5.770000     
15	30	13	16	5.610000     
15	30	11	16	4.700000     
14	30	14	16	4.470000     
13	30	14	16	6.070000     
12	30	15	16	5.980000     
12	30	13	16	4.970000     
12	30	11	16	7.000000     
10	30	15	16	6.100000     
10	30	13	16	5.900000     
10	30	11	16	4.570000     
9	30	15	16	6.150000     
9	30	13	16	7.050000     
9	30	11	16	6.050000     
7	30	15	16	6.260000     
7	30	13	16	6.050000     
7	30	11	16	6.650000     
30	31	12	13	-2.100000     
28	31	12	13	3.300000     
25	31	12	13	4.500000     
24	31	12	13	4.900000     
23	31	12	13	5.090000     
22	31	12	13	5.200000     
18	31	11	13	3.400000     
17	31	12	13	5.690000     
15	31	11	13	3.670000     
12	31	11	13	3.880000     
10	31	11	13	4.000000     
9	31	11	13	4.050000     
7	31	11	13	4.160000     
30	31	12	15	3.300000     
28	31	12	15	0.800000     
26	31	14	15	4.600000     
25	31	12	15	3.700000     
24	31	12	15	5.000000     
23	31	12	15	5.600000     
22	31	12	15	6.200000     
19	31	14	15	6.000000     
18	31	13	15	4.900000     
18	31	11	15	6.100000     
17	31	12	15	2.800000     
15	31	13	15	6.310000     
15	31	11	15	4.400000     
14	31	14	15	6.410000     
13	31	14	15	6.480000     
12	31	13	15	5.380000     
12	31	11	15	6.640000     
10	31	13	15	6.600000     
10	31	11	15	4.980000     
9	31	13	15	7.750000     
9	31	11	15	6.750000     
7	31	13	15	6.750000     
7	31	11	15	6.950000     
31	32	11	13	2.900000     
30	32	12	13	1.700000     
28	32	12	13	3.700000     
25	32	12	13	4.900000     
24	32	12	13	5.090000     
23	32	12	13	5.200000     
22	32	12	13	5.300000     
18	32	11	13	6.160000     
17	32	12	13	5.770000     
15	32	11	13	6.370000     
12	32	11	13	6.550000     
10	32	11	13	6.650000     
9	32	11	13	5.600000     
31	32	13	15	2.900000     
31	32	11	15	4.200000     
30	32	12	15	0.800000     
28	32	12	15	3.000000     
26	32	14	15	5.000000     
25	32	12	15	4.300000     
24	32	12	15	5.600000     
23	32	12	15	6.200000     
22	32	12	15	6.300000     
19	32	14	15	6.100000     
18	32	13	15	5.000000     
18	32	11	15	6.300000     
17	32	12	15	2.900000     
15	32	13	15	6.370000     
15	32	11	15	4.500000     
14	32	14	15	6.480000     
13	32	14	15	6.540000     
12	32	13	15	5.440000     
12	32	11	15	6.780000     
10	32	13	15	6.650000     
10	32	11	15	5.040000     
9	32	13	15	7.800000     
9	32	11	15	6.790000     
32	35	11	13	3.700000     
31	35	11	13	3.000000     
30	35	12	13	4.100000     
28	35	12	13	4.900000     
25	35	12	13	5.300000     
24	35	12	13	5.400000     
23	35	12	13	5.500000     
22	35	12	13	5.600000     
18	35	11	13	7.470000     
17	35	12	13	5.980000     
15	35	11	13	7.580000     
12	35	11	13	7.800000     
32	35	13	15	1.900000     
32	35	11	15	2.600000     
31	35	13	15	3.000000     
31	35	11	15	1.200000     
30	35	12	15	0.900000     
28	35	12	15	3.900000     
26	35	14	15	5.700000     
25	35	12	15	4.500000     
24	35	12	15	5.300000     
23	35	12	15	5.380000     
22	35	12	15	5.460000     
19	35	14	15	6.340000     
18	35	13	15	5.240000     
18	35	11	15	6.400000     
17	35	12	15	3.140000     
15	35	13	15	5.450000     
15	35	11	15	4.740000     
14	35	14	15	6.650000     
13	35	14	15	6.710000     
12	35	13	15	5.610000     
12	35	11	15	6.790000     
35	36	13	14	-1.100000     
35	36	11	14	3.800000     
32	36	13	14	4.200000     
32	36	11	14	2.600000     
31	36	13	14	4.600000     
31	36	11	14	1.900000     
30	36	12	14	2.500000     
28	36	12	14	3.800000     
25	36	12	14	4.200000     
24	36	12	14	4.300000     
23	36	12	14	4.400000     
22	36	12	14	4.500000     
18	36	13	14	6.480000     
18	36	11	14	6.370000     
17	36	12	14	4.380000     
15	36	13	14	6.650000     
15	36	11	14	5.980000     
12	36	13	14	6.800000     
12	36	11	14	6.700000     
35	38	11	13	5.500000     
32	38	11	13	5.400000     
31	38	11	13	5.000000     
30	38	12	13	5.090000     
28	38	12	13	5.300000     
25	38	12	13	5.600000     
24	38	12	13	5.690000     
23	38	12	13	5.770000     
22	38	12	13	5.840000     
18	38	11	13	7.650000     
17	38	12	13	6.150000     
15	38	11	13	7.750000     
36	38	14	15	2.500000     
35	38	13	15	1.400000     
35	38	11	15	2.600000     
32	38	13	15	3.200000     
32	38	11	15	3.600000     
31	38	13	15	5.000000     
31	38	11	15	3.100000     
30	38	12	15	2.900000     
28	38	12	15	5.200000     
26	38	14	15	6.000000     
25	38	12	15	4.760000     
24	38	12	15	5.540000     
23	38	12	15	5.610000     
22	38	12	15	5.670000     
19	38	14	15	6.540000     
18	38	13	15	5.440000     
18	38	11	15	6.650000     
17	38	12	15	3.340000     
15	38	13	15	5.600000     
15	38	11	15	4.940000     
14	38	14	15	6.800000     
38	39	11	12	-2.200000     
35	39	11	12	3.700000     
32	39	11	12	4.900000     
31	39	11	12	5.090000     
18	39	11	12	6.150000     
15	39	11	12	6.300000     
38	39	15	16	-2.200000     
38	39	13	16	3.300000     
38	39	11	16	4.100000     
36	39	14	16	0.300000     
35	39	15	16	3.700000     
35	39	13	16	-0.800000     
35	39	11	16	0.400000     
32	39	15	16	4.900000     
32	39	13	16	1.000000     
32	39	11	16	1.400000     
31	39	15	16	5.090000     
31	39	13	16	2.800000     
31	39	11	16	0.900000     
30	39	12	16	0.700000     
28	39	12	16	3.000000     
26	39	14	16	3.800000     
25	39	12	16	2.560000     
24	39	12	16	3.340000     
23	39	12	16	3.410000     
22	39	12	16	3.470000     
19	39	14	16	4.340000     
18	39	15	16	6.150000     
18	39	13	16	3.240000     
18	39	11	16	4.450000     
17	39	12	16	1.140000     
15	39	15	16	6.300000     
15	39	13	16	3.400000     
15	39	11	16	2.740000     
39	40	12	13	-2.100000     
38	40	11	13	-4.300000     
35	40	11	13	1.600000     
32	40	11	13	2.800000     
31	40	11	13	2.990000     
30	40	12	13	5.300000     
28	40	12	13	5.500000     
25	40	12	13	5.770000     
24	40	12	13	5.840000     
23	40	12	13	5.910000     
22	40	12	13	5.980000     
18	40	11	13	4.050000     
17	40	12	13	6.260000     
39	40	12	15	3.300000     
38	40	13	15	1.700000     
38	40	11	15	1.100000     
36	40	14	15	4.200000     
35	40	13	15	3.100000     
35	40	11	15	4.100000     
32	40	13	15	5.600000     
32	40	11	15	5.900000     
31	40	13	15	6.800000     
31	40	11	15	5.400000     
30	40	12	15	4.700000     
28	40	12	15	6.480000     
26	40	14	15	6.190000     
25	40	12	15	6.010000     
24	40	12	15	6.770000     
23	40	12	15	6.830000     
22	40	12	15	6.890000     
19	40	14	15	6.650000     
18	40	13	15	5.550000     
18	40	11	15	7.850000     
17	40	12	15	3.450000     
40	41	11	12	-2.200000     
38	41	11	12	3.300000     
35	41	11	12	4.500000     
32	41	11	12	5.200000     
31	41	11	12	5.300000     
18	41	11	12	6.260000     
40	41	15	16	-2.200000     
40	41	13	16	3.300000     
40	41	11	16	4.100000     
39	41	12	16	1.100000     
38	41	15	16	3.300000     
38	41	13	16	-0.500000     
38	41	11	16	-1.100000     
36	41	14	16	2.000000     
35	41	15	16	4.500000     
35	41	13	16	0.900000     
35	41	11	16	1.900000     
32	41	15	16	5.200000     
32	41	13	16	3.400000     
32	41	11	16	3.700000     
31	41	15	16	5.300000     
31	41	13	16	4.600000     
31	41	11	16	3.200000     
30	41	12	16	2.500000     
28	41	12	16	4.280000     
26	41	14	16	3.990000     
25	41	12	16	3.810000     
24	41	12	16	4.570000     
23	41	12	16	4.630000     
22	41	12	16	4.690000     
19	41	14	16	4.450000     
18	41	15	16	6.260000     
18	41	13	16	3.350000     
18	41	11	16	5.650000     
17	41	12	16	1.250000     
40	43	11	12	3.300000     
38	43	11	12	4.100000     
35	43	11	12	5.090000     
32	43	11	12	5.400000     
31	43	11	12	5.500000     
41	43	12	16	2.700000     
40	43	15	16	3.300000     
40	43	13	16	-1.300000     
40	43	11	16	0.500000     
39	43	12	16	-3.400000     
38	43	15	16	4.100000     
38	43	13	16	3.700000     
38	43	11	16	-5.600000     
36	43	14	16	5.400000     
35	43	15	16	5.090000     
35	43	13	16	4.300000     
35	43	11	16	0.300000     
32	43	15	16	5.400000     
32	43	13	16	5.300000     
32	43	11	16	1.500000     
31	43	15	16	5.500000     
31	43	13	16	6.480000     
31	43	11	16	1.690000     
30	43	12	16	4.000000     
28	43	12	16	4.200000     
26	43	14	16	6.770000     
25	43	12	16	4.470000     
24	43	12	16	4.540000     
23	43	12	16	4.610000     
22	43	12	16	4.680000     
19	43	14	16	7.150000     
43	44	12	13	-2.100000     
41	44	12	13	3.300000     
40	44	11	13	1.100000     
39	44	12	13	4.100000     
38	44	11	13	1.900000     
35	44	11	13	2.990000     
32	44	11	13	3.300000     
31	44	11	13	3.400000     
30	44	12	13	5.690000     
28	44	12	13	5.840000     
25	44	12	13	6.040000     
24	44	12	13	6.100000     
23	44	12	13	6.150000     
22	44	12	13	6.210000     
43	44	12	15	3.300000     
41	44	12	15	0.800000     
40	44	13	15	4.100000     
40	44	11	15	-1.400000     
39	44	12	15	2.000000     
38	44	13	15	5.400000     
38	44	11	15	-0.200000     
36	44	14	15	5.590000     
35	44	13	15	4.490000     
35	44	11	15	5.300000     
32	44	13	15	6.000000     
32	44	11	15	6.000000     
31	44	13	15	7.180000     
31	44	11	15	6.100000     
30	44	12	15	5.080000     
28	44	12	15	6.770000     
26	44	14	15	6.480000     
25	44	12	15	6.250000     
24	44	12	15	7.000000     
23	44	12	15	7.050000     
22	44	12	15	7.100000     
44	45	11	13	2.900000     
43	45	12	13	1.700000     
41	45	12	13	3.700000     
40	45	11	13	1.500000     
39	45	12	13	4.500000     
38	45	11	13	2.300000     
35	45	11	13	5.800000     
32	45	11	13	6.080000     
31	45	11	13	5.060000     
30	45	12	13	5.770000     
28	45	12	13	5.910000     
25	45	12	13	6.100000     
24	45	12	13	6.150000     
23	45	12	13	6.210000     
22	45	12	13	6.260000     
44	45	13	15	2.900000     
44	45	11	15	4.200000     
43	45	12	15	0.800000     
41	45	12	15	3.000000     
40	45	13	15	4.700000     
40	45	11	15	0.800000     
39	45	12	15	2.600000     
38	45	13	15	6.100000     
38	45	11	15	0.400000     
36	45	14	15	5.700000     
35	45	13	15	4.600000     
35	45	11	15	5.890000     
32	45	13	15	6.080000     
32	45	11	15	6.200000     
31	45	13	15	7.260000     
31	45	11	15	6.300000     
30	45	12	15	5.160000     
28	45	12	15	6.830000     
26	45	14	15	6.540000     
25	45	12	15	6.300000     
24	45	12	15	7.050000     
23	45	12	15	7.100000     
22	45	12	15	7.150000     
45	46	11	13	2.900000     
44	46	11	13	1.700000     
43	46	12	13	3.300000     
41	46	12	13	4.100000     
40	46	11	13	1.900000     
39	46	12	13	4.900000     
38	46	11	13	2.700000     
35	46	11	13	5.900000     
32	46	11	13	6.160000     
31	46	11	13	5.140000     
30	46	12	13	5.840000     
28	46	12	13	5.980000     
25	46	12	13	6.150000     
24	46	12	13	6.210000     
23	46	12	13	6.260000     
22	46	12	13	6.300000     
45	46	13	15	2.900000     
45	46	11	15	4.200000     
44	46	13	15	1.700000     
44	46	11	15	3.000000     
43	46	12	15	-0.400000     
41	46	12	15	3.700000     
40	46	13	15	5.400000     
40	46	11	15	1.500000     
39	46	12	15	3.300000     
38	46	13	15	6.700000     
38	46	11	15	1.100000     
36	46	14	15	5.800000     
35	46	13	15	4.700000     
35	46	11	15	4.690000     
32	46	13	15	6.160000     
32	46	11	15	5.000000     
31	46	13	15	7.340000     
31	46	11	15	5.100000     
30	46	12	15	5.240000     
28	46	12	15	6.890000     
26	46	14	15	6.600000     
25	46	12	15	6.350000     
24	46	12	15	7.100000     
23	46	12	15	7.150000     
22	46	12	15	7.190000     
46	47	13	14	-1.100000     
46	47	11	14	3.800000     
45	47	13	14	2.700000     
45	47	11	14	1.800000     
44	47	13	14	3.800000     
44	47	11	14	0.600000     
43	47	12	14	1.700000     
41	47	12	14	3.000000     
40	47	13	14	5.400000     
40	47	11	14	0.800000     
39	47	12	14	3.300000     
38	47	13	14	5.700000     
38	47	11	14	1.100000     
35	47	13	14	6.000000     
35	47	11	14	4.800000     
32	47	13	14	6.270000     
32	47	11	14	5.060000     
31	47	13	14	6.340000     
31	47	11	14	4.040000     
30	47	12	14	4.240000     
28	47	12	14	4.880000     
25	47	12	14	5.050000     
24	47	12	14	5.110000     
23	47	12	14	5.160000     
46	48	13	14	2.700000     
46	48	11	14	5.500000     
45	48	13	14	3.800000     
45	48	11	14	2.200000     
44	48	13	14	4.200000     
44	48	11	14	1.900000     
43	48	12	14	2.100000     
41	48	12	14	4.700000     
40	48	13	14	5.590000     
40	48	11	14	2.500000     
39	48	12	14	3.490000     
38	48	13	14	5.800000     
38	48	11	14	1.290000     
35	48	13	14	6.100000     
35	48	11	14	6.560000     
32	48	13	14	6.340000     
32	48	11	14	6.770000     
31	48	13	14	6.410000     
31	48	11	14	5.730000     
30	48	12	14	4.310000     
28	48	12	14	6.250000     
25	48	12	14	5.700000     
24	48	12	14	6.450000     
46	49	11	12	3.300000     
45	49	11	12	3.700000     
44	49	11	12	4.100000     
40	49	11	12	5.200000     
38	49	11	12	5.400000     
35	49	11	12	5.690000     
32	49	11	12	5.910000     
31	49	11	12	5.980000     
48	49	14	16	1.400000     
47	49	14	16	1.100000     
46	49	15	16	3.300000     
46	49	13	16	0.000000     
46	49	11	16	3.000000     
45	49	15	16	3.700000     
45	49	13	16	2.300000     
45	49	11	16	1.600000     
44	49	15	16	4.100000     
44	49	13	16	3.000000     
44	49	11	16	1.200000     
43	49	12	16	0.900000     
41	49	12	16	3.800000     
40	49	15	16	5.200000     
40	49	13	16	5.500000     
40	49	11	16	1.600000     
39	49	12	16	3.400000     
38	49	15	16	5.400000     
38	49	13	16	5.700000     
38	49	11	16	1.200000     
36	49	14	16	5.780000     
35	49	15	16	5.690000     
35	49	13	16	4.680000     
35	49	11	16	5.900000     
32	49	15	16	5.910000     
32	49	13	16	5.030000     
32	49	11	16	6.160000     
31	49	15	16	5.980000     
31	49	13	16	6.190000     
31	49	11	16	5.140000     
30	49	12	16	4.090000     
28	49	12	16	5.700000     
26	49	14	16	6.400000     
25	49	12	16	5.130000     
49	51	12	14	1.100000     
46	51	13	14	4.600000     
46	51	11	14	4.400000     
45	51	13	14	5.000000     
45	51	11	14	4.000000     
44	51	13	14	5.400000     
44	51	11	14	4.600000     
43	51	12	14	3.300000     
41	51	12	14	6.200000     
40	51	13	14	5.900000     
40	51	11	14	4.000000     
39	51	12	14	3.800000     
38	51	13	14	6.100000     
38	51	11	14	1.600000     
35	51	13	14	6.340000     
35	51	11	14	6.790000     
32	51	13	14	6.540000     
32	51	11	14	7.010000     
31	51	13	14	6.600000     
31	51	11	14	6.600000     
30	51	12	14	4.500000     
28	51	12	14	7.100000     
49	53	12	13	3.700000     
46	53	11	13	6.100000     
45	53	11	13	5.600000     
44	53	11	13	5.700000     
43	53	12	13	5.300000     
41	53	12	13	5.500000     
40	53	11	13	3.300000     
39	53	12	13	5.690000     
38	53	11	13	3.490000     
35	53	11	13	7.530000     
32	53	11	13	7.700000     
31	53	11	13	6.650000     
30	53	12	13	6.260000     
51	53	14	15	2.500000     
49	53	12	15	1.900000     
48	53	14	15	4.600000     
47	53	14	15	5.000000     
46	53	13	15	3.900000     
46	53	11	15	4.200000     
45	53	13	15	5.600000     
45	53	11	15	3.700000     
44	53	13	15	5.700000     
44	53	11	15	4.300000     
43	53	12	15	3.600000     
41	53	12	15	5.380000     
40	53	13	15	6.080000     
40	53	11	15	3.180000     
39	53	12	15	3.980000     
38	53	13	15	6.240000     
38	53	11	15	1.780000     
36	53	14	15	6.410000     
35	53	13	15	5.310000     
35	53	11	15	6.550000     
32	53	13	15	5.500000     
32	53	11	15	6.700000     
31	53	13	15	6.650000     
31	53	11	15	5.650000     
30	53	12	15	4.550000     
53	54	11	13	2.900000     
49	54	12	13	4.100000     
46	54	11	13	5.600000     
45	54	11	13	4.600000     
44	54	11	13	4.700000     
43	54	12	13	5.400000     
41	54	12	13	5.600000     
40	54	11	13	3.400000     
39	54	12	13	5.770000     
38	54	11	13	3.570000     
35	54	11	13	6.490000     
32	54	11	13	6.650000     
31	54	11	13	5.600000     
30	54	12	13	6.300000     
53	54	13	15	2.900000     
53	54	11	15	4.200000     
51	54	14	15	3.800000     
49	54	12	15	3.700000     
48	54	14	15	5.000000     
47	54	14	15	5.400000     
46	54	13	15	4.300000     
46	54	11	15	5.900000     
45	54	13	15	6.800000     
45	54	11	15	5.400000     
44	54	13	15	6.900000     
44	54	11	15	6.000000     
43	54	12	15	4.800000     
41	54	12	15	6.560000     
40	54	13	15	7.260000     
40	54	11	15	4.360000     
39	54	12	15	5.160000     
38	54	13	15	7.410000     
38	54	11	15	2.960000     
36	54	14	15	6.480000     
35	54	13	15	5.380000     
35	54	11	15	7.700000     
32	54	13	15	6.650000     
32	54	11	15	7.850000     
31	54	13	15	7.800000     
31	54	11	15	6.790000     
30	54	12	15	5.700000     
54	56	11	12	1.600000     
53	56	11	12	3.300000     
46	56	11	12	5.300000     
45	56	11	12	5.400000     
44	56	11	12	5.500000     
40	56	11	12	5.840000     
38	56	11	12	5.980000     
35	56	11	12	6.150000     
32	56	11	12	6.300000     
54	56	15	16	1.600000     
54	56	13	16	4.800000     
54	56	11	16	4.000000     
53	56	15	16	3.300000     
53	56	13	16	-0.000000     
53	56	11	16	2.600000     
51	56	14	16	4.000000     
49	56	12	16	3.700000     
48	56	14	16	6.000000     
47	56	14	16	5.400000     
46	56	15	16	5.300000     
46	56	13	16	4.300000     
46	56	11	16	5.980000     
45	56	15	16	5.400000     
45	56	13	16	6.400000     
45	56	11	16	5.460000     
44	56	15	16	5.500000     
44	56	13	16	6.480000     
44	56	11	16	5.540000     
43	56	12	16	4.380000     
41	56	12	16	5.500000     
40	56	15	16	5.840000     
40	56	13	16	6.770000     
40	56	11	16	3.300000     
39	56	12	16	4.670000     
38	56	15	16	5.980000     
38	56	13	16	6.890000     
38	56	11	16	2.470000     
36	56	14	16	6.950000     
35	56	15	16	6.150000     
35	56	13	16	5.850000     
35	56	11	16	7.150000     
32	56	15	16	6.300000     
32	56	13	16	6.090000     
32	56	11	16	7.270000     
56	58	12	14	1.100000     
54	58	13	14	4.200000     
54	58	11	14	2.700000     
53	58	13	14	4.600000     
53	58	11	14	3.300000     
49	58	12	14	6.100000     
46	58	13	14	6.000000     
46	58	11	14	6.400000     
45	58	13	14	6.100000     
45	58	11	14	6.160000     
44	58	13	14	6.190000     
44	58	11	14	6.240000     
43	58	12	14	4.090000     
41	58	12	14	6.770000     
40	58	13	14	6.480000     
40	58	11	14	4.570000     
39	58	12	14	4.380000     
38	58	13	14	6.600000     
38	58	11	14	2.180000     
35	58	13	14	6.760000     
35	58	11	14	7.250000     
